        -:    0:Source:/Applications/Xcode.app/Contents/Developer/Toolchains/XcodeDefault.xctoolchain/usr/bin/../include/c++/v1/locale
        -:    0:Graph:/Users/wjp/Desktop/workspace/libasync/libasync/build/tests/CMakeFiles/tests.dir/ChaseLevDequeTOT.cc.gcno
        -:    0:Data:/Users/wjp/Desktop/workspace/libasync/libasync/build/tests/CMakeFiles/tests.dir/ChaseLevDequeTOT.cc.gcda
        -:    0:Runs:2
        -:    0:Programs:1
        -:    1:// -*- C++ -*-
        -:    2://===-------------------------- locale ------------------------------------===//
        -:    3://
        -:    4://                     The LLVM Compiler Infrastructure
        -:    5://
        -:    6:// This file is dual licensed under the MIT and the University of Illinois Open
        -:    7:// Source Licenses. See LICENSE.TXT for details.
        -:    8://
        -:    9://===----------------------------------------------------------------------===//
        -:   10:
        -:   11:#ifndef _LIBCPP_LOCALE
        -:   12:#define _LIBCPP_LOCALE
        -:   13:
        -:   14:/*
        -:   15:    locale synopsis
        -:   16:
        -:   17:namespace std
        -:   18:{
        -:   19:
        -:   20:class locale
        -:   21:{
        -:   22:public:
        -:   23:    // types:
        -:   24:    class facet;
        -:   25:    class id;
        -:   26:
        -:   27:    typedef int category;
        -:   28:    static const category // values assigned here are for exposition only
        -:   29:        none     = 0x000,
        -:   30:        collate  = 0x010,
        -:   31:        ctype    = 0x020,
        -:   32:        monetary = 0x040,
        -:   33:        numeric  = 0x080,
        -:   34:        time     = 0x100,
        -:   35:        messages = 0x200,
        -:   36:        all = collate | ctype | monetary | numeric | time | messages;
        -:   37:
        -:   38:    // construct/copy/destroy:
        -:   39:    locale() noexcept;
        -:   40:    locale(const locale& other) noexcept;
        -:   41:    explicit locale(const char* std_name);
        -:   42:    explicit locale(const string& std_name);
        -:   43:    locale(const locale& other, const char* std_name, category);
        -:   44:    locale(const locale& other, const string& std_name, category);
        -:   45:    template <class Facet> locale(const locale& other, Facet* f);
        -:   46:    locale(const locale& other, const locale& one, category);
        -:   47:
        -:   48:    ~locale(); // not virtual
        -:   49:
        -:   50:    const locale& operator=(const locale& other) noexcept;
        -:   51:
        -:   52:    template <class Facet> locale combine(const locale& other) const;
        -:   53:
        -:   54:    // locale operations:
        -:   55:    basic_string<char> name() const;
        -:   56:    bool operator==(const locale& other) const;
        -:   57:    bool operator!=(const locale& other) const;
        -:   58:    template <class charT, class Traits, class Allocator>
        -:   59:      bool operator()(const basic_string<charT,Traits,Allocator>& s1,
        -:   60:                      const basic_string<charT,Traits,Allocator>& s2) const;
        -:   61:
        -:   62:    // global locale objects:
        -:   63:    static locale global(const locale&);
        -:   64:    static const locale& classic();
        -:   65:};
        -:   66:
        -:   67:template <class Facet> const Facet& use_facet(const locale&);
        -:   68:template <class Facet> bool has_facet(const locale&) noexcept;
        -:   69:
        -:   70:// 22.3.3, convenience interfaces:
        -:   71:template <class charT> bool isspace (charT c, const locale& loc);
        -:   72:template <class charT> bool isprint (charT c, const locale& loc);
        -:   73:template <class charT> bool iscntrl (charT c, const locale& loc);
        -:   74:template <class charT> bool isupper (charT c, const locale& loc);
        -:   75:template <class charT> bool islower (charT c, const locale& loc);
        -:   76:template <class charT> bool isalpha (charT c, const locale& loc);
        -:   77:template <class charT> bool isdigit (charT c, const locale& loc);
        -:   78:template <class charT> bool ispunct (charT c, const locale& loc);
        -:   79:template <class charT> bool isxdigit(charT c, const locale& loc);
        -:   80:template <class charT> bool isalnum (charT c, const locale& loc);
        -:   81:template <class charT> bool isgraph (charT c, const locale& loc);
        -:   82:template <class charT> charT toupper(charT c, const locale& loc);
        -:   83:template <class charT> charT tolower(charT c, const locale& loc);
        -:   84:
        -:   85:template<class Codecvt, class Elem = wchar_t,
        -:   86:         class Wide_alloc = allocator<Elem>,
        -:   87:         class Byte_alloc = allocator<char>>
        -:   88:class wstring_convert
        -:   89:{
        -:   90:public:
        -:   91:    typedef basic_string<char, char_traits<char>, Byte_alloc> byte_string;
        -:   92:    typedef basic_string<Elem, char_traits<Elem>, Wide_alloc> wide_string;
        -:   93:    typedef typename Codecvt::state_type                      state_type;
        -:   94:    typedef typename wide_string::traits_type::int_type       int_type;
        -:   95:
        -:   96:    explicit wstring_convert(Codecvt* pcvt = new Codecvt);          // explicit in C++14
        -:   97:    wstring_convert(Codecvt* pcvt, state_type state);
        -:   98:    explicit wstring_convert(const byte_string& byte_err,           // explicit in C++14
        -:   99:                    const wide_string& wide_err = wide_string());
        -:  100:    wstring_convert(const wstring_convert&) = delete;               // C++14
        -:  101:    wstring_convert & operator=(const wstring_convert &) = delete;  // C++14
        -:  102:    ~wstring_convert();
        -:  103:
        -:  104:    wide_string from_bytes(char byte);
        -:  105:    wide_string from_bytes(const char* ptr);
        -:  106:    wide_string from_bytes(const byte_string& str);
        -:  107:    wide_string from_bytes(const char* first, const char* last);
        -:  108:
        -:  109:    byte_string to_bytes(Elem wchar);
        -:  110:    byte_string to_bytes(const Elem* wptr);
        -:  111:    byte_string to_bytes(const wide_string& wstr);
        -:  112:    byte_string to_bytes(const Elem* first, const Elem* last);
        -:  113:
        -:  114:    size_t converted() const; // noexcept in C++14
        -:  115:    state_type state() const;
        -:  116:};
        -:  117:
        -:  118:template <class Codecvt, class Elem = wchar_t, class Tr = char_traits<Elem>>
        -:  119:class wbuffer_convert
        -:  120:    : public basic_streambuf<Elem, Tr>
        -:  121:{
        -:  122:public:
        -:  123:    typedef typename Tr::state_type state_type;
        -:  124:
        -:  125:    explicit wbuffer_convert(streambuf* bytebuf = 0, Codecvt* pcvt = new Codecvt,
        -:  126:                    state_type state = state_type());       // explicit in C++14
        -:  127:    wbuffer_convert(const wbuffer_convert&) = delete;               // C++14
        -:  128:    wbuffer_convert & operator=(const wbuffer_convert &) = delete;  // C++14
        -:  129:    ~wbuffer_convert();                                             // C++14
        -:  130:    
        -:  131:    streambuf* rdbuf() const;
        -:  132:    streambuf* rdbuf(streambuf* bytebuf);
        -:  133:
        -:  134:    state_type state() const;
        -:  135:};
        -:  136:
        -:  137:// 22.4.1 and 22.4.1.3, ctype:
        -:  138:class ctype_base;
        -:  139:template <class charT> class ctype;
        -:  140:template <> class ctype<char>; // specialization
        -:  141:template <class charT> class ctype_byname;
        -:  142:template <> class ctype_byname<char>; // specialization
        -:  143:
        -:  144:class codecvt_base;
        -:  145:template <class internT, class externT, class stateT> class codecvt;
        -:  146:template <class internT, class externT, class stateT> class codecvt_byname;
        -:  147:
        -:  148:// 22.4.2 and 22.4.3, numeric:
        -:  149:template <class charT, class InputIterator> class num_get;
        -:  150:template <class charT, class OutputIterator> class num_put;
        -:  151:template <class charT> class numpunct;
        -:  152:template <class charT> class numpunct_byname;
        -:  153:
        -:  154:// 22.4.4, col lation:
        -:  155:template <class charT> class collate;
        -:  156:template <class charT> class collate_byname;
        -:  157:
        -:  158:// 22.4.5, date and time:
        -:  159:class time_base;
        -:  160:template <class charT, class InputIterator> class time_get;
        -:  161:template <class charT, class InputIterator> class time_get_byname;
        -:  162:template <class charT, class OutputIterator> class time_put;
        -:  163:template <class charT, class OutputIterator> class time_put_byname;
        -:  164:
        -:  165:// 22.4.6, money:
        -:  166:class money_base;
        -:  167:template <class charT, class InputIterator> class money_get;
        -:  168:template <class charT, class OutputIterator> class money_put;
        -:  169:template <class charT, bool Intl> class moneypunct;
        -:  170:template <class charT, bool Intl> class moneypunct_byname;
        -:  171:
        -:  172:// 22.4.7, message retrieval:
        -:  173:class messages_base;
        -:  174:template <class charT> class messages;
        -:  175:template <class charT> class messages_byname;
        -:  176:
        -:  177:}  // std
        -:  178:
        -:  179:*/
        -:  180:
        -:  181:#include <__config>
        -:  182:#include <__locale>
        -:  183:#include <algorithm>
        -:  184:#include <memory>
        -:  185:#include <ios>
        -:  186:#include <streambuf>
        -:  187:#include <iterator>
        -:  188:#include <limits>
        -:  189:#ifndef __APPLE__
        -:  190:#include <cstdarg>
        -:  191:#endif
        -:  192:#include <cstdlib>
        -:  193:#include <ctime>
        -:  194:#if defined(_LIBCPP_MSVCRT) || defined(__MINGW32__)
        -:  195:#include <support/win32/locale_win32.h>
        -:  196:#elif defined(_NEWLIB_VERSION)
        -:  197:// FIXME: replace all the uses of _NEWLIB_VERSION with __NEWLIB__ preceded by an
        -:  198:// include of <sys/cdefs.h> once https://sourceware.org/ml/newlib-cvs/2014-q3/msg00038.html
        -:  199:// has had a chance to bake for a bit
        -:  200:#include <support/newlib/xlocale.h>
        -:  201:#endif
        -:  202:#ifdef _LIBCPP_HAS_CATOPEN
        -:  203:#include <nl_types.h>
        -:  204:#endif
        -:  205:
        -:  206:#ifdef __APPLE__
        -:  207:#include <Availability.h>
        -:  208:#endif
        -:  209:
        -:  210:#include <__undef_min_max>
        -:  211:
        -:  212:#if !defined(_LIBCPP_HAS_NO_PRAGMA_SYSTEM_HEADER)
        -:  213:#pragma GCC system_header
        -:  214:#endif
        -:  215:
        -:  216:_LIBCPP_BEGIN_NAMESPACE_STD
        -:  217:
        -:  218:#if defined(__APPLE__) || defined(__FreeBSD__)
        -:  219:#  define _LIBCPP_GET_C_LOCALE 0
        -:  220:#elif defined(__CloudABI__) || defined(__NetBSD__)
        -:  221:#  define _LIBCPP_GET_C_LOCALE LC_C_LOCALE
        -:  222:#else
        -:  223:#  define _LIBCPP_GET_C_LOCALE __cloc()
        -:  224:   // Get the C locale object
        -:  225:   _LIBCPP_FUNC_VIS locale_t __cloc();
        -:  226:#define __cloc_defined
        -:  227:#endif
        -:  228:
        -:  229:typedef _VSTD::remove_pointer<locale_t>::type __locale_struct;
        -:  230:typedef _VSTD::unique_ptr<__locale_struct, decltype(&freelocale)> __locale_unique_ptr;
        -:  231:#ifndef _LIBCPP_LOCALE__L_EXTENSIONS
        -:  232:typedef _VSTD::unique_ptr<__locale_struct, decltype(&uselocale)> __locale_raii;
        -:  233:#endif
        -:  234:
        -:  235:// OSX has nice foo_l() functions that let you turn off use of the global
        -:  236:// locale.  Linux, not so much.  The following functions avoid the locale when
        -:  237:// that's possible and otherwise do the wrong thing.  FIXME.
        -:  238:#if defined(__linux__) || defined(__EMSCRIPTEN__) || defined(_AIX) || \
        -:  239:    defined(_NEWLIB_VERSION) || defined(__GLIBC__)
        -:  240:
        -:  241:#ifdef _LIBCPP_LOCALE__L_EXTENSIONS
        -:  242:decltype(MB_CUR_MAX_L(_VSTD::declval<locale_t>()))
        -:  243:inline _LIBCPP_INLINE_VISIBILITY
        -:  244:__mb_cur_max_l(locale_t __l)
        -:  245:{
        -:  246:  return MB_CUR_MAX_L(__l);
        -:  247:}
        -:  248:#else  // _LIBCPP_LOCALE__L_EXTENSIONS
        -:  249:inline _LIBCPP_ALWAYS_INLINE
        -:  250:decltype(MB_CUR_MAX) __mb_cur_max_l(locale_t __l)
        -:  251:{
        -:  252:  __locale_raii __current(uselocale(__l), uselocale);
        -:  253:  return MB_CUR_MAX;
        -:  254:}
        -:  255:#endif // _LIBCPP_LOCALE__L_EXTENSIONS
        -:  256:
        -:  257:inline _LIBCPP_ALWAYS_INLINE
        -:  258:wint_t __btowc_l(int __c, locale_t __l)
        -:  259:{
        -:  260:#ifdef _LIBCPP_LOCALE__L_EXTENSIONS
        -:  261:  return btowc_l(__c, __l);
        -:  262:#else
        -:  263:  __locale_raii __current(uselocale(__l), uselocale);
        -:  264:  return btowc(__c);
        -:  265:#endif
        -:  266:}
        -:  267:
        -:  268:inline _LIBCPP_ALWAYS_INLINE
        -:  269:int __wctob_l(wint_t __c, locale_t __l)
        -:  270:{
        -:  271:#ifdef _LIBCPP_LOCALE__L_EXTENSIONS
        -:  272:  return wctob_l(__c, __l);
        -:  273:#else
        -:  274:  __locale_raii __current(uselocale(__l), uselocale);
        -:  275:  return wctob(__c);
        -:  276:#endif
        -:  277:}
        -:  278:
        -:  279:inline _LIBCPP_ALWAYS_INLINE
        -:  280:size_t __wcsnrtombs_l(char *__dest, const wchar_t **__src, size_t __nwc,
        -:  281:                      size_t __len, mbstate_t *__ps, locale_t __l)
        -:  282:{
        -:  283:#ifdef _LIBCPP_LOCALE__L_EXTENSIONS
        -:  284:  return wcsnrtombs_l(__dest, __src, __nwc, __len, __ps, __l);
        -:  285:#else
        -:  286:  __locale_raii __current(uselocale(__l), uselocale);
        -:  287:  return wcsnrtombs(__dest, __src, __nwc, __len, __ps);
        -:  288:#endif
        -:  289:}
        -:  290:
        -:  291:inline _LIBCPP_ALWAYS_INLINE
        -:  292:size_t __wcrtomb_l(char *__s, wchar_t __wc, mbstate_t *__ps, locale_t __l)
        -:  293:{
        -:  294:#ifdef _LIBCPP_LOCALE__L_EXTENSIONS
        -:  295:  return wcrtomb_l(__s, __wc, __ps, __l);
        -:  296:#else
        -:  297:  __locale_raii __current(uselocale(__l), uselocale);
        -:  298:  return wcrtomb(__s, __wc, __ps);
        -:  299:#endif
        -:  300:}
        -:  301:
        -:  302:inline _LIBCPP_ALWAYS_INLINE
        -:  303:size_t __mbsnrtowcs_l(wchar_t * __dest, const char **__src, size_t __nms,
        -:  304:                      size_t __len, mbstate_t *__ps, locale_t __l)
        -:  305:{
        -:  306:#ifdef _LIBCPP_LOCALE__L_EXTENSIONS
        -:  307:  return mbsnrtowcs_l(__dest, __src, __nms, __len, __ps, __l);
        -:  308:#else
        -:  309:  __locale_raii __current(uselocale(__l), uselocale);
        -:  310:  return mbsnrtowcs(__dest, __src, __nms, __len, __ps);
        -:  311:#endif
        -:  312:}
        -:  313:
        -:  314:inline _LIBCPP_ALWAYS_INLINE
        -:  315:size_t __mbrtowc_l(wchar_t *__pwc, const char *__s, size_t __n,
        -:  316:                   mbstate_t *__ps, locale_t __l)
        -:  317:{
        -:  318:#ifdef _LIBCPP_LOCALE__L_EXTENSIONS
        -:  319:  return mbrtowc_l(__pwc, __s, __n, __ps, __l);
        -:  320:#else
        -:  321:  __locale_raii __current(uselocale(__l), uselocale);
        -:  322:  return mbrtowc(__pwc, __s, __n, __ps);
        -:  323:#endif
        -:  324:}
        -:  325:
        -:  326:inline _LIBCPP_ALWAYS_INLINE
        -:  327:int __mbtowc_l(wchar_t *__pwc, const char *__pmb, size_t __max, locale_t __l)
        -:  328:{
        -:  329:#ifdef _LIBCPP_LOCALE__L_EXTENSIONS
        -:  330:  return mbtowc_l(__pwc, __pmb, __max, __l);
        -:  331:#else
        -:  332:  __locale_raii __current(uselocale(__l), uselocale);
        -:  333:  return mbtowc(__pwc, __pmb, __max);
        -:  334:#endif
        -:  335:}
        -:  336:
        -:  337:inline _LIBCPP_ALWAYS_INLINE
        -:  338:size_t __mbrlen_l(const char *__s, size_t __n, mbstate_t *__ps, locale_t __l)
        -:  339:{
        -:  340:#ifdef _LIBCPP_LOCALE__L_EXTENSIONS
        -:  341:  return mbrlen_l(__s, __n, __ps, __l);
        -:  342:#else
        -:  343:  __locale_raii __current(uselocale(__l), uselocale);
        -:  344:  return mbrlen(__s, __n, __ps);
        -:  345:#endif
        -:  346:}
        -:  347:
        -:  348:inline _LIBCPP_ALWAYS_INLINE
        -:  349:lconv *__localeconv_l(locale_t __l)
        -:  350:{
        -:  351:#ifdef _LIBCPP_LOCALE__L_EXTENSIONS
        -:  352:  return localeconv_l(__l);
        -:  353:#else
        -:  354:  __locale_raii __current(uselocale(__l), uselocale);
        -:  355:  return localeconv();
        -:  356:#endif
        -:  357:}
        -:  358:
        -:  359:inline _LIBCPP_ALWAYS_INLINE
        -:  360:size_t __mbsrtowcs_l(wchar_t *__dest, const char **__src, size_t __len,
        -:  361:                     mbstate_t *__ps, locale_t __l)
        -:  362:{
        -:  363:#ifdef _LIBCPP_LOCALE__L_EXTENSIONS
        -:  364:  return mbsrtowcs_l(__dest, __src, __len, __ps, __l);
        -:  365:#else
        -:  366:  __locale_raii __current(uselocale(__l), uselocale);
        -:  367:  return mbsrtowcs(__dest, __src, __len, __ps);
        -:  368:#endif
        -:  369:}
        -:  370:
        -:  371:inline
        -:  372:int __snprintf_l(char *__s, size_t __n, locale_t __l, const char *__format, ...) {
        -:  373:  va_list __va;
        -:  374:  va_start(__va, __format);
        -:  375:#ifdef _LIBCPP_LOCALE__L_EXTENSIONS
        -:  376:  int __res = vsnprintf_l(__s, __n, __l, __format, __va);
        -:  377:#else
        -:  378:  __locale_raii __current(uselocale(__l), uselocale);
        -:  379:  int __res = vsnprintf(__s, __n, __format, __va);
        -:  380:#endif
        -:  381:  va_end(__va);
        -:  382:  return __res;
        -:  383:}
        -:  384:
        -:  385:inline
        -:  386:int __asprintf_l(char **__s, locale_t __l, const char *__format, ...) {
        -:  387:  va_list __va;
        -:  388:  va_start(__va, __format);
        -:  389:#ifdef _LIBCPP_LOCALE__L_EXTENSIONS
        -:  390:  int __res = vasprintf_l(__s, __l, __format, __va);
        -:  391:#else
        -:  392:  __locale_raii __current(uselocale(__l), uselocale);
        -:  393:  int __res = vasprintf(__s, __format, __va);
        -:  394:#endif
        -:  395:  va_end(__va);
        -:  396:  return __res;
        -:  397:}
        -:  398:
        -:  399:inline
        -:  400:int __sscanf_l(const char *__s, locale_t __l, const char *__format, ...) {
        -:  401:  va_list __va;
        -:  402:  va_start(__va, __format);
        -:  403:#ifdef _LIBCPP_LOCALE__L_EXTENSIONS
        -:  404:  int __res = vsscanf_l(__s, __l, __format, __va);
        -:  405:#else
        -:  406:  __locale_raii __current(uselocale(__l), uselocale);
        -:  407:  int __res = vsscanf(__s, __format, __va);
        -:  408:#endif
        -:  409:  va_end(__va);
        -:  410:  return __res;
        -:  411:}
        -:  412:
        -:  413:#endif  // __linux__
        -:  414:
        -:  415:// __scan_keyword
        -:  416:// Scans [__b, __e) until a match is found in the basic_strings range
        -:  417://  [__kb, __ke) or until it can be shown that there is no match in [__kb, __ke).
        -:  418://  __b will be incremented (visibly), consuming CharT until a match is found
        -:  419://  or proved to not exist.  A keyword may be "", in which will match anything.
        -:  420://  If one keyword is a prefix of another, and the next CharT in the input
        -:  421://  might match another keyword, the algorithm will attempt to find the longest
        -:  422://  matching keyword.  If the longer matching keyword ends up not matching, then
        -:  423://  no keyword match is found.  If no keyword match is found, __ke is returned
        -:  424://  and failbit is set in __err.
        -:  425://  Else an iterator pointing to the matching keyword is found.  If more than
        -:  426://  one keyword matches, an iterator to the first matching keyword is returned.
        -:  427://  If on exit __b == __e, eofbit is set in __err.  If __case_sensitive is false,
        -:  428://  __ct is used to force to lower case before comparing characters.
        -:  429://  Examples:
        -:  430://  Keywords:  "a", "abb"
        -:  431://  If the input is "a", the first keyword matches and eofbit is set.
        -:  432://  If the input is "abc", no match is found and "ab" are consumed.
        -:  433:template <class _InputIterator, class _ForwardIterator, class _Ctype>
        -:  434:_LIBCPP_HIDDEN
        -:  435:_ForwardIterator
        -:  436:__scan_keyword(_InputIterator& __b, _InputIterator __e,
        -:  437:               _ForwardIterator __kb, _ForwardIterator __ke,
        -:  438:               const _Ctype& __ct, ios_base::iostate& __err,
        -:  439:               bool __case_sensitive = true)
        -:  440:{
        -:  441:    typedef typename iterator_traits<_InputIterator>::value_type _CharT;
        -:  442:    size_t __nkw = static_cast<size_t>(_VSTD::distance(__kb, __ke));
        -:  443:    const unsigned char __doesnt_match = '\0';
        -:  444:    const unsigned char __might_match = '\1';
        -:  445:    const unsigned char __does_match = '\2';
        -:  446:    unsigned char __statbuf[100];
        -:  447:    unsigned char* __status = __statbuf;
        -:  448:    unique_ptr<unsigned char, void(*)(void*)> __stat_hold(0, free);
        -:  449:    if (__nkw > sizeof(__statbuf))
        -:  450:    {
        -:  451:        __status = (unsigned char*)malloc(__nkw);
        -:  452:        if (__status == 0)
        -:  453:            __throw_bad_alloc();
        -:  454:        __stat_hold.reset(__status);
        -:  455:    }
        -:  456:    size_t __n_might_match = __nkw;  // At this point, any keyword might match
        -:  457:    size_t __n_does_match = 0;       // but none of them definitely do
        -:  458:    // Initialize all statuses to __might_match, except for "" keywords are __does_match
        -:  459:    unsigned char* __st = __status;
        -:  460:    for (_ForwardIterator __ky = __kb; __ky != __ke; ++__ky, (void) ++__st)
        -:  461:    {
        -:  462:        if (!__ky->empty())
        -:  463:            *__st = __might_match;
        -:  464:        else
        -:  465:        {
        -:  466:            *__st = __does_match;
        -:  467:            --__n_might_match;
        -:  468:            ++__n_does_match;
        -:  469:        }
        -:  470:    }
        -:  471:    // While there might be a match, test keywords against the next CharT
        -:  472:    for (size_t __indx = 0; __b != __e && __n_might_match > 0; ++__indx)
        -:  473:    {
        -:  474:        // Peek at the next CharT but don't consume it
        -:  475:        _CharT __c = *__b;
        -:  476:        if (!__case_sensitive)
        -:  477:            __c = __ct.toupper(__c);
        -:  478:        bool __consume = false;
        -:  479:        // For each keyword which might match, see if the __indx character is __c
        -:  480:        // If a match if found, consume __c
        -:  481:        // If a match is found, and that is the last character in the keyword,
        -:  482:        //    then that keyword matches.
        -:  483:        // If the keyword doesn't match this character, then change the keyword
        -:  484:        //    to doesn't match
        -:  485:        __st = __status;
        -:  486:        for (_ForwardIterator __ky = __kb; __ky != __ke; ++__ky, (void) ++__st)
        -:  487:        {
        -:  488:            if (*__st == __might_match)
        -:  489:            {
        -:  490:                _CharT __kc = (*__ky)[__indx];
        -:  491:                if (!__case_sensitive)
        -:  492:                    __kc = __ct.toupper(__kc);
        -:  493:                if (__c == __kc)
        -:  494:                {
        -:  495:                    __consume = true;
        -:  496:                    if (__ky->size() == __indx+1)
        -:  497:                    {
        -:  498:                        *__st = __does_match;
        -:  499:                        --__n_might_match;
        -:  500:                        ++__n_does_match;
        -:  501:                    }
        -:  502:                }
        -:  503:                else
        -:  504:                {
        -:  505:                    *__st = __doesnt_match;
        -:  506:                    --__n_might_match;
        -:  507:                }
        -:  508:            }
        -:  509:        }
        -:  510:        // consume if we matched a character
        -:  511:        if (__consume)
        -:  512:        {
        -:  513:            ++__b;
        -:  514:            // If we consumed a character and there might be a matched keyword that
        -:  515:            //   was marked matched on a previous iteration, then such keywords
        -:  516:            //   which are now marked as not matching.
        -:  517:            if (__n_might_match + __n_does_match > 1)
        -:  518:            {
        -:  519:                __st = __status;
        -:  520:                for (_ForwardIterator __ky = __kb; __ky != __ke; ++__ky, (void) ++__st)
        -:  521:                {
        -:  522:                    if (*__st == __does_match && __ky->size() != __indx+1)
        -:  523:                    {
        -:  524:                        *__st = __doesnt_match;
        -:  525:                        --__n_does_match;
        -:  526:                    }
        -:  527:                }
        -:  528:            }
        -:  529:        }
        -:  530:    }
        -:  531:    // We've exited the loop because we hit eof and/or we have no more "might matches".
        -:  532:    if (__b == __e)
        -:  533:        __err |= ios_base::eofbit;
        -:  534:    // Return the first matching result
        -:  535:    for (__st = __status; __kb != __ke; ++__kb, (void) ++__st)
        -:  536:        if (*__st == __does_match)
        -:  537:            break;
        -:  538:    if (__kb == __ke)
        -:  539:        __err |= ios_base::failbit;
        -:  540:    return __kb;
        -:  541:}
        -:  542:
        -:  543:struct _LIBCPP_TYPE_VIS __num_get_base
        -:  544:{
        -:  545:    static const int __num_get_buf_sz = 40;
        -:  546:
        -:  547:    static int __get_base(ios_base&);
        -:  548:    static const char __src[33];
        -:  549:};
        -:  550:
        -:  551:_LIBCPP_FUNC_VIS
        -:  552:void __check_grouping(const string& __grouping, unsigned* __g, unsigned* __g_end,
        -:  553:                      ios_base::iostate& __err);
        -:  554:
        -:  555:template <class _CharT>
        -:  556:struct __num_get
        -:  557:    : protected __num_get_base
        -:  558:{
        -:  559:    static string __stage2_int_prep(ios_base& __iob, _CharT* __atoms, _CharT& __thousands_sep);
        -:  560:    static string __stage2_float_prep(ios_base& __iob, _CharT* __atoms, _CharT& __decimal_point,
        -:  561:                                      _CharT& __thousands_sep);
        -:  562:    static int __stage2_int_loop(_CharT __ct, int __base, char* __a, char*& __a_end,
        -:  563:                  unsigned& __dc, _CharT __thousands_sep, const string& __grouping,
        -:  564:                  unsigned* __g, unsigned*& __g_end, _CharT* __atoms);
        -:  565:    static int __stage2_float_loop(_CharT __ct, bool& __in_units, char& __exp,
        -:  566:                                   char* __a, char*& __a_end,
        -:  567:                                   _CharT __decimal_point, _CharT __thousands_sep,
        -:  568:                                   const string& __grouping, unsigned* __g,
        -:  569:                                   unsigned*& __g_end, unsigned& __dc, _CharT* __atoms);
        -:  570:};
        -:  571:
        -:  572:template <class _CharT>
        -:  573:string
        -:  574:__num_get<_CharT>::__stage2_int_prep(ios_base& __iob, _CharT* __atoms, _CharT& __thousands_sep)
        -:  575:{
        -:  576:    locale __loc = __iob.getloc();
        -:  577:    use_facet<ctype<_CharT> >(__loc).widen(__src, __src + 26, __atoms);
        -:  578:    const numpunct<_CharT>& __np = use_facet<numpunct<_CharT> >(__loc);
        -:  579:    __thousands_sep = __np.thousands_sep();
        -:  580:    return __np.grouping();
        -:  581:}
        -:  582:
        -:  583:template <class _CharT>
        -:  584:string
        -:  585:__num_get<_CharT>::__stage2_float_prep(ios_base& __iob, _CharT* __atoms, _CharT& __decimal_point,
        -:  586:                    _CharT& __thousands_sep)
        -:  587:{
        -:  588:    locale __loc = __iob.getloc();
        -:  589:    use_facet<ctype<_CharT> >(__loc).widen(__src, __src + 32, __atoms);
        -:  590:    const numpunct<_CharT>& __np = use_facet<numpunct<_CharT> >(__loc);
        -:  591:    __decimal_point = __np.decimal_point();
        -:  592:    __thousands_sep = __np.thousands_sep();
        -:  593:    return __np.grouping();
        -:  594:}
        -:  595:
        -:  596:template <class _CharT>
        -:  597:int
        -:  598:__num_get<_CharT>::__stage2_int_loop(_CharT __ct, int __base, char* __a, char*& __a_end,
        -:  599:                  unsigned& __dc, _CharT __thousands_sep, const string& __grouping,
        -:  600:                  unsigned* __g, unsigned*& __g_end, _CharT* __atoms)
        -:  601:{
        -:  602:    if (__a_end == __a && (__ct == __atoms[24] || __ct == __atoms[25]))
        -:  603:    {
        -:  604:        *__a_end++ = __ct == __atoms[24] ? '+' : '-';
        -:  605:        __dc = 0;
        -:  606:        return 0;
        -:  607:    }
        -:  608:    if (__grouping.size() != 0 && __ct == __thousands_sep)
        -:  609:    {
        -:  610:        if (__g_end-__g < __num_get_buf_sz)
        -:  611:        {
        -:  612:            *__g_end++ = __dc;
        -:  613:            __dc = 0;
        -:  614:        }
        -:  615:        return 0;
        -:  616:    }
        -:  617:    ptrdiff_t __f = find(__atoms, __atoms + 26, __ct) - __atoms;
        -:  618:    if (__f >= 24)
        -:  619:        return -1;
        -:  620:    switch (__base)
        -:  621:    {
        -:  622:    case 8:
        -:  623:    case 10:
        -:  624:        if (__f >= __base)
        -:  625:            return -1;
        -:  626:        break;
        -:  627:    case 16:
        -:  628:        if (__f < 22)
        -:  629:            break;
        -:  630:        if (__a_end != __a && __a_end - __a <= 2 && __a_end[-1] == '0')
        -:  631:        {
        -:  632:            __dc = 0;
        -:  633:            *__a_end++ = __src[__f];
        -:  634:            return 0;
        -:  635:        }
        -:  636:        return -1;
        -:  637:    }
        -:  638:    *__a_end++ = __src[__f];
        -:  639:    ++__dc;
        -:  640:    return 0;
        -:  641:}
        -:  642:
        -:  643:template <class _CharT>
        -:  644:int
        -:  645:__num_get<_CharT>::__stage2_float_loop(_CharT __ct, bool& __in_units, char& __exp, char* __a, char*& __a_end,
        -:  646:                    _CharT __decimal_point, _CharT __thousands_sep, const string& __grouping,
        -:  647:                    unsigned* __g, unsigned*& __g_end, unsigned& __dc, _CharT* __atoms)
        -:  648:{
        -:  649:    if (__ct == __decimal_point)
        -:  650:    {
        -:  651:        if (!__in_units)
        -:  652:            return -1;
        -:  653:        __in_units = false;
        -:  654:        *__a_end++ = '.';
        -:  655:        if (__grouping.size() != 0 && __g_end-__g < __num_get_buf_sz)
        -:  656:            *__g_end++ = __dc;
        -:  657:        return 0;
        -:  658:    }
        -:  659:    if (__ct == __thousands_sep && __grouping.size() != 0)
        -:  660:    {
        -:  661:        if (!__in_units)
        -:  662:            return -1;
        -:  663:        if (__g_end-__g < __num_get_buf_sz)
        -:  664:        {
        -:  665:            *__g_end++ = __dc;
        -:  666:            __dc = 0;
        -:  667:        }
        -:  668:        return 0;
        -:  669:    }
        -:  670:    ptrdiff_t __f = find(__atoms, __atoms + 32, __ct) - __atoms;
        -:  671:    if (__f >= 32)
        -:  672:        return -1;
        -:  673:    char __x = __src[__f];
        -:  674:    if (__x == '-' || __x == '+')
        -:  675:    {
        -:  676:        if (__a_end == __a || (__a_end[-1] & 0x5F) == (__exp & 0x7F))
        -:  677:        {
        -:  678:            *__a_end++ = __x;
        -:  679:            return 0;
        -:  680:        }
        -:  681:        return -1;
        -:  682:    }
        -:  683:    if (__x == 'x' || __x == 'X')
        -:  684:        __exp = 'P';
        -:  685:    else if ((__x & 0x5F) == __exp)
        -:  686:    {
        -:  687:        __exp |= 0x80;
        -:  688:        if (__in_units)
        -:  689:        {
        -:  690:            __in_units = false;
        -:  691:            if (__grouping.size() != 0 && __g_end-__g < __num_get_buf_sz)
        -:  692:                *__g_end++ = __dc;
        -:  693:        }
        -:  694:    }
        -:  695:    *__a_end++ = __x;
        -:  696:    if (__f >= 22)
        -:  697:        return 0;
        -:  698:    ++__dc;
        -:  699:    return 0;
        -:  700:}
        -:  701:
        -:  702:_LIBCPP_EXTERN_TEMPLATE2(struct _LIBCPP_TYPE_VIS __num_get<char>)
        -:  703:_LIBCPP_EXTERN_TEMPLATE2(struct _LIBCPP_TYPE_VIS __num_get<wchar_t>)
        -:  704:
        -:  705:template <class _CharT, class _InputIterator = istreambuf_iterator<_CharT> >
        -:  706:class _LIBCPP_TYPE_VIS_ONLY num_get
        -:  707:    : public locale::facet,
        -:  708:      private __num_get<_CharT>
        -:  709:{
        -:  710:public:
        -:  711:    typedef _CharT char_type;
        -:  712:    typedef _InputIterator iter_type;
        -:  713:
        -:  714:    _LIBCPP_ALWAYS_INLINE
        -:  715:    explicit num_get(size_t __refs = 0)
        -:  716:        : locale::facet(__refs) {}
        -:  717:
        -:  718:    _LIBCPP_ALWAYS_INLINE
        -:  719:    iter_type get(iter_type __b, iter_type __e, ios_base& __iob,
        -:  720:                  ios_base::iostate& __err, bool& __v) const
        -:  721:    {
        -:  722:        return do_get(__b, __e, __iob, __err, __v);
        -:  723:    }
        -:  724:
        -:  725:    _LIBCPP_ALWAYS_INLINE
        -:  726:    iter_type get(iter_type __b, iter_type __e, ios_base& __iob,
        -:  727:                  ios_base::iostate& __err, long& __v) const
        -:  728:    {
        -:  729:        return do_get(__b, __e, __iob, __err, __v);
        -:  730:    }
        -:  731:
        -:  732:    _LIBCPP_ALWAYS_INLINE
        -:  733:    iter_type get(iter_type __b, iter_type __e, ios_base& __iob,
        -:  734:                  ios_base::iostate& __err, long long& __v) const
        -:  735:    {
        -:  736:        return do_get(__b, __e, __iob, __err, __v);
        -:  737:    }
        -:  738:
        -:  739:    _LIBCPP_ALWAYS_INLINE
        -:  740:    iter_type get(iter_type __b, iter_type __e, ios_base& __iob,
        -:  741:                  ios_base::iostate& __err, unsigned short& __v) const
        -:  742:    {
        -:  743:        return do_get(__b, __e, __iob, __err, __v);
        -:  744:    }
        -:  745:
        -:  746:    _LIBCPP_ALWAYS_INLINE
        -:  747:    iter_type get(iter_type __b, iter_type __e, ios_base& __iob,
        -:  748:                  ios_base::iostate& __err, unsigned int& __v) const
        -:  749:    {
        -:  750:        return do_get(__b, __e, __iob, __err, __v);
        -:  751:    }
        -:  752:
        -:  753:    _LIBCPP_ALWAYS_INLINE
        -:  754:    iter_type get(iter_type __b, iter_type __e, ios_base& __iob,
        -:  755:                  ios_base::iostate& __err, unsigned long& __v) const
        -:  756:    {
        -:  757:        return do_get(__b, __e, __iob, __err, __v);
        -:  758:    }
        -:  759:
        -:  760:    _LIBCPP_ALWAYS_INLINE
        -:  761:    iter_type get(iter_type __b, iter_type __e, ios_base& __iob,
        -:  762:                  ios_base::iostate& __err, unsigned long long& __v) const
        -:  763:    {
        -:  764:        return do_get(__b, __e, __iob, __err, __v);
        -:  765:    }
        -:  766:
        -:  767:    _LIBCPP_ALWAYS_INLINE
        -:  768:    iter_type get(iter_type __b, iter_type __e, ios_base& __iob,
        -:  769:                  ios_base::iostate& __err, float& __v) const
        -:  770:    {
        -:  771:        return do_get(__b, __e, __iob, __err, __v);
        -:  772:    }
        -:  773:
        -:  774:    _LIBCPP_ALWAYS_INLINE
        -:  775:    iter_type get(iter_type __b, iter_type __e, ios_base& __iob,
        -:  776:                  ios_base::iostate& __err, double& __v) const
        -:  777:    {
        -:  778:        return do_get(__b, __e, __iob, __err, __v);
        -:  779:    }
        -:  780:
        -:  781:    _LIBCPP_ALWAYS_INLINE
        -:  782:    iter_type get(iter_type __b, iter_type __e, ios_base& __iob,
        -:  783:                  ios_base::iostate& __err, long double& __v) const
        -:  784:    {
        -:  785:        return do_get(__b, __e, __iob, __err, __v);
        -:  786:    }
        -:  787:
        -:  788:    _LIBCPP_ALWAYS_INLINE
        -:  789:    iter_type get(iter_type __b, iter_type __e, ios_base& __iob,
        -:  790:                  ios_base::iostate& __err, void*& __v) const
        -:  791:    {
        -:  792:        return do_get(__b, __e, __iob, __err, __v);
        -:  793:    }
        -:  794:
        -:  795:    static locale::id id;
        -:  796:
        -:  797:protected:
        -:  798:    _LIBCPP_ALWAYS_INLINE
        -:  799:    ~num_get() {}
        -:  800:
        -:  801:    template <class _Fp>
        -:  802:    iter_type __do_get_floating_point
        -:  803:                            (iter_type __b, iter_type __e, ios_base& __iob,
        -:  804:                             ios_base::iostate& __err, _Fp& __v) const;
        -:  805:
        -:  806:    template <class _Signed>
        -:  807:    iter_type __do_get_signed
        -:  808:                            (iter_type __b, iter_type __e, ios_base& __iob,
        -:  809:                             ios_base::iostate& __err, _Signed& __v) const;
        -:  810:
        -:  811:    template <class _Unsigned>
        -:  812:    iter_type __do_get_unsigned
        -:  813:                            (iter_type __b, iter_type __e, ios_base& __iob,
        -:  814:                             ios_base::iostate& __err, _Unsigned& __v) const;
        -:  815:
        -:  816:
        -:  817:    virtual iter_type do_get(iter_type __b, iter_type __e, ios_base& __iob,
        -:  818:                             ios_base::iostate& __err, bool& __v) const;
        -:  819:
        -:  820:    virtual iter_type do_get(iter_type __b, iter_type __e, ios_base& __iob,
        -:  821:                             ios_base::iostate& __err, long& __v) const
        -:  822:    { return this->__do_get_signed ( __b, __e, __iob, __err, __v ); }
        -:  823:
        -:  824:    virtual iter_type do_get(iter_type __b, iter_type __e, ios_base& __iob,
        -:  825:                             ios_base::iostate& __err, long long& __v) const
        -:  826:    { return this->__do_get_signed ( __b, __e, __iob, __err, __v ); }
        -:  827:
        -:  828:    virtual iter_type do_get(iter_type __b, iter_type __e, ios_base& __iob,
        -:  829:                             ios_base::iostate& __err, unsigned short& __v) const
        -:  830:    { return this->__do_get_unsigned ( __b, __e, __iob, __err, __v ); }
        -:  831:
        -:  832:    virtual iter_type do_get(iter_type __b, iter_type __e, ios_base& __iob,
        -:  833:                             ios_base::iostate& __err, unsigned int& __v) const
        -:  834:    { return this->__do_get_unsigned ( __b, __e, __iob, __err, __v ); }
        -:  835:
        -:  836:    virtual iter_type do_get(iter_type __b, iter_type __e, ios_base& __iob,
        -:  837:                             ios_base::iostate& __err, unsigned long& __v) const
        -:  838:    { return this->__do_get_unsigned ( __b, __e, __iob, __err, __v ); }
        -:  839:
        -:  840:    virtual iter_type do_get(iter_type __b, iter_type __e, ios_base& __iob,
        -:  841:                             ios_base::iostate& __err, unsigned long long& __v) const
        -:  842:    { return this->__do_get_unsigned ( __b, __e, __iob, __err, __v ); }
        -:  843:
        -:  844:    virtual iter_type do_get(iter_type __b, iter_type __e, ios_base& __iob,
        -:  845:                             ios_base::iostate& __err, float& __v) const
        -:  846:    { return this->__do_get_floating_point ( __b, __e, __iob, __err, __v ); }
        -:  847:
        -:  848:    virtual iter_type do_get(iter_type __b, iter_type __e, ios_base& __iob,
        -:  849:                             ios_base::iostate& __err, double& __v) const
        -:  850:    { return this->__do_get_floating_point ( __b, __e, __iob, __err, __v ); }
        -:  851:
        -:  852:    virtual iter_type do_get(iter_type __b, iter_type __e, ios_base& __iob,
        -:  853:                             ios_base::iostate& __err, long double& __v) const
        -:  854:    { return this->__do_get_floating_point ( __b, __e, __iob, __err, __v ); }
        -:  855:
        -:  856:    virtual iter_type do_get(iter_type __b, iter_type __e, ios_base& __iob,
        -:  857:                             ios_base::iostate& __err, void*& __v) const;
        -:  858:};
        -:  859:
        -:  860:template <class _CharT, class _InputIterator>
        -:  861:locale::id
        -:  862:num_get<_CharT, _InputIterator>::id;
        -:  863:
        -:  864:template <class _Tp>
        -:  865:_Tp
        -:  866:__num_get_signed_integral(const char* __a, const char* __a_end,
        -:  867:                          ios_base::iostate& __err, int __base)
        -:  868:{
        -:  869:    if (__a != __a_end)
        -:  870:    {
        -:  871:        typename remove_reference<decltype(errno)>::type __save_errno = errno;
        -:  872:        errno = 0;
        -:  873:        char *__p2;
        -:  874:        long long __ll = strtoll_l(__a, &__p2, __base, _LIBCPP_GET_C_LOCALE);
        -:  875:        typename remove_reference<decltype(errno)>::type __current_errno = errno;
        -:  876:        if (__current_errno == 0)
        -:  877:            errno = __save_errno;
        -:  878:        if (__p2 != __a_end)
        -:  879:        {
        -:  880:            __err = ios_base::failbit;
        -:  881:            return 0;
        -:  882:        }
        -:  883:        else if (__current_errno == ERANGE         ||
        -:  884:                 __ll < numeric_limits<_Tp>::min() ||
        -:  885:                 numeric_limits<_Tp>::max() < __ll)
        -:  886:        {
        -:  887:            __err = ios_base::failbit;
        -:  888:            if (__ll > 0)
        -:  889:                return numeric_limits<_Tp>::max();
        -:  890:            else
        -:  891:                return numeric_limits<_Tp>::min();
        -:  892:        }
        -:  893:        return static_cast<_Tp>(__ll);
        -:  894:    }
        -:  895:    __err = ios_base::failbit;
        -:  896:    return 0;
        -:  897:}
        -:  898:
        -:  899:template <class _Tp>
        -:  900:_Tp
        -:  901:__num_get_unsigned_integral(const char* __a, const char* __a_end,
        -:  902:                            ios_base::iostate& __err, int __base)
        -:  903:{
        -:  904:    if (__a != __a_end)
        -:  905:    {
        -:  906:        if (*__a == '-')
        -:  907:        {
        -:  908:            __err = ios_base::failbit;
        -:  909:            return 0;
        -:  910:        }
        -:  911:        typename remove_reference<decltype(errno)>::type __save_errno = errno;
        -:  912:        errno = 0;
        -:  913:        char *__p2;
        -:  914:        unsigned long long __ll = strtoull_l(__a, &__p2, __base, _LIBCPP_GET_C_LOCALE);
        -:  915:        typename remove_reference<decltype(errno)>::type __current_errno = errno;
        -:  916:        if (__current_errno == 0)
        -:  917:            errno = __save_errno;
        -:  918:        if (__p2 != __a_end)
        -:  919:        {
        -:  920:            __err = ios_base::failbit;
        -:  921:            return 0;
        -:  922:        }
        -:  923:        else if (__current_errno == ERANGE ||
        -:  924:                 numeric_limits<_Tp>::max() < __ll)
        -:  925:        {
        -:  926:            __err = ios_base::failbit;
        -:  927:            return numeric_limits<_Tp>::max();
        -:  928:        }
        -:  929:        return static_cast<_Tp>(__ll);
        -:  930:    }
        -:  931:    __err = ios_base::failbit;
        -:  932:    return 0;
        -:  933:}
        -:  934:
        -:  935:template <class _Tp>
        -:  936:_Tp
        -:  937:__num_get_float(const char* __a, const char* __a_end, ios_base::iostate& __err)
        -:  938:{
        -:  939:    if (__a != __a_end)
        -:  940:    {
        -:  941:        typename remove_reference<decltype(errno)>::type __save_errno = errno;
        -:  942:        errno = 0;
        -:  943:        char *__p2;
        -:  944:        long double __ld = strtold_l(__a, &__p2, _LIBCPP_GET_C_LOCALE);
        -:  945:        typename remove_reference<decltype(errno)>::type __current_errno = errno;
        -:  946:        if (__current_errno == 0)
        -:  947:            errno = __save_errno;
        -:  948:        if (__p2 != __a_end)
        -:  949:        {
        -:  950:            __err = ios_base::failbit;
        -:  951:            return 0;
        -:  952:        }
        -:  953:        else if (__current_errno == ERANGE)
        -:  954:            __err = ios_base::failbit;
        -:  955:        return static_cast<_Tp>(__ld);
        -:  956:    }
        -:  957:    __err = ios_base::failbit;
        -:  958:    return 0;
        -:  959:}
        -:  960:
        -:  961:template <class _CharT, class _InputIterator>
        -:  962:_InputIterator
        -:  963:num_get<_CharT, _InputIterator>::do_get(iter_type __b, iter_type __e,
        -:  964:                                        ios_base& __iob,
        -:  965:                                        ios_base::iostate& __err,
        -:  966:                                        bool& __v) const
        -:  967:{
        -:  968:    if ((__iob.flags() & ios_base::boolalpha) == 0)
        -:  969:    {
        -:  970:        long __lv = -1;
        -:  971:        __b = do_get(__b, __e, __iob, __err, __lv);
        -:  972:        switch (__lv)
        -:  973:        {
        -:  974:        case 0:
        -:  975:            __v = false;
        -:  976:            break;
        -:  977:        case 1:
        -:  978:            __v = true;
        -:  979:            break;
        -:  980:        default:
        -:  981:            __v = true;
        -:  982:            __err = ios_base::failbit;
        -:  983:            break;
        -:  984:        }
        -:  985:        return __b;
        -:  986:    }
        -:  987:    const ctype<_CharT>& __ct = use_facet<ctype<_CharT> >(__iob.getloc());
        -:  988:    const numpunct<_CharT>& __np = use_facet<numpunct<_CharT> >(__iob.getloc());
        -:  989:    typedef typename numpunct<_CharT>::string_type string_type;
        -:  990:    const string_type __names[2] = {__np.truename(), __np.falsename()};
        -:  991:    const string_type* __i = __scan_keyword(__b, __e, __names, __names+2,
        -:  992:                                            __ct, __err);
        -:  993:    __v = __i == __names;
        -:  994:    return __b;
        -:  995:}
        -:  996:
        -:  997:// signed
        -:  998:
        -:  999:template <class _CharT, class _InputIterator>
        -: 1000:template <class _Signed>
        -: 1001:_InputIterator
        -: 1002:num_get<_CharT, _InputIterator>::__do_get_signed(iter_type __b, iter_type __e,
        -: 1003:                                        ios_base& __iob,
        -: 1004:                                        ios_base::iostate& __err,
        -: 1005:                                        _Signed& __v) const
        -: 1006:{
        -: 1007:    // Stage 1
        -: 1008:    int __base = this->__get_base(__iob);
        -: 1009:    // Stage 2
        -: 1010:    char_type __atoms[26];
        -: 1011:    char_type __thousands_sep;
        -: 1012:    string __grouping = this->__stage2_int_prep(__iob, __atoms, __thousands_sep);
        -: 1013:    string __buf;
        -: 1014:    __buf.resize(__buf.capacity());
        -: 1015:    char* __a = &__buf[0];
        -: 1016:    char* __a_end = __a;
        -: 1017:    unsigned __g[__num_get_base::__num_get_buf_sz];
        -: 1018:    unsigned* __g_end = __g;
        -: 1019:    unsigned __dc = 0;
        -: 1020:    for (; __b != __e; ++__b)
        -: 1021:    {
        -: 1022:        if (__a_end == __a + __buf.size())
        -: 1023:        {
        -: 1024:            size_t __tmp = __buf.size();
        -: 1025:            __buf.resize(2*__buf.size());
        -: 1026:            __buf.resize(__buf.capacity());
        -: 1027:            __a = &__buf[0];
        -: 1028:            __a_end = __a + __tmp;
        -: 1029:        }
        -: 1030:        if (this->__stage2_int_loop(*__b, __base, __a, __a_end, __dc,
        -: 1031:                                    __thousands_sep, __grouping, __g, __g_end,
        -: 1032:                                    __atoms))
        -: 1033:            break;
        -: 1034:    }
        -: 1035:    if (__grouping.size() != 0 && __g_end-__g < __num_get_base::__num_get_buf_sz)
        -: 1036:        *__g_end++ = __dc;
        -: 1037:    // Stage 3
        -: 1038:    __v = __num_get_signed_integral<_Signed>(__a, __a_end, __err, __base);
        -: 1039:    // Digit grouping checked
        -: 1040:    __check_grouping(__grouping, __g, __g_end, __err);
        -: 1041:    // EOF checked
        -: 1042:    if (__b == __e)
        -: 1043:        __err |= ios_base::eofbit;
        -: 1044:    return __b;
        -: 1045:}
        -: 1046:
        -: 1047:// unsigned
        -: 1048:
        -: 1049:template <class _CharT, class _InputIterator>
        -: 1050:template <class _Unsigned>
        -: 1051:_InputIterator
        -: 1052:num_get<_CharT, _InputIterator>::__do_get_unsigned(iter_type __b, iter_type __e,
        -: 1053:                                        ios_base& __iob,
        -: 1054:                                        ios_base::iostate& __err,
        -: 1055:                                        _Unsigned& __v) const
        -: 1056:{
        -: 1057:    // Stage 1
        -: 1058:    int __base = this->__get_base(__iob);
        -: 1059:    // Stage 2
        -: 1060:    char_type __atoms[26];
        -: 1061:    char_type __thousands_sep;
        -: 1062:    string __grouping = this->__stage2_int_prep(__iob, __atoms, __thousands_sep);
        -: 1063:    string __buf;
        -: 1064:    __buf.resize(__buf.capacity());
        -: 1065:    char* __a = &__buf[0];
        -: 1066:    char* __a_end = __a;
        -: 1067:    unsigned __g[__num_get_base::__num_get_buf_sz];
        -: 1068:    unsigned* __g_end = __g;
        -: 1069:    unsigned __dc = 0;
        -: 1070:    for (; __b != __e; ++__b)
        -: 1071:    {
        -: 1072:        if (__a_end == __a + __buf.size())
        -: 1073:        {
        -: 1074:            size_t __tmp = __buf.size();
        -: 1075:            __buf.resize(2*__buf.size());
        -: 1076:            __buf.resize(__buf.capacity());
        -: 1077:            __a = &__buf[0];
        -: 1078:            __a_end = __a + __tmp;
        -: 1079:        }
        -: 1080:        if (this->__stage2_int_loop(*__b, __base, __a, __a_end, __dc,
        -: 1081:                                    __thousands_sep, __grouping, __g, __g_end,
        -: 1082:                                    __atoms))
        -: 1083:            break;
        -: 1084:    }
        -: 1085:    if (__grouping.size() != 0 && __g_end-__g < __num_get_base::__num_get_buf_sz)
        -: 1086:        *__g_end++ = __dc;
        -: 1087:    // Stage 3
        -: 1088:    __v = __num_get_unsigned_integral<_Unsigned>(__a, __a_end, __err, __base);
        -: 1089:    // Digit grouping checked
        -: 1090:    __check_grouping(__grouping, __g, __g_end, __err);
        -: 1091:    // EOF checked
        -: 1092:    if (__b == __e)
        -: 1093:        __err |= ios_base::eofbit;
        -: 1094:    return __b;
        -: 1095:}
        -: 1096:
        -: 1097:// floating point
        -: 1098:
        -: 1099:template <class _CharT, class _InputIterator>
        -: 1100:template <class _Fp>
        -: 1101:_InputIterator
        -: 1102:num_get<_CharT, _InputIterator>::__do_get_floating_point(iter_type __b, iter_type __e,
        -: 1103:                                        ios_base& __iob,
        -: 1104:                                        ios_base::iostate& __err,
        -: 1105:                                        _Fp& __v) const
        -: 1106:{
        -: 1107:    // Stage 1, nothing to do
        -: 1108:    // Stage 2
        -: 1109:    char_type __atoms[32];
        -: 1110:    char_type __decimal_point;
        -: 1111:    char_type __thousands_sep;
        -: 1112:    string __grouping = this->__stage2_float_prep(__iob, __atoms,
        -: 1113:                                                  __decimal_point,
        -: 1114:                                                  __thousands_sep);
        -: 1115:    string __buf;
        -: 1116:    __buf.resize(__buf.capacity());
        -: 1117:    char* __a = &__buf[0];
        -: 1118:    char* __a_end = __a;
        -: 1119:    unsigned __g[__num_get_base::__num_get_buf_sz];
        -: 1120:    unsigned* __g_end = __g;
        -: 1121:    unsigned __dc = 0;
        -: 1122:    bool __in_units = true;
        -: 1123:    char __exp = 'E';
        -: 1124:    for (; __b != __e; ++__b)
        -: 1125:    {
        -: 1126:        if (__a_end == __a + __buf.size())
        -: 1127:        {
        -: 1128:            size_t __tmp = __buf.size();
        -: 1129:            __buf.resize(2*__buf.size());
        -: 1130:            __buf.resize(__buf.capacity());
        -: 1131:            __a = &__buf[0];
        -: 1132:            __a_end = __a + __tmp;
        -: 1133:        }
        -: 1134:        if (this->__stage2_float_loop(*__b, __in_units, __exp, __a, __a_end,
        -: 1135:                                      __decimal_point, __thousands_sep,
        -: 1136:                                      __grouping, __g, __g_end,
        -: 1137:                                      __dc, __atoms))
        -: 1138:            break;
        -: 1139:    }
        -: 1140:    if (__grouping.size() != 0 && __in_units && __g_end-__g < __num_get_base::__num_get_buf_sz)
        -: 1141:        *__g_end++ = __dc;
        -: 1142:    // Stage 3
        -: 1143:    __v = __num_get_float<_Fp>(__a, __a_end, __err);
        -: 1144:    // Digit grouping checked
        -: 1145:    __check_grouping(__grouping, __g, __g_end, __err);
        -: 1146:    // EOF checked
        -: 1147:    if (__b == __e)
        -: 1148:        __err |= ios_base::eofbit;
        -: 1149:    return __b;
        -: 1150:}
        -: 1151:
        -: 1152:template <class _CharT, class _InputIterator>
        -: 1153:_InputIterator
        -: 1154:num_get<_CharT, _InputIterator>::do_get(iter_type __b, iter_type __e,
        -: 1155:                                        ios_base& __iob,
        -: 1156:                                        ios_base::iostate& __err,
        -: 1157:                                        void*& __v) const
        -: 1158:{
        -: 1159:    // Stage 1
        -: 1160:    int __base = 16;
        -: 1161:    // Stage 2
        -: 1162:    char_type __atoms[26];
        -: 1163:    char_type __thousands_sep = 0;
        -: 1164:    string __grouping;
        -: 1165:    use_facet<ctype<_CharT> >(__iob.getloc()).widen(__num_get_base::__src,
        -: 1166:                                                    __num_get_base::__src + 26, __atoms);
        -: 1167:    string __buf;
        -: 1168:    __buf.resize(__buf.capacity());
        -: 1169:    char* __a = &__buf[0];
        -: 1170:    char* __a_end = __a;
        -: 1171:    unsigned __g[__num_get_base::__num_get_buf_sz];
        -: 1172:    unsigned* __g_end = __g;
        -: 1173:    unsigned __dc = 0;
        -: 1174:    for (; __b != __e; ++__b)
        -: 1175:    {
        -: 1176:        if (__a_end == __a + __buf.size())
        -: 1177:        {
        -: 1178:            size_t __tmp = __buf.size();
        -: 1179:            __buf.resize(2*__buf.size());
        -: 1180:            __buf.resize(__buf.capacity());
        -: 1181:            __a = &__buf[0];
        -: 1182:            __a_end = __a + __tmp;
        -: 1183:        }
        -: 1184:        if (this->__stage2_int_loop(*__b, __base, __a, __a_end, __dc,
        -: 1185:                                    __thousands_sep, __grouping,
        -: 1186:                                    __g, __g_end, __atoms))
        -: 1187:            break;
        -: 1188:    }
        -: 1189:    // Stage 3
        -: 1190:    __buf.resize(__a_end - __a);
        -: 1191:#ifdef _LIBCPP_LOCALE__L_EXTENSIONS
        -: 1192:    if (sscanf_l(__buf.c_str(), _LIBCPP_GET_C_LOCALE, "%p", &__v) != 1)
        -: 1193:#else
        -: 1194:    if (__sscanf_l(__buf.c_str(), _LIBCPP_GET_C_LOCALE, "%p", &__v) != 1)
        -: 1195:#endif
        -: 1196:        __err = ios_base::failbit;
        -: 1197:    // EOF checked
        -: 1198:    if (__b == __e)
        -: 1199:        __err |= ios_base::eofbit;
        -: 1200:    return __b;
        -: 1201:}
        -: 1202:
        -: 1203:_LIBCPP_EXTERN_TEMPLATE2(class _LIBCPP_TYPE_VIS num_get<char>)
        -: 1204:_LIBCPP_EXTERN_TEMPLATE2(class _LIBCPP_TYPE_VIS num_get<wchar_t>)
        -: 1205:
        -: 1206:struct _LIBCPP_TYPE_VIS __num_put_base
        -: 1207:{
        -: 1208:protected:
        -: 1209:    static void __format_int(char* __fmt, const char* __len, bool __signd,
        -: 1210:                             ios_base::fmtflags __flags);
        -: 1211:    static bool __format_float(char* __fmt, const char* __len,
        -: 1212:                               ios_base::fmtflags __flags);
        -: 1213:    static char* __identify_padding(char* __nb, char* __ne,
        -: 1214:                                    const ios_base& __iob);
        -: 1215:};
        -: 1216:
        -: 1217:template <class _CharT>
        -: 1218:struct __num_put
        -: 1219:    : protected __num_put_base
        -: 1220:{
        -: 1221:    static void __widen_and_group_int(char* __nb, char* __np, char* __ne,
        -: 1222:                                      _CharT* __ob, _CharT*& __op, _CharT*& __oe,
        -: 1223:                                      const locale& __loc);
        -: 1224:    static void __widen_and_group_float(char* __nb, char* __np, char* __ne,
        -: 1225:                                        _CharT* __ob, _CharT*& __op, _CharT*& __oe,
        -: 1226:                                        const locale& __loc);
        -: 1227:};
        -: 1228:
        -: 1229:template <class _CharT>
        -: 1230:void
        -: 1231:__num_put<_CharT>::__widen_and_group_int(char* __nb, char* __np, char* __ne,
        -: 1232:                                         _CharT* __ob, _CharT*& __op, _CharT*& __oe,
        -: 1233:                                         const locale& __loc)
        -: 1234:{
        -: 1235:    const ctype<_CharT>&    __ct = use_facet<ctype<_CharT> >   (__loc);
        -: 1236:    const numpunct<_CharT>& __npt = use_facet<numpunct<_CharT> >(__loc);
        -: 1237:    string __grouping = __npt.grouping();
        -: 1238:    if (__grouping.empty())
        -: 1239:    {
        -: 1240:        __ct.widen(__nb, __ne, __ob);
        -: 1241:        __oe = __ob + (__ne - __nb);
        -: 1242:    }
        -: 1243:    else
        -: 1244:    {
        -: 1245:        __oe = __ob;
        -: 1246:        char* __nf = __nb;
        -: 1247:        if (*__nf == '-' || *__nf == '+')
        -: 1248:            *__oe++ = __ct.widen(*__nf++);
        -: 1249:        if (__ne - __nf >= 2 && __nf[0] == '0' && (__nf[1] == 'x' ||
        -: 1250:                                                   __nf[1] == 'X'))
        -: 1251:        {
        -: 1252:            *__oe++ = __ct.widen(*__nf++);
        -: 1253:            *__oe++ = __ct.widen(*__nf++);
        -: 1254:        }
        -: 1255:        reverse(__nf, __ne);
        -: 1256:        _CharT __thousands_sep = __npt.thousands_sep();
        -: 1257:        unsigned __dc = 0;
        -: 1258:        unsigned __dg = 0;
        -: 1259:        for (char* __p = __nf; __p < __ne; ++__p)
        -: 1260:        {
        -: 1261:            if (static_cast<unsigned>(__grouping[__dg]) > 0 &&
        -: 1262:                __dc == static_cast<unsigned>(__grouping[__dg]))
        -: 1263:            {
        -: 1264:                *__oe++ = __thousands_sep;
        -: 1265:                __dc = 0;
        -: 1266:                if (__dg < __grouping.size()-1)
        -: 1267:                    ++__dg;
        -: 1268:            }
        -: 1269:            *__oe++ = __ct.widen(*__p);
        -: 1270:            ++__dc;
        -: 1271:        }
        -: 1272:        reverse(__ob + (__nf - __nb), __oe);
        -: 1273:    }
        -: 1274:    if (__np == __ne)
        -: 1275:        __op = __oe;
        -: 1276:    else
        -: 1277:        __op = __ob + (__np - __nb);
        -: 1278:}
        -: 1279:
        -: 1280:template <class _CharT>
        -: 1281:void
        -: 1282:__num_put<_CharT>::__widen_and_group_float(char* __nb, char* __np, char* __ne,
        -: 1283:                                           _CharT* __ob, _CharT*& __op, _CharT*& __oe,
        -: 1284:                                           const locale& __loc)
        -: 1285:{
        -: 1286:    const ctype<_CharT>&    __ct = use_facet<ctype<_CharT> >   (__loc);
        -: 1287:    const numpunct<_CharT>& __npt = use_facet<numpunct<_CharT> >(__loc);
        -: 1288:    string __grouping = __npt.grouping();
        -: 1289:    __oe = __ob;
        -: 1290:    char* __nf = __nb;
        -: 1291:    if (*__nf == '-' || *__nf == '+')
        -: 1292:        *__oe++ = __ct.widen(*__nf++);
        -: 1293:    char* __ns;
        -: 1294:    if (__ne - __nf >= 2 && __nf[0] == '0' && (__nf[1] == 'x' ||
        -: 1295:                                               __nf[1] == 'X'))
        -: 1296:    {
        -: 1297:        *__oe++ = __ct.widen(*__nf++);
        -: 1298:        *__oe++ = __ct.widen(*__nf++);
        -: 1299:        for (__ns = __nf; __ns < __ne; ++__ns)
        -: 1300:            if (!isxdigit_l(*__ns, _LIBCPP_GET_C_LOCALE))
        -: 1301:                break;
        -: 1302:    }
        -: 1303:    else
        -: 1304:    {
        -: 1305:        for (__ns = __nf; __ns < __ne; ++__ns)
        -: 1306:            if (!isdigit_l(*__ns, _LIBCPP_GET_C_LOCALE))
        -: 1307:                break;
        -: 1308:    }
        -: 1309:    if (__grouping.empty())
        -: 1310:    {
        -: 1311:        __ct.widen(__nf, __ns, __oe);
        -: 1312:        __oe += __ns - __nf;
        -: 1313:    }
        -: 1314:    else
        -: 1315:    {
        -: 1316:        reverse(__nf, __ns);
        -: 1317:        _CharT __thousands_sep = __npt.thousands_sep();
        -: 1318:        unsigned __dc = 0;
        -: 1319:        unsigned __dg = 0;
        -: 1320:        for (char* __p = __nf; __p < __ns; ++__p)
        -: 1321:        {
        -: 1322:            if (__grouping[__dg] > 0 && __dc == static_cast<unsigned>(__grouping[__dg]))
        -: 1323:            {
        -: 1324:                *__oe++ = __thousands_sep;
        -: 1325:                __dc = 0;
        -: 1326:                if (__dg < __grouping.size()-1)
        -: 1327:                    ++__dg;
        -: 1328:            }
        -: 1329:            *__oe++ = __ct.widen(*__p);
        -: 1330:            ++__dc;
        -: 1331:        }
        -: 1332:        reverse(__ob + (__nf - __nb), __oe);
        -: 1333:    }
        -: 1334:    for (__nf = __ns; __nf < __ne; ++__nf)
        -: 1335:    {
        -: 1336:        if (*__nf == '.')
        -: 1337:        {
        -: 1338:            *__oe++ = __npt.decimal_point();
        -: 1339:            ++__nf;
        -: 1340:            break;
        -: 1341:        }
        -: 1342:        else
        -: 1343:            *__oe++ = __ct.widen(*__nf);
        -: 1344:    }
        -: 1345:    __ct.widen(__nf, __ne, __oe);
        -: 1346:    __oe += __ne - __nf;
        -: 1347:    if (__np == __ne)
        -: 1348:        __op = __oe;
        -: 1349:    else
        -: 1350:        __op = __ob + (__np - __nb);
        -: 1351:}
        -: 1352:
        -: 1353:_LIBCPP_EXTERN_TEMPLATE2(struct _LIBCPP_TYPE_VIS __num_put<char>)
        -: 1354:_LIBCPP_EXTERN_TEMPLATE2(struct _LIBCPP_TYPE_VIS __num_put<wchar_t>)
        -: 1355:
        -: 1356:template <class _CharT, class _OutputIterator = ostreambuf_iterator<_CharT> >
        -: 1357:class _LIBCPP_TYPE_VIS_ONLY num_put
        -: 1358:    : public locale::facet,
        -: 1359:      private __num_put<_CharT>
        -: 1360:{
        -: 1361:public:
        -: 1362:    typedef _CharT char_type;
        -: 1363:    typedef _OutputIterator iter_type;
        -: 1364:
        -: 1365:    _LIBCPP_ALWAYS_INLINE
        -: 1366:    explicit num_put(size_t __refs = 0)
        -: 1367:        : locale::facet(__refs) {}
        -: 1368:
        -: 1369:    _LIBCPP_ALWAYS_INLINE
        -: 1370:    iter_type put(iter_type __s, ios_base& __iob, char_type __fl,
        -: 1371:                  bool __v) const
        -: 1372:    {
        -: 1373:        return do_put(__s, __iob, __fl, __v);
        -: 1374:    }
        -: 1375:
        -: 1376:    _LIBCPP_ALWAYS_INLINE
        -: 1377:    iter_type put(iter_type __s, ios_base& __iob, char_type __fl,
        -: 1378:                  long __v) const
        -: 1379:    {
        -: 1380:        return do_put(__s, __iob, __fl, __v);
        -: 1381:    }
        -: 1382:
        -: 1383:    _LIBCPP_ALWAYS_INLINE
        -: 1384:    iter_type put(iter_type __s, ios_base& __iob, char_type __fl,
        -: 1385:                  long long __v) const
        -: 1386:    {
        -: 1387:        return do_put(__s, __iob, __fl, __v);
        -: 1388:    }
        -: 1389:
        -: 1390:    _LIBCPP_ALWAYS_INLINE
        -: 1391:    iter_type put(iter_type __s, ios_base& __iob, char_type __fl,
        -: 1392:                  unsigned long __v) const
        -: 1393:    {
        -: 1394:        return do_put(__s, __iob, __fl, __v);
        -: 1395:    }
        -: 1396:
        -: 1397:    _LIBCPP_ALWAYS_INLINE
        -: 1398:    iter_type put(iter_type __s, ios_base& __iob, char_type __fl,
        -: 1399:                  unsigned long long __v) const
        -: 1400:    {
        -: 1401:        return do_put(__s, __iob, __fl, __v);
        -: 1402:    }
        -: 1403:
        -: 1404:    _LIBCPP_ALWAYS_INLINE
        -: 1405:    iter_type put(iter_type __s, ios_base& __iob, char_type __fl,
        -: 1406:                  double __v) const
        -: 1407:    {
        -: 1408:        return do_put(__s, __iob, __fl, __v);
        -: 1409:    }
        -: 1410:
        -: 1411:    _LIBCPP_ALWAYS_INLINE
        -: 1412:    iter_type put(iter_type __s, ios_base& __iob, char_type __fl,
        -: 1413:                  long double __v) const
        -: 1414:    {
        -: 1415:        return do_put(__s, __iob, __fl, __v);
        -: 1416:    }
        -: 1417:
        -: 1418:    _LIBCPP_ALWAYS_INLINE
        -: 1419:    iter_type put(iter_type __s, ios_base& __iob, char_type __fl,
        -: 1420:                  const void* __v) const
        -: 1421:    {
        -: 1422:        return do_put(__s, __iob, __fl, __v);
        -: 1423:    }
        -: 1424:
        -: 1425:    static locale::id id;
        -: 1426:
        -: 1427:protected:
        -: 1428:    _LIBCPP_ALWAYS_INLINE
        -: 1429:    ~num_put() {}
        -: 1430:
        -: 1431:    virtual iter_type do_put(iter_type __s, ios_base& __iob, char_type __fl,
        -: 1432:                             bool __v) const;
        -: 1433:    virtual iter_type do_put(iter_type __s, ios_base& __iob, char_type __fl,
        -: 1434:                             long __v) const;
        -: 1435:    virtual iter_type do_put(iter_type __s, ios_base& __iob, char_type __fl,
        -: 1436:                             long long __v) const;
        -: 1437:    virtual iter_type do_put(iter_type __s, ios_base& __iob, char_type __fl,
        -: 1438:                             unsigned long) const;
        -: 1439:    virtual iter_type do_put(iter_type __s, ios_base& __iob, char_type __fl,
        -: 1440:                             unsigned long long) const;
        -: 1441:    virtual iter_type do_put(iter_type __s, ios_base& __iob, char_type __fl,
        -: 1442:                             double __v) const;
        -: 1443:    virtual iter_type do_put(iter_type __s, ios_base& __iob, char_type __fl,
        -: 1444:                             long double __v) const;
        -: 1445:    virtual iter_type do_put(iter_type __s, ios_base& __iob, char_type __fl,
        -: 1446:                             const void* __v) const;
        -: 1447:};
        -: 1448:
        -: 1449:template <class _CharT, class _OutputIterator>
        -: 1450:locale::id
        -: 1451:num_put<_CharT, _OutputIterator>::id;
        -: 1452:
        -: 1453:template <class _CharT, class _OutputIterator>
        -: 1454:_LIBCPP_HIDDEN
        -: 1455:_OutputIterator
        -: 1456:__pad_and_output(_OutputIterator __s,
        -: 1457:                 const _CharT* __ob, const _CharT* __op, const _CharT* __oe,
        -: 1458:                 ios_base& __iob, _CharT __fl)
        -: 1459:{
        -: 1460:    streamsize __sz = __oe - __ob;
        -: 1461:    streamsize __ns = __iob.width();
        -: 1462:    if (__ns > __sz)
        -: 1463:        __ns -= __sz;
        -: 1464:    else
        -: 1465:        __ns = 0;
        -: 1466:    for (;__ob < __op; ++__ob, ++__s)
        -: 1467:        *__s = *__ob;
        -: 1468:    for (; __ns; --__ns, ++__s)
        -: 1469:        *__s = __fl;
        -: 1470:    for (; __ob < __oe; ++__ob, ++__s)
        -: 1471:        *__s = *__ob;
        -: 1472:    __iob.width(0);
        -: 1473:    return __s;
        -: 1474:}
        -: 1475:
        -: 1476:#if !defined(__APPLE__) || \
        -: 1477:    (defined(__MAC_OS_X_VERSION_MIN_REQUIRED) && __MAC_OS_X_VERSION_MIN_REQUIRED > __MAC_10_8) || \
        -: 1478:    (defined(__IPHONE_OS_VERSION_MIN_REQUIRED) && __IPHONE_OS_VERSION_MIN_REQUIRED > __IPHONE_6_0)
        -: 1479:
        -: 1480:template <class _CharT, class _Traits>
        -: 1481:_LIBCPP_HIDDEN
        -: 1482:ostreambuf_iterator<_CharT, _Traits>
        -: 1483:__pad_and_output(ostreambuf_iterator<_CharT, _Traits> __s,
        -: 1484:                 const _CharT* __ob, const _CharT* __op, const _CharT* __oe,
        -: 1485:                 ios_base& __iob, _CharT __fl)
        -: 1486:{
      786: 1487:    if (__s.__sbuf_ == nullptr)
    #####: 1488:        return __s;
      786: 1489:    streamsize __sz = __oe - __ob;
      786: 1490:    streamsize __ns = __iob.width();
      786: 1491:    if (__ns > __sz)
    #####: 1492:        __ns -= __sz;
        -: 1493:    else
      786: 1494:        __ns = 0;
      786: 1495:    streamsize __np = __op - __ob;
      786: 1496:    if (__np > 0)
        -: 1497:    {
    #####: 1498:        if (__s.__sbuf_->sputn(__ob, __np) != __np)
        -: 1499:        {
    #####: 1500:            __s.__sbuf_ = nullptr;
    #####: 1501:            return __s;
        -: 1502:        }
    #####: 1503:    }
      786: 1504:    if (__ns > 0)
        -: 1505:    {
    #####: 1506:        basic_string<_CharT, _Traits> __sp(__ns, __fl);
    #####: 1507:        if (__s.__sbuf_->sputn(__sp.data(), __ns) != __ns)
        -: 1508:        {
    #####: 1509:            __s.__sbuf_ = nullptr;
    #####: 1510:            return __s;
        -: 1511:        }
    #####: 1512:    }
      786: 1513:    __np = __oe - __op;
      786: 1514:    if (__np > 0)
        -: 1515:    {
      786: 1516:        if (__s.__sbuf_->sputn(__op, __np) != __np)
        -: 1517:        {
    #####: 1518:            __s.__sbuf_ = nullptr;
    #####: 1519:            return __s;
        -: 1520:        }
      786: 1521:    }
      786: 1522:    __iob.width(0);
      786: 1523:    return __s;
      786: 1524:}
        -: 1525:
        -: 1526:#endif
        -: 1527:
        -: 1528:template <class _CharT, class _OutputIterator>
        -: 1529:_OutputIterator
        -: 1530:num_put<_CharT, _OutputIterator>::do_put(iter_type __s, ios_base& __iob,
        -: 1531:                                         char_type __fl, bool __v) const
        -: 1532:{
        -: 1533:    if ((__iob.flags() & ios_base::boolalpha) == 0)
        -: 1534:        return do_put(__s, __iob, __fl, (unsigned long)__v);
        -: 1535:    const numpunct<char_type>& __np = use_facet<numpunct<char_type> >(__iob.getloc());
        -: 1536:    typedef typename numpunct<char_type>::string_type string_type;
        -: 1537:#if _LIBCPP_DEBUG_LEVEL >= 2
        -: 1538:    string_type __tmp(__v ? __np.truename() : __np.falsename());
        -: 1539:    string_type __nm = _VSTD::move(__tmp);
        -: 1540:#else
        -: 1541:    string_type __nm = __v ? __np.truename() : __np.falsename();
        -: 1542:#endif
        -: 1543:    for (typename string_type::iterator __i = __nm.begin(); __i != __nm.end(); ++__i, ++__s)
        -: 1544:        *__s = *__i;
        -: 1545:    return __s;
        -: 1546:}
        -: 1547:
        -: 1548:template <class _CharT, class _OutputIterator>
        -: 1549:_OutputIterator
        -: 1550:num_put<_CharT, _OutputIterator>::do_put(iter_type __s, ios_base& __iob,
        -: 1551:                                         char_type __fl, long __v) const
        -: 1552:{
        -: 1553:    // Stage 1 - Get number in narrow char
        -: 1554:    char __fmt[6] = {'%', 0};
        -: 1555:    const char* __len = "l";
        -: 1556:    this->__format_int(__fmt+1, __len, true, __iob.flags());
        -: 1557:    const unsigned __nbuf = (numeric_limits<long>::digits / 3)
        -: 1558:                          + ((numeric_limits<long>::digits % 3) != 0)
        -: 1559:                          + 1;
        -: 1560:    char __nar[__nbuf];
        -: 1561:#ifdef _LIBCPP_LOCALE__L_EXTENSIONS
        -: 1562:    int __nc = snprintf_l(__nar, sizeof(__nar), _LIBCPP_GET_C_LOCALE, __fmt, __v);
        -: 1563:#else
        -: 1564:    int __nc = __snprintf_l(__nar, sizeof(__nar), _LIBCPP_GET_C_LOCALE, __fmt, __v);
        -: 1565:#endif
        -: 1566:    char* __ne = __nar + __nc;
        -: 1567:    char* __np = this->__identify_padding(__nar, __ne, __iob);
        -: 1568:    // Stage 2 - Widen __nar while adding thousands separators
        -: 1569:    char_type __o[2*(__nbuf-1) - 1];
        -: 1570:    char_type* __op;  // pad here
        -: 1571:    char_type* __oe;  // end of output
        -: 1572:    this->__widen_and_group_int(__nar, __np, __ne, __o, __op, __oe, __iob.getloc());
        -: 1573:    // [__o, __oe) contains thousands_sep'd wide number
        -: 1574:    // Stage 3 & 4
        -: 1575:    return __pad_and_output(__s, __o, __op, __oe, __iob, __fl);
        -: 1576:}
        -: 1577:
        -: 1578:template <class _CharT, class _OutputIterator>
        -: 1579:_OutputIterator
        -: 1580:num_put<_CharT, _OutputIterator>::do_put(iter_type __s, ios_base& __iob,
        -: 1581:                                         char_type __fl, long long __v) const
        -: 1582:{
        -: 1583:    // Stage 1 - Get number in narrow char
        -: 1584:    char __fmt[8] = {'%', 0};
        -: 1585:    const char* __len = "ll";
        -: 1586:    this->__format_int(__fmt+1, __len, true, __iob.flags());
        -: 1587:    const unsigned __nbuf = (numeric_limits<long long>::digits / 3)
        -: 1588:                          + ((numeric_limits<long long>::digits % 3) != 0)
        -: 1589:                          + 2;
        -: 1590:    char __nar[__nbuf];
        -: 1591:#ifdef _LIBCPP_LOCALE__L_EXTENSIONS
        -: 1592:    int __nc = snprintf_l(__nar, sizeof(__nar), _LIBCPP_GET_C_LOCALE, __fmt, __v);
        -: 1593:#else
        -: 1594:    int __nc = __snprintf_l(__nar, sizeof(__nar), _LIBCPP_GET_C_LOCALE, __fmt, __v);
        -: 1595:#endif
        -: 1596:    char* __ne = __nar + __nc;
        -: 1597:    char* __np = this->__identify_padding(__nar, __ne, __iob);
        -: 1598:    // Stage 2 - Widen __nar while adding thousands separators
        -: 1599:    char_type __o[2*(__nbuf-1) - 1];
        -: 1600:    char_type* __op;  // pad here
        -: 1601:    char_type* __oe;  // end of output
        -: 1602:    this->__widen_and_group_int(__nar, __np, __ne, __o, __op, __oe, __iob.getloc());
        -: 1603:    // [__o, __oe) contains thousands_sep'd wide number
        -: 1604:    // Stage 3 & 4
        -: 1605:    return __pad_and_output(__s, __o, __op, __oe, __iob, __fl);
        -: 1606:}
        -: 1607:
[...]
        -: 4066:    virtual int_type underflow();
        -: 4067:    virtual int_type pbackfail(int_type __c = traits_type::eof());
        -: 4068:    virtual int_type overflow (int_type __c = traits_type::eof());
        -: 4069:    virtual basic_streambuf<char_type, traits_type>* setbuf(char_type* __s,
        -: 4070:                                                            streamsize __n);
        -: 4071:    virtual pos_type seekoff(off_type __off, ios_base::seekdir __way,
        -: 4072:                             ios_base::openmode __wch = ios_base::in | ios_base::out);
        -: 4073:    virtual pos_type seekpos(pos_type __sp,
        -: 4074:                             ios_base::openmode __wch = ios_base::in | ios_base::out);
        -: 4075:    virtual int sync();
        -: 4076:
        -: 4077:private:
        -: 4078:    bool __read_mode();
        -: 4079:    void __write_mode();
        -: 4080:    wbuffer_convert* __close();
        -: 4081:};
        -: 4082:
        -: 4083:template <class _Codecvt, class _Elem, class _Tr>
        -: 4084:wbuffer_convert<_Codecvt, _Elem, _Tr>::
        -: 4085:    wbuffer_convert(streambuf* __bytebuf, _Codecvt* __pcvt, state_type __state)
        -: 4086:    : __extbuf_(0),
        -: 4087:      __extbufnext_(0),
        -: 4088:      __extbufend_(0),
        -: 4089:      __ebs_(0),
        -: 4090:      __intbuf_(0),
        -: 4091:      __ibs_(0),
        -: 4092:      __bufptr_(__bytebuf),
        -: 4093:      __cv_(__pcvt),
        -: 4094:      __st_(__state),
        -: 4095:      __cm_(0),
        -: 4096:      __owns_eb_(false),
        -: 4097:      __owns_ib_(false),
        -: 4098:      __always_noconv_(__cv_ ? __cv_->always_noconv() : false)
        -: 4099:{
        -: 4100:    setbuf(0, 4096);
        -: 4101:}
        -: 4102:
        -: 4103:template <class _Codecvt, class _Elem, class _Tr>
        -: 4104:wbuffer_convert<_Codecvt, _Elem, _Tr>::~wbuffer_convert()
        -: 4105:{
        -: 4106:    __close();
        -: 4107:    delete __cv_;
        -: 4108:    if (__owns_eb_)
        -: 4109:        delete [] __extbuf_;
        -: 4110:    if (__owns_ib_)
        -: 4111:        delete [] __intbuf_;
        -: 4112:}
        -: 4113:
        -: 4114:template <class _Codecvt, class _Elem, class _Tr>
        -: 4115:typename wbuffer_convert<_Codecvt, _Elem, _Tr>::int_type
        -: 4116:wbuffer_convert<_Codecvt, _Elem, _Tr>::underflow()
        -: 4117:{
        -: 4118:    if (__cv_ == 0 || __bufptr_ == 0)
        -: 4119:        return traits_type::eof();
        -: 4120:    bool __initial = __read_mode();
        -: 4121:    char_type __1buf;
        -: 4122:    if (this->gptr() == 0)
        -: 4123:        this->setg(&__1buf, &__1buf+1, &__1buf+1);
        -: 4124:    const size_t __unget_sz = __initial ? 0 : min<size_t>((this->egptr() - this->eback()) / 2, 4);
        -: 4125:    int_type __c = traits_type::eof();
        -: 4126:    if (this->gptr() == this->egptr())
        -: 4127:    {
        -: 4128:        memmove(this->eback(), this->egptr() - __unget_sz, __unget_sz * sizeof(char_type));
        -: 4129:        if (__always_noconv_)
        -: 4130:        {
        -: 4131:            streamsize __nmemb = static_cast<streamsize>(this->egptr() - this->eback() - __unget_sz);
        -: 4132:            __nmemb = __bufptr_->sgetn((char*)this->eback() + __unget_sz, __nmemb);
        -: 4133:            if (__nmemb != 0)
        -: 4134:            {
        -: 4135:                this->setg(this->eback(),
        -: 4136:                           this->eback() + __unget_sz,
        -: 4137:                           this->eback() + __unget_sz + __nmemb);
        -: 4138:                __c = *this->gptr();
        -: 4139:            }
        -: 4140:        }
        -: 4141:        else
        -: 4142:        {
        -: 4143:            memmove(__extbuf_, __extbufnext_, __extbufend_ - __extbufnext_);
        -: 4144:            __extbufnext_ = __extbuf_ + (__extbufend_ - __extbufnext_);
        -: 4145:            __extbufend_ = __extbuf_ + (__extbuf_ == __extbuf_min_ ? sizeof(__extbuf_min_) : __ebs_);
        -: 4146:            streamsize __nmemb = _VSTD::min(static_cast<streamsize>(this->egptr() - this->eback() - __unget_sz),
        -: 4147:                                 static_cast<streamsize>(__extbufend_ - __extbufnext_));
        -: 4148:            codecvt_base::result __r;
        -: 4149:            state_type __svs = __st_;
        -: 4150:            streamsize __nr = __bufptr_->sgetn(const_cast<char*>(__extbufnext_), __nmemb);
        -: 4151:            if (__nr != 0)
        -: 4152:            {
        -: 4153:                __extbufend_ = __extbufnext_ + __nr;
        -: 4154:                char_type*  __inext;
        -: 4155:                __r = __cv_->in(__st_, __extbuf_, __extbufend_, __extbufnext_,
        -: 4156:                                       this->eback() + __unget_sz,
        -: 4157:                                       this->egptr(), __inext);
        -: 4158:                if (__r == codecvt_base::noconv)
        -: 4159:                {
        -: 4160:                    this->setg((char_type*)__extbuf_, (char_type*)__extbuf_, (char_type*)__extbufend_);
        -: 4161:                    __c = *this->gptr();
        -: 4162:                }
        -: 4163:                else if (__inext != this->eback() + __unget_sz)
        -: 4164:                {
        -: 4165:                    this->setg(this->eback(), this->eback() + __unget_sz, __inext);
        -: 4166:                    __c = *this->gptr();
        -: 4167:                }
        -: 4168:            }
        -: 4169:        }
        -: 4170:    }
        -: 4171:    else
        -: 4172:        __c = *this->gptr();
        -: 4173:    if (this->eback() == &__1buf)
        -: 4174:        this->setg(0, 0, 0);
        -: 4175:    return __c;
        -: 4176:}
        -: 4177:
        -: 4178:template <class _Codecvt, class _Elem, class _Tr>
        -: 4179:typename wbuffer_convert<_Codecvt, _Elem, _Tr>::int_type
        -: 4180:wbuffer_convert<_Codecvt, _Elem, _Tr>::pbackfail(int_type __c)
        -: 4181:{
        -: 4182:    if (__cv_ != 0 && __bufptr_ != 0 && this->eback() < this->gptr())
        -: 4183:    {
        -: 4184:        if (traits_type::eq_int_type(__c, traits_type::eof()))
        -: 4185:        {
        -: 4186:            this->gbump(-1);
        -: 4187:            return traits_type::not_eof(__c);
        -: 4188:        }
        -: 4189:        if (traits_type::eq(traits_type::to_char_type(__c), this->gptr()[-1]))
        -: 4190:        {
        -: 4191:            this->gbump(-1);
        -: 4192:            *this->gptr() = traits_type::to_char_type(__c);
        -: 4193:            return __c;
        -: 4194:        }
        -: 4195:    }
        -: 4196:    return traits_type::eof();
        -: 4197:}
        -: 4198:
        -: 4199:template <class _Codecvt, class _Elem, class _Tr>
        -: 4200:typename wbuffer_convert<_Codecvt, _Elem, _Tr>::int_type
        -: 4201:wbuffer_convert<_Codecvt, _Elem, _Tr>::overflow(int_type __c)
        -: 4202:{
        -: 4203:    if (__cv_ == 0 || __bufptr_ == 0)
        -: 4204:        return traits_type::eof();
        -: 4205:    __write_mode();
        -: 4206:    char_type __1buf;
        -: 4207:    char_type* __pb_save = this->pbase();
        -: 4208:    char_type* __epb_save = this->epptr();
        -: 4209:    if (!traits_type::eq_int_type(__c, traits_type::eof()))
        -: 4210:    {
        -: 4211:        if (this->pptr() == 0)
        -: 4212:            this->setp(&__1buf, &__1buf+1);
        -: 4213:        *this->pptr() = traits_type::to_char_type(__c);
        -: 4214:        this->pbump(1);
        -: 4215:    }
        -: 4216:    if (this->pptr() != this->pbase())
        -: 4217:    {
        -: 4218:        if (__always_noconv_)
        -: 4219:        {
        -: 4220:            streamsize __nmemb = static_cast<streamsize>(this->pptr() - this->pbase());
        -: 4221:            if (__bufptr_->sputn((const char*)this->pbase(), __nmemb) != __nmemb)
        -: 4222:                return traits_type::eof();
        -: 4223:        }
        -: 4224:        else
        -: 4225:        {
        -: 4226:            char* __extbe = __extbuf_;
        -: 4227:            codecvt_base::result __r;
        -: 4228:            do
        -: 4229:            {
        -: 4230:                const char_type* __e;
        -: 4231:                __r = __cv_->out(__st_, this->pbase(), this->pptr(), __e,
        -: 4232:                                        __extbuf_, __extbuf_ + __ebs_, __extbe);
        -: 4233:                if (__e == this->pbase())
        -: 4234:                    return traits_type::eof();
        -: 4235:                if (__r == codecvt_base::noconv)
        -: 4236:                {
        -: 4237:                    streamsize __nmemb = static_cast<size_t>(this->pptr() - this->pbase());
        -: 4238:                    if (__bufptr_->sputn((const char*)this->pbase(), __nmemb) != __nmemb)
        -: 4239:                        return traits_type::eof();
        -: 4240:                }
        -: 4241:                else if (__r == codecvt_base::ok || __r == codecvt_base::partial)
        -: 4242:                {
        -: 4243:                    streamsize __nmemb = static_cast<size_t>(__extbe - __extbuf_);
        -: 4244:                    if (__bufptr_->sputn(__extbuf_, __nmemb) != __nmemb)
        -: 4245:                        return traits_type::eof();
        -: 4246:                    if (__r == codecvt_base::partial)
        -: 4247:                    {
        -: 4248:                        this->setp((char_type*)__e, this->pptr());
        -: 4249:                        this->pbump(this->epptr() - this->pbase());
        -: 4250:                    }
        -: 4251:                }
        -: 4252:                else
        -: 4253:                    return traits_type::eof();
        -: 4254:            } while (__r == codecvt_base::partial);
        -: 4255:        }
        -: 4256:        this->setp(__pb_save, __epb_save);
        -: 4257:    }
        -: 4258:    return traits_type::not_eof(__c);
        -: 4259:}
        -: 4260:
        -: 4261:template <class _Codecvt, class _Elem, class _Tr>
        -: 4262:basic_streambuf<_Elem, _Tr>*
        -: 4263:wbuffer_convert<_Codecvt, _Elem, _Tr>::setbuf(char_type* __s, streamsize __n)
        -: 4264:{
        -: 4265:    this->setg(0, 0, 0);
        -: 4266:    this->setp(0, 0);
        -: 4267:    if (__owns_eb_)
        -: 4268:        delete [] __extbuf_;
        -: 4269:    if (__owns_ib_)
        -: 4270:        delete [] __intbuf_;
        -: 4271:    __ebs_ = __n;
        -: 4272:    if (__ebs_ > sizeof(__extbuf_min_))
        -: 4273:    {
        -: 4274:        if (__always_noconv_ && __s)
        -: 4275:        {
        -: 4276:            __extbuf_ = (char*)__s;
        -: 4277:            __owns_eb_ = false;
        -: 4278:        }
        -: 4279:        else
        -: 4280:        {
        -: 4281:            __extbuf_ = new char[__ebs_];
        -: 4282:            __owns_eb_ = true;
        -: 4283:        }
        -: 4284:    }
        -: 4285:    else
        -: 4286:    {
        -: 4287:        __extbuf_ = __extbuf_min_;
        -: 4288:        __ebs_ = sizeof(__extbuf_min_);
        -: 4289:        __owns_eb_ = false;
        -: 4290:    }
        -: 4291:    if (!__always_noconv_)
        -: 4292:    {
        -: 4293:        __ibs_ = max<streamsize>(__n, sizeof(__extbuf_min_));
        -: 4294:        if (__s && __ibs_ >= sizeof(__extbuf_min_))
        -: 4295:        {
        -: 4296:            __intbuf_ = __s;
        -: 4297:            __owns_ib_ = false;
        -: 4298:        }
        -: 4299:        else
        -: 4300:        {
        -: 4301:            __intbuf_ = new char_type[__ibs_];
        -: 4302:            __owns_ib_ = true;
        -: 4303:        }
        -: 4304:    }
        -: 4305:    else
        -: 4306:    {
        -: 4307:        __ibs_ = 0;
        -: 4308:        __intbuf_ = 0;
        -: 4309:        __owns_ib_ = false;
        -: 4310:    }
        -: 4311:    return this;
        -: 4312:}
        -: 4313:
        -: 4314:template <class _Codecvt, class _Elem, class _Tr>
        -: 4315:typename wbuffer_convert<_Codecvt, _Elem, _Tr>::pos_type
        -: 4316:wbuffer_convert<_Codecvt, _Elem, _Tr>::seekoff(off_type __off, ios_base::seekdir __way,
        -: 4317:                                        ios_base::openmode __om)
        -: 4318:{
        -: 4319:    int __width = __cv_->encoding();
        -: 4320:    if (__cv_ == 0 || __bufptr_ == 0 || (__width <= 0 && __off != 0) || sync())
        -: 4321:        return pos_type(off_type(-1));
        -: 4322:    // __width > 0 || __off == 0, now check __way
        -: 4323:    if (__way != ios_base::beg && __way != ios_base::cur && __way != ios_base::end)
        -: 4324:        return pos_type(off_type(-1));
        -: 4325:    pos_type __r = __bufptr_->pubseekoff(__width * __off, __way, __om);
        -: 4326:    __r.state(__st_);
        -: 4327:    return __r;
        -: 4328:}
        -: 4329:
        -: 4330:template <class _Codecvt, class _Elem, class _Tr>
        -: 4331:typename wbuffer_convert<_Codecvt, _Elem, _Tr>::pos_type
        -: 4332:wbuffer_convert<_Codecvt, _Elem, _Tr>::seekpos(pos_type __sp, ios_base::openmode __wch)
        -: 4333:{
        -: 4334:    if (__cv_ == 0 || __bufptr_ == 0 || sync())
        -: 4335:        return pos_type(off_type(-1));
        -: 4336:    if (__bufptr_->pubseekpos(__sp, __wch) == pos_type(off_type(-1)))
        -: 4337:        return pos_type(off_type(-1));
        -: 4338:    return __sp;
        -: 4339:}
        -: 4340:
        -: 4341:template <class _Codecvt, class _Elem, class _Tr>
        -: 4342:int
        -: 4343:wbuffer_convert<_Codecvt, _Elem, _Tr>::sync()
        -: 4344:{
        -: 4345:    if (__cv_ == 0 || __bufptr_ == 0)
        -: 4346:        return 0;
        -: 4347:    if (__cm_ & ios_base::out)
        -: 4348:    {
        -: 4349:        if (this->pptr() != this->pbase())
        -: 4350:            if (overflow() == traits_type::eof())
        -: 4351:                return -1;
        -: 4352:        codecvt_base::result __r;
        -: 4353:        do
        -: 4354:        {
        -: 4355:            char* __extbe;
        -: 4356:            __r = __cv_->unshift(__st_, __extbuf_, __extbuf_ + __ebs_, __extbe);
        -: 4357:            streamsize __nmemb = static_cast<streamsize>(__extbe - __extbuf_);
        -: 4358:            if (__bufptr_->sputn(__extbuf_, __nmemb) != __nmemb)
        -: 4359:                return -1;
        -: 4360:        } while (__r == codecvt_base::partial);
        -: 4361:        if (__r == codecvt_base::error)
        -: 4362:            return -1;
        -: 4363:        if (__bufptr_->pubsync())
        -: 4364:            return -1;
        -: 4365:    }
        -: 4366:    else if (__cm_ & ios_base::in)
        -: 4367:    {
        -: 4368:        off_type __c;
        -: 4369:        if (__always_noconv_)
        -: 4370:            __c = this->egptr() - this->gptr();
        -: 4371:        else
        -: 4372:        {
        -: 4373:            int __width = __cv_->encoding();
        -: 4374:            __c = __extbufend_ - __extbufnext_;
        -: 4375:            if (__width > 0)
        -: 4376:                __c += __width * (this->egptr() - this->gptr());
        -: 4377:            else
        -: 4378:            {
        -: 4379:                if (this->gptr() != this->egptr())
        -: 4380:                {
        -: 4381:                    reverse(this->gptr(), this->egptr());
        -: 4382:                    codecvt_base::result __r;
        -: 4383:                    const char_type* __e = this->gptr();
        -: 4384:                    char* __extbe;
        -: 4385:                    do
        -: 4386:                    {
        -: 4387:                        __r = __cv_->out(__st_, __e, this->egptr(), __e,
        -: 4388:                                         __extbuf_, __extbuf_ + __ebs_, __extbe);
        -: 4389:                        switch (__r)
        -: 4390:                        {
        -: 4391:                        case codecvt_base::noconv:
        -: 4392:                            __c += this->egptr() - this->gptr();
        -: 4393:                            break;
        -: 4394:                        case codecvt_base::ok:
        -: 4395:                        case codecvt_base::partial:
        -: 4396:                            __c += __extbe - __extbuf_;
        -: 4397:                            break;
        -: 4398:                        default:
        -: 4399:                            return -1;
        -: 4400:                        }
        -: 4401:                    } while (__r == codecvt_base::partial);
        -: 4402:                }
        -: 4403:            }
        -: 4404:        }
        -: 4405:        if (__bufptr_->pubseekoff(-__c, ios_base::cur, __cm_) == pos_type(off_type(-1)))
        -: 4406:            return -1;
        -: 4407:        this->setg(0, 0, 0);
        -: 4408:        __cm_ = 0;
        -: 4409:    }
        -: 4410:    return 0;
        -: 4411:}
        -: 4412:
        -: 4413:template <class _Codecvt, class _Elem, class _Tr>
        -: 4414:bool
        -: 4415:wbuffer_convert<_Codecvt, _Elem, _Tr>::__read_mode()
        -: 4416:{
        -: 4417:    if (!(__cm_ & ios_base::in))
        -: 4418:    {
        -: 4419:        this->setp(0, 0);
        -: 4420:        if (__always_noconv_)
        -: 4421:            this->setg((char_type*)__extbuf_,
        -: 4422:                       (char_type*)__extbuf_ + __ebs_,
        -: 4423:                       (char_type*)__extbuf_ + __ebs_);
        -: 4424:        else
        -: 4425:            this->setg(__intbuf_, __intbuf_ + __ibs_, __intbuf_ + __ibs_);
        -: 4426:        __cm_ = ios_base::in;
        -: 4427:        return true;
        -: 4428:    }
        -: 4429:    return false;
        -: 4430:}
        -: 4431:
        -: 4432:template <class _Codecvt, class _Elem, class _Tr>
        -: 4433:void
        -: 4434:wbuffer_convert<_Codecvt, _Elem, _Tr>::__write_mode()
        -: 4435:{
        -: 4436:    if (!(__cm_ & ios_base::out))
        -: 4437:    {
        -: 4438:        this->setg(0, 0, 0);
        -: 4439:        if (__ebs_ > sizeof(__extbuf_min_))
        -: 4440:        {
        -: 4441:            if (__always_noconv_)
        -: 4442:                this->setp((char_type*)__extbuf_,
        -: 4443:                           (char_type*)__extbuf_ + (__ebs_ - 1));
        -: 4444:            else
        -: 4445:                this->setp(__intbuf_, __intbuf_ + (__ibs_ - 1));
        -: 4446:        }
        -: 4447:        else
        -: 4448:            this->setp(0, 0);
        -: 4449:        __cm_ = ios_base::out;
        -: 4450:    }
        -: 4451:}
        -: 4452:
        -: 4453:template <class _Codecvt, class _Elem, class _Tr>
        -: 4454:wbuffer_convert<_Codecvt, _Elem, _Tr>*
        -: 4455:wbuffer_convert<_Codecvt, _Elem, _Tr>::__close()
        -: 4456:{
        -: 4457:    wbuffer_convert* __rt = 0;
        -: 4458:    if (__cv_ != 0 && __bufptr_ != 0)
        -: 4459:    {
        -: 4460:        __rt = this;
        -: 4461:        if ((__cm_ & ios_base::out) && sync())
        -: 4462:            __rt = 0;
        -: 4463:    }
        -: 4464:    return __rt;
        -: 4465:}
        -: 4466:
        -: 4467:_LIBCPP_END_NAMESPACE_STD
        -: 4468:
        -: 4469:#endif  // _LIBCPP_LOCALE
