        -:    0:Source:/Applications/Xcode.app/Contents/Developer/Toolchains/XcodeDefault.xctoolchain/usr/bin/../include/c++/v1/memory
        -:    0:Graph:/Users/wjp/Desktop/workspace/libasync/libasync/build/tests/CMakeFiles/tests.dir/SystemIntegrationTOT.cc.gcno
        -:    0:Data:/Users/wjp/Desktop/workspace/libasync/libasync/build/tests/CMakeFiles/tests.dir/SystemIntegrationTOT.cc.gcda
        -:    0:Runs:2
        -:    0:Programs:1
        -:    1:// -*- C++ -*-
        -:    2://===-------------------------- memory ------------------------------------===//
        -:    3://
        -:    4://                     The LLVM Compiler Infrastructure
        -:    5://
        -:    6:// This file is dual licensed under the MIT and the University of Illinois Open
        -:    7:// Source Licenses. See LICENSE.TXT for details.
        -:    8://
        -:    9://===----------------------------------------------------------------------===//
        -:   10:
        -:   11:#ifndef _LIBCPP_MEMORY
        -:   12:#define _LIBCPP_MEMORY
        -:   13:
        -:   14:/*
        -:   15:    memory synopsis
        -:   16:
        -:   17:namespace std
        -:   18:{
        -:   19:
        -:   20:struct allocator_arg_t { };
        -:   21:constexpr allocator_arg_t allocator_arg = allocator_arg_t();
        -:   22:
        -:   23:template <class T, class Alloc> struct uses_allocator;
        -:   24:
        -:   25:template <class Ptr>
        -:   26:struct pointer_traits
        -:   27:{
        -:   28:    typedef Ptr pointer;
        -:   29:    typedef <details> element_type;
        -:   30:    typedef <details> difference_type;
        -:   31:
        -:   32:    template <class U> using rebind = <details>;
        -:   33:
        -:   34:    static pointer pointer_to(<details>);
        -:   35:};
        -:   36:
        -:   37:template <class T>
        -:   38:struct pointer_traits<T*>
        -:   39:{
        -:   40:    typedef T* pointer;
        -:   41:    typedef T element_type;
        -:   42:    typedef ptrdiff_t difference_type;
        -:   43:
        -:   44:    template <class U> using rebind = U*;
        -:   45:
        -:   46:    static pointer pointer_to(<details>) noexcept;
        -:   47:};
        -:   48:
        -:   49:template <class Alloc>
        -:   50:struct allocator_traits
        -:   51:{
        -:   52:    typedef Alloc                        allocator_type;
        -:   53:    typedef typename allocator_type::value_type
        -:   54:                                         value_type;
        -:   55:
        -:   56:    typedef Alloc::pointer | value_type* pointer;
        -:   57:    typedef Alloc::const_pointer
        -:   58:          | pointer_traits<pointer>::rebind<const value_type>
        -:   59:                                         const_pointer;
        -:   60:    typedef Alloc::void_pointer
        -:   61:          | pointer_traits<pointer>::rebind<void>
        -:   62:                                         void_pointer;
        -:   63:    typedef Alloc::const_void_pointer
        -:   64:          | pointer_traits<pointer>::rebind<const void>
        -:   65:                                         const_void_pointer;
        -:   66:    typedef Alloc::difference_type
        -:   67:          | pointer_traits<pointer>::difference_type
        -:   68:                                         difference_type;
        -:   69:    typedef Alloc::size_type
        -:   70:          | make_unsigned<difference_type>::type
        -:   71:                                         size_type;
        -:   72:    typedef Alloc::propagate_on_container_copy_assignment
        -:   73:          | false_type                   propagate_on_container_copy_assignment;
        -:   74:    typedef Alloc::propagate_on_container_move_assignment
        -:   75:          | false_type                   propagate_on_container_move_assignment;
        -:   76:    typedef Alloc::propagate_on_container_swap
        -:   77:          | false_type                   propagate_on_container_swap;
        -:   78:    typedef Alloc::is_always_equal
        -:   79:          | is_empty                     is_always_equal;
        -:   80:
        -:   81:    template <class T> using rebind_alloc  = Alloc::rebind<U>::other | Alloc<T, Args...>;
        -:   82:    template <class T> using rebind_traits = allocator_traits<rebind_alloc<T>>;
        -:   83:
        -:   84:    static pointer allocate(allocator_type& a, size_type n);
        -:   85:    static pointer allocate(allocator_type& a, size_type n, const_void_pointer hint);
        -:   86:
        -:   87:    static void deallocate(allocator_type& a, pointer p, size_type n) noexcept;
        -:   88:
        -:   89:    template <class T, class... Args>
        -:   90:        static void construct(allocator_type& a, T* p, Args&&... args);
        -:   91:
        -:   92:    template <class T>
        -:   93:        static void destroy(allocator_type& a, T* p);
        -:   94:
        -:   95:    static size_type max_size(const allocator_type& a); // noexcept in C++14
        -:   96:
        -:   97:    static allocator_type
        -:   98:        select_on_container_copy_construction(const allocator_type& a);
        -:   99:};
        -:  100:
        -:  101:template <>
        -:  102:class allocator<void>
        -:  103:{
        -:  104:public:
        -:  105:    typedef void*                                 pointer;
        -:  106:    typedef const void*                           const_pointer;
        -:  107:    typedef void                                  value_type;
        -:  108:
        -:  109:    template <class _Up> struct rebind {typedef allocator<_Up> other;};
        -:  110:};
        -:  111:
        -:  112:template <class T>
        -:  113:class allocator
        -:  114:{
        -:  115:public:
        -:  116:    typedef size_t                                size_type;
        -:  117:    typedef ptrdiff_t                             difference_type;
        -:  118:    typedef T*                                    pointer;
        -:  119:    typedef const T*                              const_pointer;
        -:  120:    typedef typename add_lvalue_reference<T>::type       reference;
        -:  121:    typedef typename add_lvalue_reference<const T>::type const_reference;
        -:  122:    typedef T                                     value_type;
        -:  123:
        -:  124:    template <class U> struct rebind {typedef allocator<U> other;};
        -:  125:
        -:  126:    allocator() noexcept;
        -:  127:    allocator(const allocator&) noexcept;
        -:  128:    template <class U> allocator(const allocator<U>&) noexcept;
        -:  129:    ~allocator();
        -:  130:    pointer address(reference x) const noexcept;
        -:  131:    const_pointer address(const_reference x) const noexcept;
        -:  132:    pointer allocate(size_type, allocator<void>::const_pointer hint = 0);
        -:  133:    void deallocate(pointer p, size_type n) noexcept;
        -:  134:    size_type max_size() const noexcept;
        -:  135:    template<class U, class... Args>
        -:  136:        void construct(U* p, Args&&... args);
        -:  137:    template <class U>
        -:  138:        void destroy(U* p);
        -:  139:};
        -:  140:
        -:  141:template <class T, class U>
        -:  142:bool operator==(const allocator<T>&, const allocator<U>&) noexcept;
        -:  143:
        -:  144:template <class T, class U>
        -:  145:bool operator!=(const allocator<T>&, const allocator<U>&) noexcept;
        -:  146:
        -:  147:template <class OutputIterator, class T>
        -:  148:class raw_storage_iterator
        -:  149:    : public iterator<output_iterator_tag,
        -:  150:                      T,                               // purposefully not C++03
        -:  151:                      ptrdiff_t,                       // purposefully not C++03
        -:  152:                      T*,                              // purposefully not C++03
        -:  153:                      raw_storage_iterator&>           // purposefully not C++03
        -:  154:{
        -:  155:public:
        -:  156:    explicit raw_storage_iterator(OutputIterator x);
        -:  157:    raw_storage_iterator& operator*();
        -:  158:    raw_storage_iterator& operator=(const T& element);
        -:  159:    raw_storage_iterator& operator++();
        -:  160:    raw_storage_iterator  operator++(int);
        -:  161:};
        -:  162:
        -:  163:template <class T> pair<T*,ptrdiff_t> get_temporary_buffer(ptrdiff_t n) noexcept;
        -:  164:template <class T> void               return_temporary_buffer(T* p) noexcept;
        -:  165:
        -:  166:template <class T> T* addressof(T& r) noexcept;
        -:  167:
        -:  168:template <class InputIterator, class ForwardIterator>
        -:  169:ForwardIterator
        -:  170:uninitialized_copy(InputIterator first, InputIterator last, ForwardIterator result);
        -:  171:
        -:  172:template <class InputIterator, class Size, class ForwardIterator>
        -:  173:ForwardIterator
        -:  174:uninitialized_copy_n(InputIterator first, Size n, ForwardIterator result);
        -:  175:
        -:  176:template <class ForwardIterator, class T>
        -:  177:void uninitialized_fill(ForwardIterator first, ForwardIterator last, const T& x);
        -:  178:
        -:  179:template <class ForwardIterator, class Size, class T>
        -:  180:ForwardIterator
        -:  181:uninitialized_fill_n(ForwardIterator first, Size n, const T& x);
        -:  182:
        -:  183:template <class Y> struct auto_ptr_ref {};
        -:  184:
        -:  185:template<class X>
        -:  186:class auto_ptr
        -:  187:{
        -:  188:public:
        -:  189:    typedef X element_type;
        -:  190:
        -:  191:    explicit auto_ptr(X* p =0) throw();
        -:  192:    auto_ptr(auto_ptr&) throw();
        -:  193:    template<class Y> auto_ptr(auto_ptr<Y>&) throw();
        -:  194:    auto_ptr& operator=(auto_ptr&) throw();
        -:  195:    template<class Y> auto_ptr& operator=(auto_ptr<Y>&) throw();
        -:  196:    auto_ptr& operator=(auto_ptr_ref<X> r) throw();
        -:  197:    ~auto_ptr() throw();
        -:  198:
        -:  199:    typename add_lvalue_reference<X>::type operator*() const throw();
        -:  200:    X* operator->() const throw();
        -:  201:    X* get() const throw();
        -:  202:    X* release() throw();
        -:  203:    void reset(X* p =0) throw();
        -:  204:
        -:  205:    auto_ptr(auto_ptr_ref<X>) throw();
        -:  206:    template<class Y> operator auto_ptr_ref<Y>() throw();
        -:  207:    template<class Y> operator auto_ptr<Y>() throw();
        -:  208:};
        -:  209:
        -:  210:template <class T>
        -:  211:struct default_delete
        -:  212:{
        -:  213:    constexpr default_delete() noexcept = default;
        -:  214:    template <class U> default_delete(const default_delete<U>&) noexcept;
        -:  215:
        -:  216:    void operator()(T*) const noexcept;
        -:  217:};
        -:  218:
        -:  219:template <class T>
        -:  220:struct default_delete<T[]>
        -:  221:{
        -:  222:    constexpr default_delete() noexcept = default;
        -:  223:    void operator()(T*) const noexcept;
        -:  224:    template <class U> void operator()(U*) const = delete;
        -:  225:};
        -:  226:
        -:  227:template <class T, class D = default_delete<T>>
        -:  228:class unique_ptr
        -:  229:{
        -:  230:public:
        -:  231:    typedef see below pointer;
        -:  232:    typedef T element_type;
        -:  233:    typedef D deleter_type;
        -:  234:
        -:  235:    // constructors
        -:  236:    constexpr unique_ptr() noexcept;
        -:  237:    explicit unique_ptr(pointer p) noexcept;
        -:  238:    unique_ptr(pointer p, see below d1) noexcept;
        -:  239:    unique_ptr(pointer p, see below d2) noexcept;
        -:  240:    unique_ptr(unique_ptr&& u) noexcept;
        -:  241:    unique_ptr(nullptr_t) noexcept : unique_ptr() { }
        -:  242:    template <class U, class E>
        -:  243:        unique_ptr(unique_ptr<U, E>&& u) noexcept;
        -:  244:    template <class U>
        -:  245:        unique_ptr(auto_ptr<U>&& u) noexcept;
        -:  246:
        -:  247:    // destructor
        -:  248:    ~unique_ptr();
        -:  249:
        -:  250:    // assignment
        -:  251:    unique_ptr& operator=(unique_ptr&& u) noexcept;
        -:  252:    template <class U, class E> unique_ptr& operator=(unique_ptr<U, E>&& u) noexcept;
        -:  253:    unique_ptr& operator=(nullptr_t) noexcept;
        -:  254:
        -:  255:    // observers
        -:  256:    typename add_lvalue_reference<T>::type operator*() const;
        -:  257:    pointer operator->() const noexcept;
        -:  258:    pointer get() const noexcept;
        -:  259:    deleter_type& get_deleter() noexcept;
        -:  260:    const deleter_type& get_deleter() const noexcept;
        -:  261:    explicit operator bool() const noexcept;
        -:  262:
        -:  263:    // modifiers
        -:  264:    pointer release() noexcept;
        -:  265:    void reset(pointer p = pointer()) noexcept;
        -:  266:    void swap(unique_ptr& u) noexcept;
        -:  267:};
        -:  268:
        -:  269:template <class T, class D>
        -:  270:class unique_ptr<T[], D>
        -:  271:{
        -:  272:public:
        -:  273:    typedef implementation-defined pointer;
        -:  274:    typedef T element_type;
        -:  275:    typedef D deleter_type;
        -:  276:
        -:  277:    // constructors
        -:  278:    constexpr unique_ptr() noexcept;
        -:  279:    explicit unique_ptr(pointer p) noexcept;
        -:  280:    unique_ptr(pointer p, see below d) noexcept;
        -:  281:    unique_ptr(pointer p, see below d) noexcept;
        -:  282:    unique_ptr(unique_ptr&& u) noexcept;
        -:  283:    unique_ptr(nullptr_t) noexcept : unique_ptr() { }
        -:  284:
        -:  285:    // destructor
        -:  286:    ~unique_ptr();
        -:  287:
        -:  288:    // assignment
        -:  289:    unique_ptr& operator=(unique_ptr&& u) noexcept;
        -:  290:    unique_ptr& operator=(nullptr_t) noexcept;
        -:  291:
        -:  292:    // observers
        -:  293:    T& operator[](size_t i) const;
        -:  294:    pointer get() const noexcept;
        -:  295:    deleter_type& get_deleter() noexcept;
        -:  296:    const deleter_type& get_deleter() const noexcept;
        -:  297:    explicit operator bool() const noexcept;
        -:  298:
        -:  299:    // modifiers
        -:  300:    pointer release() noexcept;
        -:  301:    void reset(pointer p = pointer()) noexcept;
        -:  302:    void reset(nullptr_t) noexcept;
        -:  303:    template <class U> void reset(U) = delete;
        -:  304:    void swap(unique_ptr& u) noexcept;
        -:  305:};
        -:  306:
        -:  307:template <class T, class D>
        -:  308:    void swap(unique_ptr<T, D>& x, unique_ptr<T, D>& y) noexcept;
        -:  309:
        -:  310:template <class T1, class D1, class T2, class D2>
        -:  311:    bool operator==(const unique_ptr<T1, D1>& x, const unique_ptr<T2, D2>& y);
        -:  312:template <class T1, class D1, class T2, class D2>
        -:  313:    bool operator!=(const unique_ptr<T1, D1>& x, const unique_ptr<T2, D2>& y);
        -:  314:template <class T1, class D1, class T2, class D2>
        -:  315:    bool operator<(const unique_ptr<T1, D1>& x, const unique_ptr<T2, D2>& y);
        -:  316:template <class T1, class D1, class T2, class D2>
        -:  317:    bool operator<=(const unique_ptr<T1, D1>& x, const unique_ptr<T2, D2>& y);
        -:  318:template <class T1, class D1, class T2, class D2>
        -:  319:    bool operator>(const unique_ptr<T1, D1>& x, const unique_ptr<T2, D2>& y);
        -:  320:template <class T1, class D1, class T2, class D2>
        -:  321:    bool operator>=(const unique_ptr<T1, D1>& x, const unique_ptr<T2, D2>& y);
        -:  322:
        -:  323:template <class T, class D>
        -:  324:    bool operator==(const unique_ptr<T, D>& x, nullptr_t) noexcept;
        -:  325:template <class T, class D>
        -:  326:    bool operator==(nullptr_t, const unique_ptr<T, D>& y) noexcept;
        -:  327:template <class T, class D>
        -:  328:    bool operator!=(const unique_ptr<T, D>& x, nullptr_t) noexcept;
        -:  329:template <class T, class D>
        -:  330:    bool operator!=(nullptr_t, const unique_ptr<T, D>& y) noexcept;
        -:  331:
        -:  332:template <class T, class D>
        -:  333:    bool operator<(const unique_ptr<T, D>& x, nullptr_t);
        -:  334:template <class T, class D>
        -:  335:    bool operator<(nullptr_t, const unique_ptr<T, D>& y);
        -:  336:template <class T, class D>
        -:  337:    bool operator<=(const unique_ptr<T, D>& x, nullptr_t);
        -:  338:template <class T, class D>
        -:  339:    bool operator<=(nullptr_t, const unique_ptr<T, D>& y);
        -:  340:template <class T, class D>
        -:  341:    bool operator>(const unique_ptr<T, D>& x, nullptr_t);
        -:  342:template <class T, class D>
        -:  343:    bool operator>(nullptr_t, const unique_ptr<T, D>& y);
        -:  344:template <class T, class D>
        -:  345:    bool operator>=(const unique_ptr<T, D>& x, nullptr_t);
        -:  346:template <class T, class D>
        -:  347:    bool operator>=(nullptr_t, const unique_ptr<T, D>& y);
        -:  348:
        -:  349:class bad_weak_ptr
        -:  350:    : public std::exception
        -:  351:{
        -:  352:    bad_weak_ptr() noexcept;
        -:  353:};
        -:  354:
        -:  355:template<class T, class... Args> unique_ptr<T> make_unique(Args&&... args);     // C++14
        -:  356:template<class T>                unique_ptr<T> make_unique(size_t n);           // C++14
        -:  357:template<class T, class... Args> unspecified   make_unique(Args&&...) = delete; // C++14, T == U[N]
        -:  358:
        -:  359:template<class T>
        -:  360:class shared_ptr
        -:  361:{
        -:  362:public:
        -:  363:    typedef T element_type;
        -:  364:
        -:  365:    // constructors:
        -:  366:    constexpr shared_ptr() noexcept;
        -:  367:    template<class Y> explicit shared_ptr(Y* p);
        -:  368:    template<class Y, class D> shared_ptr(Y* p, D d);
        -:  369:    template<class Y, class D, class A> shared_ptr(Y* p, D d, A a);
        -:  370:    template <class D> shared_ptr(nullptr_t p, D d);
        -:  371:    template <class D, class A> shared_ptr(nullptr_t p, D d, A a);
        -:  372:    template<class Y> shared_ptr(const shared_ptr<Y>& r, T *p) noexcept;
        -:  373:    shared_ptr(const shared_ptr& r) noexcept;
        -:  374:    template<class Y> shared_ptr(const shared_ptr<Y>& r) noexcept;
        -:  375:    shared_ptr(shared_ptr&& r) noexcept;
        -:  376:    template<class Y> shared_ptr(shared_ptr<Y>&& r) noexcept;
        -:  377:    template<class Y> explicit shared_ptr(const weak_ptr<Y>& r);
        -:  378:    template<class Y> shared_ptr(auto_ptr<Y>&& r);
        -:  379:    template <class Y, class D> shared_ptr(unique_ptr<Y, D>&& r);
        -:  380:    shared_ptr(nullptr_t) : shared_ptr() { }
        -:  381:
        -:  382:    // destructor:
        -:  383:    ~shared_ptr();
        -:  384:
        -:  385:    // assignment:
        -:  386:    shared_ptr& operator=(const shared_ptr& r) noexcept;
        -:  387:    template<class Y> shared_ptr& operator=(const shared_ptr<Y>& r) noexcept;
        -:  388:    shared_ptr& operator=(shared_ptr&& r) noexcept;
        -:  389:    template<class Y> shared_ptr& operator=(shared_ptr<Y>&& r);
        -:  390:    template<class Y> shared_ptr& operator=(auto_ptr<Y>&& r);
        -:  391:    template <class Y, class D> shared_ptr& operator=(unique_ptr<Y, D>&& r);
        -:  392:
        -:  393:    // modifiers:
        -:  394:    void swap(shared_ptr& r) noexcept;
        -:  395:    void reset() noexcept;
        -:  396:    template<class Y> void reset(Y* p);
        -:  397:    template<class Y, class D> void reset(Y* p, D d);
        -:  398:    template<class Y, class D, class A> void reset(Y* p, D d, A a);
        -:  399:
        -:  400:    // observers:
        -:  401:    T* get() const noexcept;
        -:  402:    T& operator*() const noexcept;
        -:  403:    T* operator->() const noexcept;
        -:  404:    long use_count() const noexcept;
        -:  405:    bool unique() const noexcept;
        -:  406:    explicit operator bool() const noexcept;
        -:  407:    template<class U> bool owner_before(shared_ptr<U> const& b) const;
        -:  408:    template<class U> bool owner_before(weak_ptr<U> const& b) const;
        -:  409:};
        -:  410:
        -:  411:// shared_ptr comparisons:
        -:  412:template<class T, class U>
        -:  413:    bool operator==(shared_ptr<T> const& a, shared_ptr<U> const& b) noexcept;
        -:  414:template<class T, class U>
        -:  415:    bool operator!=(shared_ptr<T> const& a, shared_ptr<U> const& b) noexcept;
        -:  416:template<class T, class U>
        -:  417:    bool operator<(shared_ptr<T> const& a, shared_ptr<U> const& b) noexcept;
        -:  418:template<class T, class U>
        -:  419:    bool operator>(shared_ptr<T> const& a, shared_ptr<U> const& b) noexcept;
        -:  420:template<class T, class U>
        -:  421:    bool operator<=(shared_ptr<T> const& a, shared_ptr<U> const& b) noexcept;
        -:  422:template<class T, class U>
        -:  423:    bool operator>=(shared_ptr<T> const& a, shared_ptr<U> const& b) noexcept;
        -:  424:
        -:  425:template <class T>
        -:  426:    bool operator==(const shared_ptr<T>& x, nullptr_t) noexcept;
        -:  427:template <class T>
        -:  428:    bool operator==(nullptr_t, const shared_ptr<T>& y) noexcept;
        -:  429:template <class T>
        -:  430:    bool operator!=(const shared_ptr<T>& x, nullptr_t) noexcept;
        -:  431:template <class T>
        -:  432:    bool operator!=(nullptr_t, const shared_ptr<T>& y) noexcept;
        -:  433:template <class T>
        -:  434:    bool operator<(const shared_ptr<T>& x, nullptr_t) noexcept;
        -:  435:template <class T>
        -:  436:bool operator<(nullptr_t, const shared_ptr<T>& y) noexcept;
        -:  437:template <class T>
        -:  438:    bool operator<=(const shared_ptr<T>& x, nullptr_t) noexcept;
        -:  439:template <class T>
        -:  440:    bool operator<=(nullptr_t, const shared_ptr<T>& y) noexcept;
        -:  441:template <class T>
        -:  442:    bool operator>(const shared_ptr<T>& x, nullptr_t) noexcept;
        -:  443:template <class T>
        -:  444:    bool operator>(nullptr_t, const shared_ptr<T>& y) noexcept;
        -:  445:template <class T>
        -:  446:    bool operator>=(const shared_ptr<T>& x, nullptr_t) noexcept;
        -:  447:template <class T>
        -:  448:    bool operator>=(nullptr_t, const shared_ptr<T>& y) noexcept;
        -:  449:
        -:  450:// shared_ptr specialized algorithms:
        -:  451:template<class T> void swap(shared_ptr<T>& a, shared_ptr<T>& b) noexcept;
        -:  452:
        -:  453:// shared_ptr casts:
        -:  454:template<class T, class U>
        -:  455:    shared_ptr<T> static_pointer_cast(shared_ptr<U> const& r) noexcept;
        -:  456:template<class T, class U>
        -:  457:    shared_ptr<T> dynamic_pointer_cast(shared_ptr<U> const& r) noexcept;
        -:  458:template<class T, class U>
        -:  459:    shared_ptr<T> const_pointer_cast(shared_ptr<U> const& r) noexcept;
        -:  460:
        -:  461:// shared_ptr I/O:
        -:  462:template<class E, class T, class Y>
        -:  463:    basic_ostream<E, T>& operator<< (basic_ostream<E, T>& os, shared_ptr<Y> const& p);
        -:  464:
        -:  465:// shared_ptr get_deleter:
        -:  466:template<class D, class T> D* get_deleter(shared_ptr<T> const& p) noexcept;
        -:  467:
        -:  468:template<class T, class... Args>
        -:  469:    shared_ptr<T> make_shared(Args&&... args);
        -:  470:template<class T, class A, class... Args>
        -:  471:    shared_ptr<T> allocate_shared(const A& a, Args&&... args);
        -:  472:
        -:  473:template<class T>
        -:  474:class weak_ptr
        -:  475:{
        -:  476:public:
        -:  477:    typedef T element_type;
        -:  478:
        -:  479:    // constructors
        -:  480:    constexpr weak_ptr() noexcept;
        -:  481:    template<class Y> weak_ptr(shared_ptr<Y> const& r) noexcept;
        -:  482:    weak_ptr(weak_ptr const& r) noexcept;
        -:  483:    template<class Y> weak_ptr(weak_ptr<Y> const& r) noexcept;
        -:  484:    weak_ptr(weak_ptr&& r) noexcept;                      // C++14
        -:  485:    template<class Y> weak_ptr(weak_ptr<Y>&& r) noexcept; // C++14
        -:  486:
        -:  487:    // destructor
        -:  488:    ~weak_ptr();
        -:  489:
        -:  490:    // assignment
        -:  491:    weak_ptr& operator=(weak_ptr const& r) noexcept;
        -:  492:    template<class Y> weak_ptr& operator=(weak_ptr<Y> const& r) noexcept;
        -:  493:    template<class Y> weak_ptr& operator=(shared_ptr<Y> const& r) noexcept;
        -:  494:    weak_ptr& operator=(weak_ptr&& r) noexcept;                      // C++14
        -:  495:    template<class Y> weak_ptr& operator=(weak_ptr<Y>&& r) noexcept; // C++14
        -:  496:
        -:  497:    // modifiers
        -:  498:    void swap(weak_ptr& r) noexcept;
        -:  499:    void reset() noexcept;
        -:  500:
        -:  501:    // observers
        -:  502:    long use_count() const noexcept;
        -:  503:    bool expired() const noexcept;
        -:  504:    shared_ptr<T> lock() const noexcept;
        -:  505:    template<class U> bool owner_before(shared_ptr<U> const& b) const;
        -:  506:    template<class U> bool owner_before(weak_ptr<U> const& b) const;
        -:  507:};
        -:  508:
        -:  509:// weak_ptr specialized algorithms:
        -:  510:template<class T> void swap(weak_ptr<T>& a, weak_ptr<T>& b) noexcept;
        -:  511:
        -:  512:// class owner_less:
        -:  513:template<class T> struct owner_less;
        -:  514:
        -:  515:template<class T>
        -:  516:struct owner_less<shared_ptr<T>>
        -:  517:    : binary_function<shared_ptr<T>, shared_ptr<T>, bool>
        -:  518:{
        -:  519:    typedef bool result_type;
        -:  520:    bool operator()(shared_ptr<T> const&, shared_ptr<T> const&) const;
        -:  521:    bool operator()(shared_ptr<T> const&, weak_ptr<T> const&) const;
        -:  522:    bool operator()(weak_ptr<T> const&, shared_ptr<T> const&) const;
        -:  523:};
        -:  524:
        -:  525:template<class T>
        -:  526:struct owner_less<weak_ptr<T>>
        -:  527:    : binary_function<weak_ptr<T>, weak_ptr<T>, bool>
        -:  528:{
        -:  529:    typedef bool result_type;
        -:  530:    bool operator()(weak_ptr<T> const&, weak_ptr<T> const&) const;
        -:  531:    bool operator()(shared_ptr<T> const&, weak_ptr<T> const&) const;
        -:  532:    bool operator()(weak_ptr<T> const&, shared_ptr<T> const&) const;
        -:  533:};
        -:  534:
        -:  535:template<class T>
        -:  536:class enable_shared_from_this
        -:  537:{
        -:  538:protected:
        -:  539:    constexpr enable_shared_from_this() noexcept;
        -:  540:    enable_shared_from_this(enable_shared_from_this const&) noexcept;
        -:  541:    enable_shared_from_this& operator=(enable_shared_from_this const&) noexcept;
        -:  542:    ~enable_shared_from_this();
        -:  543:public:
        -:  544:    shared_ptr<T> shared_from_this();
        -:  545:    shared_ptr<T const> shared_from_this() const;
        -:  546:};
        -:  547:
        -:  548:template<class T>
        -:  549:    bool atomic_is_lock_free(const shared_ptr<T>* p);
        -:  550:template<class T>
        -:  551:    shared_ptr<T> atomic_load(const shared_ptr<T>* p);
        -:  552:template<class T>
        -:  553:    shared_ptr<T> atomic_load_explicit(const shared_ptr<T>* p, memory_order mo);
        -:  554:template<class T>
        -:  555:    void atomic_store(shared_ptr<T>* p, shared_ptr<T> r);
        -:  556:template<class T>
        -:  557:    void atomic_store_explicit(shared_ptr<T>* p, shared_ptr<T> r, memory_order mo);
        -:  558:template<class T>
        -:  559:    shared_ptr<T> atomic_exchange(shared_ptr<T>* p, shared_ptr<T> r);
        -:  560:template<class T>
        -:  561:    shared_ptr<T>
        -:  562:    atomic_exchange_explicit(shared_ptr<T>* p, shared_ptr<T> r, memory_order mo);
        -:  563:template<class T>
        -:  564:    bool
        -:  565:    atomic_compare_exchange_weak(shared_ptr<T>* p, shared_ptr<T>* v, shared_ptr<T> w);
        -:  566:template<class T>
        -:  567:    bool
        -:  568:    atomic_compare_exchange_strong( shared_ptr<T>* p, shared_ptr<T>* v, shared_ptr<T> w);
        -:  569:template<class T>
        -:  570:    bool
        -:  571:    atomic_compare_exchange_weak_explicit(shared_ptr<T>* p, shared_ptr<T>* v,
        -:  572:                                          shared_ptr<T> w, memory_order success,
        -:  573:                                          memory_order failure);
        -:  574:template<class T>
        -:  575:    bool
        -:  576:    atomic_compare_exchange_strong_explicit(shared_ptr<T>* p, shared_ptr<T>* v,
        -:  577:                                            shared_ptr<T> w, memory_order success,
        -:  578:                                            memory_order failure);
        -:  579:// Hash support
        -:  580:template <class T> struct hash;
        -:  581:template <class T, class D> struct hash<unique_ptr<T, D> >;
        -:  582:template <class T> struct hash<shared_ptr<T> >;
        -:  583:
        -:  584:// Pointer safety
        -:  585:enum class pointer_safety { relaxed, preferred, strict };
        -:  586:void declare_reachable(void *p);
        -:  587:template <class T> T *undeclare_reachable(T *p);
        -:  588:void declare_no_pointers(char *p, size_t n);
        -:  589:void undeclare_no_pointers(char *p, size_t n);
        -:  590:pointer_safety get_pointer_safety() noexcept;
        -:  591:
        -:  592:void* align(size_t alignment, size_t size, void*& ptr, size_t& space);
        -:  593:
        -:  594:}  // std
        -:  595:
        -:  596:*/
        -:  597:
        -:  598:#include <__config>
        -:  599:#include <type_traits>
        -:  600:#include <typeinfo>
        -:  601:#include <cstddef>
        -:  602:#include <cstdint>
        -:  603:#include <new>
        -:  604:#include <utility>
        -:  605:#include <limits>
        -:  606:#include <iterator>
        -:  607:#include <__functional_base>
        -:  608:#include <iosfwd>
        -:  609:#include <tuple>
        -:  610:#include <cstring>
        -:  611:#if defined(_LIBCPP_NO_EXCEPTIONS)
        -:  612:    #include <cassert>
        -:  613:#endif
        -:  614:
        -:  615:#if __has_feature(cxx_atomic) && !defined(_LIBCPP_HAS_NO_THREADS)
        -:  616:#  include <atomic>
        -:  617:#endif
        -:  618:
        -:  619:#include <__undef_min_max>
        -:  620:#include <__undef___deallocate>
        -:  621:
        -:  622:#if !defined(_LIBCPP_HAS_NO_PRAGMA_SYSTEM_HEADER)
        -:  623:#pragma GCC system_header
        -:  624:#endif
        -:  625:
        -:  626:_LIBCPP_BEGIN_NAMESPACE_STD
        -:  627:
        -:  628:template <class _ValueType>
        -:  629:inline _LIBCPP_ALWAYS_INLINE
        -:  630:_ValueType __libcpp_relaxed_load(_ValueType const* __value) {
        -:  631:#if !defined(_LIBCPP_HAS_NO_THREADS) && \
        -:  632:    defined(__ATOMIC_RELAXED) &&        \
        -:  633:    (__has_builtin(__atomic_load_n) || _GNUC_VER >= 407)
        -:  634:    return __atomic_load_n(__value, __ATOMIC_RELAXED);
        -:  635:#else
        -:  636:    return *__value;
        -:  637:#endif
        -:  638:}
        -:  639:
        -:  640:// addressof moved to <__functional_base>
        -:  641:
        -:  642:template <class _Tp> class allocator;
        -:  643:
        -:  644:template <>
        -:  645:class _LIBCPP_TYPE_VIS_ONLY allocator<void>
        -:  646:{
        -:  647:public:
        -:  648:    typedef void*             pointer;
        -:  649:    typedef const void*       const_pointer;
        -:  650:    typedef void              value_type;
        -:  651:
        -:  652:    template <class _Up> struct rebind {typedef allocator<_Up> other;};
        -:  653:};
        -:  654:
        -:  655:template <>
        -:  656:class _LIBCPP_TYPE_VIS_ONLY allocator<const void>
        -:  657:{
        -:  658:public:
        -:  659:    typedef const void*       pointer;
        -:  660:    typedef const void*       const_pointer;
        -:  661:    typedef const void        value_type;
        -:  662:
        -:  663:    template <class _Up> struct rebind {typedef allocator<_Up> other;};
        -:  664:};
        -:  665:
        -:  666:// pointer_traits
        -:  667:
        -:  668:template <class _Tp>
        -:  669:struct __has_element_type
        -:  670:{
        -:  671:private:
        -:  672:    struct __two {char __lx; char __lxx;};
        -:  673:    template <class _Up> static __two __test(...);
        -:  674:    template <class _Up> static char __test(typename _Up::element_type* = 0);
        -:  675:public:
        -:  676:    static const bool value = sizeof(__test<_Tp>(0)) == 1;
        -:  677:};
        -:  678:
        -:  679:template <class _Ptr, bool = __has_element_type<_Ptr>::value>
        -:  680:struct __pointer_traits_element_type;
        -:  681:
        -:  682:template <class _Ptr>
        -:  683:struct __pointer_traits_element_type<_Ptr, true>
        -:  684:{
        -:  685:    typedef typename _Ptr::element_type type;
        -:  686:};
        -:  687:
        -:  688:#ifndef _LIBCPP_HAS_NO_VARIADICS
        -:  689:
        -:  690:template <template <class, class...> class _Sp, class _Tp, class ..._Args>
        -:  691:struct __pointer_traits_element_type<_Sp<_Tp, _Args...>, true>
        -:  692:{
        -:  693:    typedef typename _Sp<_Tp, _Args...>::element_type type;
        -:  694:};
        -:  695:
        -:  696:template <template <class, class...> class _Sp, class _Tp, class ..._Args>
        -:  697:struct __pointer_traits_element_type<_Sp<_Tp, _Args...>, false>
        -:  698:{
        -:  699:    typedef _Tp type;
        -:  700:};
        -:  701:
        -:  702:#else  // _LIBCPP_HAS_NO_VARIADICS
        -:  703:
        -:  704:template <template <class> class _Sp, class _Tp>
        -:  705:struct __pointer_traits_element_type<_Sp<_Tp>, true>
        -:  706:{
        -:  707:    typedef typename _Sp<_Tp>::element_type type;
        -:  708:};
        -:  709:
        -:  710:template <template <class> class _Sp, class _Tp>
        -:  711:struct __pointer_traits_element_type<_Sp<_Tp>, false>
        -:  712:{
        -:  713:    typedef _Tp type;
        -:  714:};
        -:  715:
        -:  716:template <template <class, class> class _Sp, class _Tp, class _A0>
        -:  717:struct __pointer_traits_element_type<_Sp<_Tp, _A0>, true>
        -:  718:{
        -:  719:    typedef typename _Sp<_Tp, _A0>::element_type type;
        -:  720:};
        -:  721:
        -:  722:template <template <class, class> class _Sp, class _Tp, class _A0>
        -:  723:struct __pointer_traits_element_type<_Sp<_Tp, _A0>, false>
        -:  724:{
        -:  725:    typedef _Tp type;
        -:  726:};
        -:  727:
        -:  728:template <template <class, class, class> class _Sp, class _Tp, class _A0, class _A1>
        -:  729:struct __pointer_traits_element_type<_Sp<_Tp, _A0, _A1>, true>
        -:  730:{
        -:  731:    typedef typename _Sp<_Tp, _A0, _A1>::element_type type;
        -:  732:};
        -:  733:
        -:  734:template <template <class, class, class> class _Sp, class _Tp, class _A0, class _A1>
        -:  735:struct __pointer_traits_element_type<_Sp<_Tp, _A0, _A1>, false>
        -:  736:{
        -:  737:    typedef _Tp type;
        -:  738:};
        -:  739:
        -:  740:template <template <class, class, class, class> class _Sp, class _Tp, class _A0,
        -:  741:                                                           class _A1, class _A2>
        -:  742:struct __pointer_traits_element_type<_Sp<_Tp, _A0, _A1, _A2>, true>
        -:  743:{
        -:  744:    typedef typename _Sp<_Tp, _A0, _A1, _A2>::element_type type;
        -:  745:};
        -:  746:
        -:  747:template <template <class, class, class, class> class _Sp, class _Tp, class _A0,
        -:  748:                                                           class _A1, class _A2>
        -:  749:struct __pointer_traits_element_type<_Sp<_Tp, _A0, _A1, _A2>, false>
        -:  750:{
        -:  751:    typedef _Tp type;
        -:  752:};
        -:  753:
        -:  754:#endif  // _LIBCPP_HAS_NO_VARIADICS
        -:  755:
        -:  756:template <class _Tp>
        -:  757:struct __has_difference_type
        -:  758:{
        -:  759:private:
        -:  760:    struct __two {char __lx; char __lxx;};
        -:  761:    template <class _Up> static __two __test(...);
        -:  762:    template <class _Up> static char __test(typename _Up::difference_type* = 0);
        -:  763:public:
        -:  764:    static const bool value = sizeof(__test<_Tp>(0)) == 1;
        -:  765:};
        -:  766:
        -:  767:template <class _Ptr, bool = __has_difference_type<_Ptr>::value>
        -:  768:struct __pointer_traits_difference_type
        -:  769:{
        -:  770:    typedef ptrdiff_t type;
        -:  771:};
        -:  772:
        -:  773:template <class _Ptr>
        -:  774:struct __pointer_traits_difference_type<_Ptr, true>
        -:  775:{
        -:  776:    typedef typename _Ptr::difference_type type;
        -:  777:};
        -:  778:
        -:  779:template <class _Tp, class _Up>
        -:  780:struct __has_rebind
        -:  781:{
        -:  782:private:
        -:  783:    struct __two {char __lx; char __lxx;};
        -:  784:    template <class _Xp> static __two __test(...);
        -:  785:    template <class _Xp> static char __test(typename _Xp::template rebind<_Up>* = 0);
        -:  786:public:
        -:  787:    static const bool value = sizeof(__test<_Tp>(0)) == 1;
        -:  788:};
        -:  789:
        -:  790:template <class _Tp, class _Up, bool = __has_rebind<_Tp, _Up>::value>
        -:  791:struct __pointer_traits_rebind
        -:  792:{
        -:  793:#ifndef _LIBCPP_HAS_NO_TEMPLATE_ALIASES
        -:  794:    typedef typename _Tp::template rebind<_Up> type;
        -:  795:#else
        -:  796:    typedef typename _Tp::template rebind<_Up>::other type;
        -:  797:#endif
        -:  798:};
        -:  799:
        -:  800:#ifndef _LIBCPP_HAS_NO_VARIADICS
        -:  801:
        -:  802:template <template <class, class...> class _Sp, class _Tp, class ..._Args, class _Up>
        -:  803:struct __pointer_traits_rebind<_Sp<_Tp, _Args...>, _Up, true>
        -:  804:{
        -:  805:#ifndef _LIBCPP_HAS_NO_TEMPLATE_ALIASES
        -:  806:    typedef typename _Sp<_Tp, _Args...>::template rebind<_Up> type;
        -:  807:#else
        -:  808:    typedef typename _Sp<_Tp, _Args...>::template rebind<_Up>::other type;
        -:  809:#endif
        -:  810:};
        -:  811:
        -:  812:template <template <class, class...> class _Sp, class _Tp, class ..._Args, class _Up>
        -:  813:struct __pointer_traits_rebind<_Sp<_Tp, _Args...>, _Up, false>
        -:  814:{
        -:  815:    typedef _Sp<_Up, _Args...> type;
        -:  816:};
        -:  817:
        -:  818:#else  // _LIBCPP_HAS_NO_VARIADICS
        -:  819:
        -:  820:template <template <class> class _Sp, class _Tp, class _Up>
        -:  821:struct __pointer_traits_rebind<_Sp<_Tp>, _Up, true>
        -:  822:{
        -:  823:#ifndef _LIBCPP_HAS_NO_TEMPLATE_ALIASES
        -:  824:    typedef typename _Sp<_Tp>::template rebind<_Up> type;
        -:  825:#else
        -:  826:    typedef typename _Sp<_Tp>::template rebind<_Up>::other type;
        -:  827:#endif
        -:  828:};
        -:  829:
        -:  830:template <template <class> class _Sp, class _Tp, class _Up>
        -:  831:struct __pointer_traits_rebind<_Sp<_Tp>, _Up, false>
        -:  832:{
        -:  833:    typedef _Sp<_Up> type;
        -:  834:};
        -:  835:
        -:  836:template <template <class, class> class _Sp, class _Tp, class _A0, class _Up>
        -:  837:struct __pointer_traits_rebind<_Sp<_Tp, _A0>, _Up, true>
        -:  838:{
        -:  839:#ifndef _LIBCPP_HAS_NO_TEMPLATE_ALIASES
        -:  840:    typedef typename _Sp<_Tp, _A0>::template rebind<_Up> type;
        -:  841:#else
        -:  842:    typedef typename _Sp<_Tp, _A0>::template rebind<_Up>::other type;
        -:  843:#endif
        -:  844:};
        -:  845:
        -:  846:template <template <class, class> class _Sp, class _Tp, class _A0, class _Up>
        -:  847:struct __pointer_traits_rebind<_Sp<_Tp, _A0>, _Up, false>
        -:  848:{
        -:  849:    typedef _Sp<_Up, _A0> type;
        -:  850:};
        -:  851:
        -:  852:template <template <class, class, class> class _Sp, class _Tp, class _A0,
        -:  853:                                         class _A1, class _Up>
        -:  854:struct __pointer_traits_rebind<_Sp<_Tp, _A0, _A1>, _Up, true>
        -:  855:{
        -:  856:#ifndef _LIBCPP_HAS_NO_TEMPLATE_ALIASES
        -:  857:    typedef typename _Sp<_Tp, _A0, _A1>::template rebind<_Up> type;
        -:  858:#else
        -:  859:    typedef typename _Sp<_Tp, _A0, _A1>::template rebind<_Up>::other type;
        -:  860:#endif
        -:  861:};
        -:  862:
        -:  863:template <template <class, class, class> class _Sp, class _Tp, class _A0,
        -:  864:                                         class _A1, class _Up>
        -:  865:struct __pointer_traits_rebind<_Sp<_Tp, _A0, _A1>, _Up, false>
        -:  866:{
        -:  867:    typedef _Sp<_Up, _A0, _A1> type;
        -:  868:};
        -:  869:
        -:  870:template <template <class, class, class, class> class _Sp, class _Tp, class _A0,
        -:  871:                                                class _A1, class _A2, class _Up>
        -:  872:struct __pointer_traits_rebind<_Sp<_Tp, _A0, _A1, _A2>, _Up, true>
        -:  873:{
        -:  874:#ifndef _LIBCPP_HAS_NO_TEMPLATE_ALIASES
        -:  875:    typedef typename _Sp<_Tp, _A0, _A1, _A2>::template rebind<_Up> type;
        -:  876:#else
        -:  877:    typedef typename _Sp<_Tp, _A0, _A1, _A2>::template rebind<_Up>::other type;
        -:  878:#endif
        -:  879:};
        -:  880:
        -:  881:template <template <class, class, class, class> class _Sp, class _Tp, class _A0,
        -:  882:                                                class _A1, class _A2, class _Up>
        -:  883:struct __pointer_traits_rebind<_Sp<_Tp, _A0, _A1, _A2>, _Up, false>
        -:  884:{
        -:  885:    typedef _Sp<_Up, _A0, _A1, _A2> type;
        -:  886:};
        -:  887:
        -:  888:#endif  // _LIBCPP_HAS_NO_VARIADICS
        -:  889:
        -:  890:template <class _Ptr>
        -:  891:struct _LIBCPP_TYPE_VIS_ONLY pointer_traits
        -:  892:{
        -:  893:    typedef _Ptr                                                     pointer;
        -:  894:    typedef typename __pointer_traits_element_type<pointer>::type    element_type;
        -:  895:    typedef typename __pointer_traits_difference_type<pointer>::type difference_type;
        -:  896:
        -:  897:#ifndef _LIBCPP_HAS_NO_TEMPLATE_ALIASES
        -:  898:    template <class _Up> using rebind = typename __pointer_traits_rebind<pointer, _Up>::type;
        -:  899:#else
        -:  900:    template <class _Up> struct rebind
        -:  901:        {typedef typename __pointer_traits_rebind<pointer, _Up>::type other;};
        -:  902:#endif  // _LIBCPP_HAS_NO_TEMPLATE_ALIASES
        -:  903:
        -:  904:private:
        -:  905:    struct __nat {};
        -:  906:public:
        -:  907:    _LIBCPP_INLINE_VISIBILITY
        -:  908:    static pointer pointer_to(typename conditional<is_void<element_type>::value,
        -:  909:                                           __nat, element_type>::type& __r)
        -:  910:        {return pointer::pointer_to(__r);}
        -:  911:};
        -:  912:
        -:  913:template <class _Tp>
        -:  914:struct _LIBCPP_TYPE_VIS_ONLY pointer_traits<_Tp*>
        -:  915:{
        -:  916:    typedef _Tp*      pointer;
        -:  917:    typedef _Tp       element_type;
        -:  918:    typedef ptrdiff_t difference_type;
        -:  919:
        -:  920:#ifndef _LIBCPP_HAS_NO_TEMPLATE_ALIASES
        -:  921:    template <class _Up> using rebind = _Up*;
        -:  922:#else
        -:  923:    template <class _Up> struct rebind {typedef _Up* other;};
        -:  924:#endif
        -:  925:
        -:  926:private:
        -:  927:    struct __nat {};
        -:  928:public:
        -:  929:    _LIBCPP_INLINE_VISIBILITY
        -:  930:    static pointer pointer_to(typename conditional<is_void<element_type>::value,
        -:  931:                                      __nat, element_type>::type& __r) _NOEXCEPT
    #####:  932:        {return _VSTD::addressof(__r);}
        -:  933:};
        -:  934:
        -:  935:template <class _From, class _To>
        -:  936:struct __rebind_pointer {
        -:  937:#ifndef _LIBCPP_HAS_NO_TEMPLATE_ALIASES
        -:  938:    typedef typename pointer_traits<_From>::template rebind<_To>        type;
        -:  939:#else
        -:  940:    typedef typename pointer_traits<_From>::template rebind<_To>::other type;
        -:  941:#endif
        -:  942:};
        -:  943:
        -:  944:// allocator_traits
        -:  945:
        -:  946:namespace __has_pointer_type_imp
        -:  947:{
        -:  948:    template <class _Up> static __two __test(...);
        -:  949:    template <class _Up> static char __test(typename _Up::pointer* = 0);
        -:  950:}
        -:  951:
        -:  952:template <class _Tp>
        -:  953:struct __has_pointer_type
        -:  954:    : public integral_constant<bool, sizeof(__has_pointer_type_imp::__test<_Tp>(0)) == 1>
        -:  955:{
        -:  956:};
        -:  957:
        -:  958:namespace __pointer_type_imp
        -:  959:{
        -:  960:
        -:  961:template <class _Tp, class _Dp, bool = __has_pointer_type<_Dp>::value>
        -:  962:struct __pointer_type
        -:  963:{
        -:  964:    typedef typename _Dp::pointer type;
        -:  965:};
        -:  966:
        -:  967:template <class _Tp, class _Dp>
        -:  968:struct __pointer_type<_Tp, _Dp, false>
        -:  969:{
        -:  970:    typedef _Tp* type;
        -:  971:};
        -:  972:
        -:  973:}  // __pointer_type_imp
        -:  974:
        -:  975:template <class _Tp, class _Dp>
        -:  976:struct __pointer_type
        -:  977:{
        -:  978:    typedef typename __pointer_type_imp::__pointer_type<_Tp, typename remove_reference<_Dp>::type>::type type;
        -:  979:};
        -:  980:
        -:  981:template <class _Tp>
        -:  982:struct __has_const_pointer
        -:  983:{
        -:  984:private:
        -:  985:    struct __two {char __lx; char __lxx;};
        -:  986:    template <class _Up> static __two __test(...);
        -:  987:    template <class _Up> static char __test(typename _Up::const_pointer* = 0);
        -:  988:public:
        -:  989:    static const bool value = sizeof(__test<_Tp>(0)) == 1;
        -:  990:};
        -:  991:
        -:  992:template <class _Tp, class _Ptr, class _Alloc, bool = __has_const_pointer<_Alloc>::value>
        -:  993:struct __const_pointer
        -:  994:{
        -:  995:    typedef typename _Alloc::const_pointer type;
        -:  996:};
        -:  997:
        -:  998:template <class _Tp, class _Ptr, class _Alloc>
        -:  999:struct __const_pointer<_Tp, _Ptr, _Alloc, false>
        -: 1000:{
        -: 1001:#ifndef _LIBCPP_HAS_NO_TEMPLATE_ALIASES
        -: 1002:    typedef typename pointer_traits<_Ptr>::template rebind<const _Tp> type;
        -: 1003:#else
        -: 1004:    typedef typename pointer_traits<_Ptr>::template rebind<const _Tp>::other type;
        -: 1005:#endif
        -: 1006:};
        -: 1007:
        -: 1008:template <class _Tp>
        -: 1009:struct __has_void_pointer
        -: 1010:{
        -: 1011:private:
        -: 1012:    struct __two {char __lx; char __lxx;};
        -: 1013:    template <class _Up> static __two __test(...);
        -: 1014:    template <class _Up> static char __test(typename _Up::void_pointer* = 0);
        -: 1015:public:
        -: 1016:    static const bool value = sizeof(__test<_Tp>(0)) == 1;
        -: 1017:};
        -: 1018:
        -: 1019:template <class _Ptr, class _Alloc, bool = __has_void_pointer<_Alloc>::value>
        -: 1020:struct __void_pointer
        -: 1021:{
        -: 1022:    typedef typename _Alloc::void_pointer type;
        -: 1023:};
        -: 1024:
        -: 1025:template <class _Ptr, class _Alloc>
        -: 1026:struct __void_pointer<_Ptr, _Alloc, false>
        -: 1027:{
        -: 1028:#ifndef _LIBCPP_HAS_NO_TEMPLATE_ALIASES
        -: 1029:    typedef typename pointer_traits<_Ptr>::template rebind<void> type;
        -: 1030:#else
        -: 1031:    typedef typename pointer_traits<_Ptr>::template rebind<void>::other type;
        -: 1032:#endif
        -: 1033:};
        -: 1034:
        -: 1035:template <class _Tp>
        -: 1036:struct __has_const_void_pointer
        -: 1037:{
        -: 1038:private:
        -: 1039:    struct __two {char __lx; char __lxx;};
        -: 1040:    template <class _Up> static __two __test(...);
        -: 1041:    template <class _Up> static char __test(typename _Up::const_void_pointer* = 0);
        -: 1042:public:
        -: 1043:    static const bool value = sizeof(__test<_Tp>(0)) == 1;
        -: 1044:};
        -: 1045:
        -: 1046:template <class _Ptr, class _Alloc, bool = __has_const_void_pointer<_Alloc>::value>
        -: 1047:struct __const_void_pointer
        -: 1048:{
        -: 1049:    typedef typename _Alloc::const_void_pointer type;
        -: 1050:};
        -: 1051:
        -: 1052:template <class _Ptr, class _Alloc>
        -: 1053:struct __const_void_pointer<_Ptr, _Alloc, false>
        -: 1054:{
        -: 1055:#ifndef _LIBCPP_HAS_NO_TEMPLATE_ALIASES
        -: 1056:    typedef typename pointer_traits<_Ptr>::template rebind<const void> type;
        -: 1057:#else
        -: 1058:    typedef typename pointer_traits<_Ptr>::template rebind<const void>::other type;
        -: 1059:#endif
        -: 1060:};
        -: 1061:
        -: 1062:template <class _Tp>
        -: 1063:inline _LIBCPP_INLINE_VISIBILITY
        -: 1064:_Tp*
        -: 1065:__to_raw_pointer(_Tp* __p) _NOEXCEPT
        -: 1066:{
    #####: 1067:    return __p;
        -: 1068:}
        -: 1069:
        -: 1070:template <class _Pointer>
        -: 1071:inline _LIBCPP_INLINE_VISIBILITY
        -: 1072:typename pointer_traits<_Pointer>::element_type*
        -: 1073:__to_raw_pointer(_Pointer __p) _NOEXCEPT
        -: 1074:{
        -: 1075:    return _VSTD::__to_raw_pointer(__p.operator->());
        -: 1076:}
        -: 1077:
        -: 1078:template <class _Tp>
        -: 1079:struct __has_size_type
        -: 1080:{
        -: 1081:private:
        -: 1082:    struct __two {char __lx; char __lxx;};
        -: 1083:    template <class _Up> static __two __test(...);
        -: 1084:    template <class _Up> static char __test(typename _Up::size_type* = 0);
        -: 1085:public:
        -: 1086:    static const bool value = sizeof(__test<_Tp>(0)) == 1;
        -: 1087:};
        -: 1088:
        -: 1089:template <class _Alloc, class _DiffType, bool = __has_size_type<_Alloc>::value>
        -: 1090:struct __size_type
        -: 1091:{
        -: 1092:    typedef typename make_unsigned<_DiffType>::type type;
        -: 1093:};
        -: 1094:
        -: 1095:template <class _Alloc, class _DiffType>
        -: 1096:struct __size_type<_Alloc, _DiffType, true>
        -: 1097:{
        -: 1098:    typedef typename _Alloc::size_type type;
        -: 1099:};
        -: 1100:
        -: 1101:template <class _Tp>
        -: 1102:struct __has_propagate_on_container_copy_assignment
        -: 1103:{
        -: 1104:private:
        -: 1105:    struct __two {char __lx; char __lxx;};
        -: 1106:    template <class _Up> static __two __test(...);
        -: 1107:    template <class _Up> static char __test(typename _Up::propagate_on_container_copy_assignment* = 0);
        -: 1108:public:
        -: 1109:    static const bool value = sizeof(__test<_Tp>(0)) == 1;
        -: 1110:};
        -: 1111:
        -: 1112:template <class _Alloc, bool = __has_propagate_on_container_copy_assignment<_Alloc>::value>
        -: 1113:struct __propagate_on_container_copy_assignment
        -: 1114:{
        -: 1115:    typedef false_type type;
        -: 1116:};
        -: 1117:
        -: 1118:template <class _Alloc>
        -: 1119:struct __propagate_on_container_copy_assignment<_Alloc, true>
        -: 1120:{
        -: 1121:    typedef typename _Alloc::propagate_on_container_copy_assignment type;
        -: 1122:};
        -: 1123:
        -: 1124:template <class _Tp>
        -: 1125:struct __has_propagate_on_container_move_assignment
        -: 1126:{
        -: 1127:private:
        -: 1128:    struct __two {char __lx; char __lxx;};
        -: 1129:    template <class _Up> static __two __test(...);
        -: 1130:    template <class _Up> static char __test(typename _Up::propagate_on_container_move_assignment* = 0);
        -: 1131:public:
        -: 1132:    static const bool value = sizeof(__test<_Tp>(0)) == 1;
        -: 1133:};
        -: 1134:
        -: 1135:template <class _Alloc, bool = __has_propagate_on_container_move_assignment<_Alloc>::value>
        -: 1136:struct __propagate_on_container_move_assignment
        -: 1137:{
        -: 1138:    typedef false_type type;
        -: 1139:};
        -: 1140:
        -: 1141:template <class _Alloc>
        -: 1142:struct __propagate_on_container_move_assignment<_Alloc, true>
        -: 1143:{
        -: 1144:    typedef typename _Alloc::propagate_on_container_move_assignment type;
        -: 1145:};
        -: 1146:
        -: 1147:template <class _Tp>
        -: 1148:struct __has_propagate_on_container_swap
        -: 1149:{
        -: 1150:private:
        -: 1151:    struct __two {char __lx; char __lxx;};
        -: 1152:    template <class _Up> static __two __test(...);
        -: 1153:    template <class _Up> static char __test(typename _Up::propagate_on_container_swap* = 0);
        -: 1154:public:
        -: 1155:    static const bool value = sizeof(__test<_Tp>(0)) == 1;
        -: 1156:};
        -: 1157:
        -: 1158:template <class _Alloc, bool = __has_propagate_on_container_swap<_Alloc>::value>
        -: 1159:struct __propagate_on_container_swap
        -: 1160:{
        -: 1161:    typedef false_type type;
        -: 1162:};
        -: 1163:
        -: 1164:template <class _Alloc>
        -: 1165:struct __propagate_on_container_swap<_Alloc, true>
        -: 1166:{
        -: 1167:    typedef typename _Alloc::propagate_on_container_swap type;
        -: 1168:};
        -: 1169:
        -: 1170:template <class _Tp>
        -: 1171:struct __has_is_always_equal
        -: 1172:{
        -: 1173:private:
        -: 1174:    struct __two {char __lx; char __lxx;};
        -: 1175:    template <class _Up> static __two __test(...);
        -: 1176:    template <class _Up> static char __test(typename _Up::is_always_equal* = 0);
        -: 1177:public:
        -: 1178:    static const bool value = sizeof(__test<_Tp>(0)) == 1;
        -: 1179:};
        -: 1180:
        -: 1181:template <class _Alloc, bool = __has_is_always_equal<_Alloc>::value>
        -: 1182:struct __is_always_equal
        -: 1183:{
        -: 1184:    typedef typename _VSTD::is_empty<_Alloc>::type type;
        -: 1185:};
        -: 1186:
        -: 1187:template <class _Alloc>
        -: 1188:struct __is_always_equal<_Alloc, true>
        -: 1189:{
        -: 1190:    typedef typename _Alloc::is_always_equal type;
        -: 1191:};
        -: 1192:
        -: 1193:template <class _Tp, class _Up, bool = __has_rebind<_Tp, _Up>::value>
        -: 1194:struct __has_rebind_other
        -: 1195:{
        -: 1196:private:
        -: 1197:    struct __two {char __lx; char __lxx;};
        -: 1198:    template <class _Xp> static __two __test(...);
        -: 1199:    template <class _Xp> static char __test(typename _Xp::template rebind<_Up>::other* = 0);
        -: 1200:public:
        -: 1201:    static const bool value = sizeof(__test<_Tp>(0)) == 1;
        -: 1202:};
        -: 1203:
        -: 1204:template <class _Tp, class _Up>
        -: 1205:struct __has_rebind_other<_Tp, _Up, false>
        -: 1206:{
        -: 1207:    static const bool value = false;
        -: 1208:};
        -: 1209:
        -: 1210:template <class _Tp, class _Up, bool = __has_rebind_other<_Tp, _Up>::value>
        -: 1211:struct __allocator_traits_rebind
        -: 1212:{
        -: 1213:    typedef typename _Tp::template rebind<_Up>::other type;
        -: 1214:};
        -: 1215:
        -: 1216:#ifndef _LIBCPP_HAS_NO_VARIADICS
        -: 1217:
        -: 1218:template <template <class, class...> class _Alloc, class _Tp, class ..._Args, class _Up>
        -: 1219:struct __allocator_traits_rebind<_Alloc<_Tp, _Args...>, _Up, true>
        -: 1220:{
        -: 1221:    typedef typename _Alloc<_Tp, _Args...>::template rebind<_Up>::other type;
        -: 1222:};
        -: 1223:
        -: 1224:template <template <class, class...> class _Alloc, class _Tp, class ..._Args, class _Up>
        -: 1225:struct __allocator_traits_rebind<_Alloc<_Tp, _Args...>, _Up, false>
        -: 1226:{
        -: 1227:    typedef _Alloc<_Up, _Args...> type;
        -: 1228:};
        -: 1229:
        -: 1230:#else  // _LIBCPP_HAS_NO_VARIADICS
        -: 1231:
        -: 1232:template <template <class> class _Alloc, class _Tp, class _Up>
        -: 1233:struct __allocator_traits_rebind<_Alloc<_Tp>, _Up, true>
        -: 1234:{
        -: 1235:    typedef typename _Alloc<_Tp>::template rebind<_Up>::other type;
        -: 1236:};
        -: 1237:
        -: 1238:template <template <class> class _Alloc, class _Tp, class _Up>
        -: 1239:struct __allocator_traits_rebind<_Alloc<_Tp>, _Up, false>
        -: 1240:{
        -: 1241:    typedef _Alloc<_Up> type;
        -: 1242:};
        -: 1243:
        -: 1244:template <template <class, class> class _Alloc, class _Tp, class _A0, class _Up>
        -: 1245:struct __allocator_traits_rebind<_Alloc<_Tp, _A0>, _Up, true>
        -: 1246:{
        -: 1247:    typedef typename _Alloc<_Tp, _A0>::template rebind<_Up>::other type;
        -: 1248:};
        -: 1249:
        -: 1250:template <template <class, class> class _Alloc, class _Tp, class _A0, class _Up>
        -: 1251:struct __allocator_traits_rebind<_Alloc<_Tp, _A0>, _Up, false>
        -: 1252:{
        -: 1253:    typedef _Alloc<_Up, _A0> type;
        -: 1254:};
        -: 1255:
        -: 1256:template <template <class, class, class> class _Alloc, class _Tp, class _A0,
        -: 1257:                                         class _A1, class _Up>
        -: 1258:struct __allocator_traits_rebind<_Alloc<_Tp, _A0, _A1>, _Up, true>
        -: 1259:{
        -: 1260:    typedef typename _Alloc<_Tp, _A0, _A1>::template rebind<_Up>::other type;
        -: 1261:};
        -: 1262:
        -: 1263:template <template <class, class, class> class _Alloc, class _Tp, class _A0,
        -: 1264:                                         class _A1, class _Up>
        -: 1265:struct __allocator_traits_rebind<_Alloc<_Tp, _A0, _A1>, _Up, false>
        -: 1266:{
        -: 1267:    typedef _Alloc<_Up, _A0, _A1> type;
        -: 1268:};
        -: 1269:
        -: 1270:template <template <class, class, class, class> class _Alloc, class _Tp, class _A0,
        -: 1271:                                                class _A1, class _A2, class _Up>
        -: 1272:struct __allocator_traits_rebind<_Alloc<_Tp, _A0, _A1, _A2>, _Up, true>
        -: 1273:{
        -: 1274:    typedef typename _Alloc<_Tp, _A0, _A1, _A2>::template rebind<_Up>::other type;
        -: 1275:};
        -: 1276:
        -: 1277:template <template <class, class, class, class> class _Alloc, class _Tp, class _A0,
        -: 1278:                                                class _A1, class _A2, class _Up>
        -: 1279:struct __allocator_traits_rebind<_Alloc<_Tp, _A0, _A1, _A2>, _Up, false>
        -: 1280:{
        -: 1281:    typedef _Alloc<_Up, _A0, _A1, _A2> type;
        -: 1282:};
        -: 1283:
        -: 1284:#endif  // _LIBCPP_HAS_NO_VARIADICS
        -: 1285:
        -: 1286:#ifndef _LIBCPP_HAS_NO_ADVANCED_SFINAE
        -: 1287:
        -: 1288:template <class _Alloc, class _SizeType, class _ConstVoidPtr>
        -: 1289:auto
        -: 1290:__has_allocate_hint_test(_Alloc&& __a, _SizeType&& __sz, _ConstVoidPtr&& __p)
        -: 1291:    -> decltype(__a.allocate(__sz, __p), true_type());
        -: 1292:
        -: 1293:template <class _Alloc, class _SizeType, class _ConstVoidPtr>
        -: 1294:auto
        -: 1295:__has_allocate_hint_test(const _Alloc& __a, _SizeType&& __sz, _ConstVoidPtr&& __p)
        -: 1296:    -> false_type;
        -: 1297:
        -: 1298:template <class _Alloc, class _SizeType, class _ConstVoidPtr>
        -: 1299:struct __has_allocate_hint
        -: 1300:    : integral_constant<bool,
        -: 1301:        is_same<
        -: 1302:            decltype(__has_allocate_hint_test(declval<_Alloc>(),
        -: 1303:                                          declval<_SizeType>(),
        -: 1304:                                          declval<_ConstVoidPtr>())),
        -: 1305:            true_type>::value>
        -: 1306:{
        -: 1307:};
        -: 1308:
        -: 1309:#else  // _LIBCPP_HAS_NO_ADVANCED_SFINAE
        -: 1310:
        -: 1311:template <class _Alloc, class _SizeType, class _ConstVoidPtr>
        -: 1312:struct __has_allocate_hint
        -: 1313:    : true_type
        -: 1314:{
        -: 1315:};
        -: 1316:
        -: 1317:#endif  // _LIBCPP_HAS_NO_ADVANCED_SFINAE
        -: 1318:
        -: 1319:#if !defined(_LIBCPP_HAS_NO_ADVANCED_SFINAE) && !defined(_LIBCPP_HAS_NO_VARIADICS)
        -: 1320:
        -: 1321:template <class _Alloc, class _Tp, class ..._Args>
        -: 1322:decltype(_VSTD::declval<_Alloc>().construct(_VSTD::declval<_Tp*>(),
        -: 1323:                                           _VSTD::declval<_Args>()...),
        -: 1324:                                           true_type())
        -: 1325:__has_construct_test(_Alloc&& __a, _Tp* __p, _Args&& ...__args);
        -: 1326:
        -: 1327:template <class _Alloc, class _Pointer, class ..._Args>
        -: 1328:false_type
        -: 1329:__has_construct_test(const _Alloc& __a, _Pointer&& __p, _Args&& ...__args);
        -: 1330:
        -: 1331:template <class _Alloc, class _Pointer, class ..._Args>
        -: 1332:struct __has_construct
        -: 1333:    : integral_constant<bool,
        -: 1334:        is_same<
        -: 1335:            decltype(__has_construct_test(declval<_Alloc>(),
        -: 1336:                                          declval<_Pointer>(),
        -: 1337:                                          declval<_Args>()...)),
        -: 1338:            true_type>::value>
        -: 1339:{
        -: 1340:};
        -: 1341:
        -: 1342:template <class _Alloc, class _Pointer>
        -: 1343:auto
        -: 1344:__has_destroy_test(_Alloc&& __a, _Pointer&& __p)
        -: 1345:    -> decltype(__a.destroy(__p), true_type());
        -: 1346:
        -: 1347:template <class _Alloc, class _Pointer>
        -: 1348:auto
        -: 1349:__has_destroy_test(const _Alloc& __a, _Pointer&& __p)
        -: 1350:    -> false_type;
        -: 1351:
        -: 1352:template <class _Alloc, class _Pointer>
        -: 1353:struct __has_destroy
        -: 1354:    : integral_constant<bool,
        -: 1355:        is_same<
        -: 1356:            decltype(__has_destroy_test(declval<_Alloc>(),
        -: 1357:                                        declval<_Pointer>())),
        -: 1358:            true_type>::value>
        -: 1359:{
        -: 1360:};
        -: 1361:
        -: 1362:template <class _Alloc>
        -: 1363:auto
        -: 1364:__has_max_size_test(_Alloc&& __a)
        -: 1365:    -> decltype(__a.max_size(), true_type());
        -: 1366:
        -: 1367:template <class _Alloc>
        -: 1368:auto
        -: 1369:__has_max_size_test(const volatile _Alloc& __a)
        -: 1370:    -> false_type;
        -: 1371:
        -: 1372:template <class _Alloc>
        -: 1373:struct __has_max_size
        -: 1374:    : integral_constant<bool,
        -: 1375:        is_same<
        -: 1376:            decltype(__has_max_size_test(declval<_Alloc&>())),
        -: 1377:            true_type>::value>
        -: 1378:{
        -: 1379:};
        -: 1380:
        -: 1381:template <class _Alloc>
        -: 1382:auto
        -: 1383:__has_select_on_container_copy_construction_test(_Alloc&& __a)
        -: 1384:    -> decltype(__a.select_on_container_copy_construction(), true_type());
        -: 1385:
        -: 1386:template <class _Alloc>
        -: 1387:auto
        -: 1388:__has_select_on_container_copy_construction_test(const volatile _Alloc& __a)
        -: 1389:    -> false_type;
        -: 1390:
        -: 1391:template <class _Alloc>
        -: 1392:struct __has_select_on_container_copy_construction
        -: 1393:    : integral_constant<bool,
        -: 1394:        is_same<
        -: 1395:            decltype(__has_select_on_container_copy_construction_test(declval<_Alloc&>())),
        -: 1396:            true_type>::value>
        -: 1397:{
        -: 1398:};
        -: 1399:
        -: 1400:#else  // _LIBCPP_HAS_NO_ADVANCED_SFINAE
        -: 1401:
        -: 1402:#ifndef _LIBCPP_HAS_NO_VARIADICS
        -: 1403:
        -: 1404:template <class _Alloc, class _Pointer, class ..._Args>
        -: 1405:struct __has_construct
        -: 1406:    : false_type
        -: 1407:{
        -: 1408:};
        -: 1409:
        -: 1410:#else  // _LIBCPP_HAS_NO_VARIADICS
        -: 1411:
        -: 1412:template <class _Alloc, class _Pointer, class _Args>
        -: 1413:struct __has_construct
        -: 1414:    : false_type
        -: 1415:{
        -: 1416:};
        -: 1417:
        -: 1418:#endif  // _LIBCPP_HAS_NO_VARIADICS
        -: 1419:
        -: 1420:template <class _Alloc, class _Pointer>
        -: 1421:struct __has_destroy
        -: 1422:    : false_type
        -: 1423:{
        -: 1424:};
        -: 1425:
        -: 1426:template <class _Alloc>
        -: 1427:struct __has_max_size
        -: 1428:    : true_type
        -: 1429:{
        -: 1430:};
        -: 1431:
        -: 1432:template <class _Alloc>
        -: 1433:struct __has_select_on_container_copy_construction
        -: 1434:    : false_type
        -: 1435:{
        -: 1436:};
        -: 1437:
        -: 1438:#endif  // _LIBCPP_HAS_NO_ADVANCED_SFINAE
        -: 1439:
        -: 1440:template <class _Alloc, class _Ptr, bool = __has_difference_type<_Alloc>::value>
        -: 1441:struct __alloc_traits_difference_type
        -: 1442:{
        -: 1443:    typedef typename pointer_traits<_Ptr>::difference_type type;
        -: 1444:};
        -: 1445:
        -: 1446:template <class _Alloc, class _Ptr>
        -: 1447:struct __alloc_traits_difference_type<_Alloc, _Ptr, true>
        -: 1448:{
        -: 1449:    typedef typename _Alloc::difference_type type;
        -: 1450:};
        -: 1451:
        -: 1452:template <class _Alloc>
        -: 1453:struct _LIBCPP_TYPE_VIS_ONLY allocator_traits
        -: 1454:{
        -: 1455:    typedef _Alloc                              allocator_type;
        -: 1456:    typedef typename allocator_type::value_type value_type;
        -: 1457:
        -: 1458:    typedef typename __pointer_type<value_type, allocator_type>::type pointer;
        -: 1459:    typedef typename __const_pointer<value_type, pointer, allocator_type>::type const_pointer;
        -: 1460:    typedef typename __void_pointer<pointer, allocator_type>::type void_pointer;
        -: 1461:    typedef typename __const_void_pointer<pointer, allocator_type>::type const_void_pointer;
        -: 1462:
        -: 1463:    typedef typename __alloc_traits_difference_type<allocator_type, pointer>::type difference_type;
        -: 1464:    typedef typename __size_type<allocator_type, difference_type>::type size_type;
        -: 1465:
        -: 1466:    typedef typename __propagate_on_container_copy_assignment<allocator_type>::type
        -: 1467:                     propagate_on_container_copy_assignment;
        -: 1468:    typedef typename __propagate_on_container_move_assignment<allocator_type>::type
        -: 1469:                     propagate_on_container_move_assignment;
        -: 1470:    typedef typename __propagate_on_container_swap<allocator_type>::type
        -: 1471:                     propagate_on_container_swap;
        -: 1472:    typedef typename __is_always_equal<allocator_type>::type
        -: 1473:                     is_always_equal;
        -: 1474:
        -: 1475:#ifndef _LIBCPP_HAS_NO_TEMPLATE_ALIASES
        -: 1476:    template <class _Tp> using rebind_alloc =
        -: 1477:                  typename __allocator_traits_rebind<allocator_type, _Tp>::type;
        -: 1478:    template <class _Tp> using rebind_traits = allocator_traits<rebind_alloc<_Tp>>;
        -: 1479:#else  // _LIBCPP_HAS_NO_TEMPLATE_ALIASES
        -: 1480:    template <class _Tp> struct rebind_alloc
        -: 1481:        {typedef typename __allocator_traits_rebind<allocator_type, _Tp>::type other;};
        -: 1482:    template <class _Tp> struct rebind_traits
        -: 1483:        {typedef allocator_traits<typename rebind_alloc<_Tp>::other> other;};
        -: 1484:#endif  // _LIBCPP_HAS_NO_TEMPLATE_ALIASES
        -: 1485:
        -: 1486:    _LIBCPP_INLINE_VISIBILITY
        -: 1487:    static pointer allocate(allocator_type& __a, size_type __n)
    #####: 1488:        {return __a.allocate(__n);}
        -: 1489:    _LIBCPP_INLINE_VISIBILITY
        -: 1490:    static pointer allocate(allocator_type& __a, size_type __n, const_void_pointer __hint)
        -: 1491:        {return allocate(__a, __n, __hint,
        -: 1492:            __has_allocate_hint<allocator_type, size_type, const_void_pointer>());}
        -: 1493:
        -: 1494:    _LIBCPP_INLINE_VISIBILITY
        -: 1495:    static void deallocate(allocator_type& __a, pointer __p, size_type __n) _NOEXCEPT
        -: 1496:        {__a.deallocate(__p, __n);}
        -: 1497:
        -: 1498:#ifndef _LIBCPP_HAS_NO_VARIADICS
        -: 1499:    template <class _Tp, class... _Args>
        -: 1500:        _LIBCPP_INLINE_VISIBILITY
        -: 1501:        static void construct(allocator_type& __a, _Tp* __p, _Args&&... __args)
        -: 1502:            {__construct(__has_construct<allocator_type, _Tp*, _Args...>(),
        -: 1503:                         __a, __p, _VSTD::forward<_Args>(__args)...);}
        -: 1504:#else  // _LIBCPP_HAS_NO_VARIADICS
        -: 1505:    template <class _Tp>
        -: 1506:        _LIBCPP_INLINE_VISIBILITY
        -: 1507:        static void construct(allocator_type& __a, _Tp* __p)
        -: 1508:            {
        -: 1509:                ::new ((void*)__p) _Tp();
        -: 1510:            }
        -: 1511:    template <class _Tp, class _A0>
        -: 1512:        _LIBCPP_INLINE_VISIBILITY
        -: 1513:        static void construct(allocator_type& __a, _Tp* __p, const _A0& __a0)
        -: 1514:            {
        -: 1515:                ::new ((void*)__p) _Tp(__a0);
        -: 1516:            }
        -: 1517:    template <class _Tp, class _A0, class _A1>
        -: 1518:        _LIBCPP_INLINE_VISIBILITY
        -: 1519:        static void construct(allocator_type& __a, _Tp* __p, const _A0& __a0,
        -: 1520:                              const _A1& __a1)
        -: 1521:            {
        -: 1522:                ::new ((void*)__p) _Tp(__a0, __a1);
        -: 1523:            }
        -: 1524:    template <class _Tp, class _A0, class _A1, class _A2>
        -: 1525:        _LIBCPP_INLINE_VISIBILITY
        -: 1526:        static void construct(allocator_type& __a, _Tp* __p, const _A0& __a0,
        -: 1527:                              const _A1& __a1, const _A2& __a2)
        -: 1528:            {
        -: 1529:                ::new ((void*)__p) _Tp(__a0, __a1, __a2);
        -: 1530:            }
        -: 1531:#endif  // _LIBCPP_HAS_NO_VARIADICS
        -: 1532:
        -: 1533:    template <class _Tp>
        -: 1534:        _LIBCPP_INLINE_VISIBILITY
        -: 1535:        static void destroy(allocator_type& __a, _Tp* __p)
        -: 1536:            {__destroy(__has_destroy<allocator_type, _Tp*>(), __a, __p);}
        -: 1537:
        -: 1538:    _LIBCPP_INLINE_VISIBILITY
        -: 1539:    static size_type max_size(const allocator_type& __a) _NOEXCEPT
    #####: 1540:        {return __max_size(__has_max_size<const allocator_type>(), __a);}
        -: 1541:
        -: 1542:    _LIBCPP_INLINE_VISIBILITY
        -: 1543:    static allocator_type
        -: 1544:        select_on_container_copy_construction(const allocator_type& __a)
        -: 1545:            {return select_on_container_copy_construction(
        -: 1546:                __has_select_on_container_copy_construction<const allocator_type>(),
        -: 1547:                __a);}
        -: 1548:
        -: 1549:    template <class _Ptr>
        -: 1550:        _LIBCPP_INLINE_VISIBILITY
        -: 1551:        static
        -: 1552:        void
        -: 1553:        __construct_forward(allocator_type& __a, _Ptr __begin1, _Ptr __end1, _Ptr& __begin2)
        -: 1554:        {
        -: 1555:            for (; __begin1 != __end1; ++__begin1, ++__begin2)
        -: 1556:                construct(__a, _VSTD::__to_raw_pointer(__begin2), _VSTD::move_if_noexcept(*__begin1));
        -: 1557:        }
        -: 1558:
        -: 1559:    template <class _Tp>
        -: 1560:        _LIBCPP_INLINE_VISIBILITY
        -: 1561:        static
        -: 1562:        typename enable_if
        -: 1563:        <
        -: 1564:            (is_same<allocator_type, allocator<_Tp> >::value
        -: 1565:                || !__has_construct<allocator_type, _Tp*, _Tp>::value) &&
        -: 1566:             is_trivially_move_constructible<_Tp>::value,
        -: 1567:            void
        -: 1568:        >::type
        -: 1569:        __construct_forward(allocator_type& __a, _Tp* __begin1, _Tp* __end1, _Tp*& __begin2)
        -: 1570:        {
        -: 1571:            ptrdiff_t _Np = __end1 - __begin1;
        -: 1572:            if (_Np > 0)
        -: 1573:            {
        -: 1574:                _VSTD::memcpy(__begin2, __begin1, _Np * sizeof(_Tp));
        -: 1575:                __begin2 += _Np;
        -: 1576:            }
        -: 1577:        }
        -: 1578:
        -: 1579:    template <class _Iter, class _Ptr>
        -: 1580:        _LIBCPP_INLINE_VISIBILITY
        -: 1581:        static
        -: 1582:        void
        -: 1583:        __construct_range_forward(allocator_type& __a, _Iter __begin1, _Iter __end1, _Ptr& __begin2)
        -: 1584:        {
        -: 1585:            for (; __begin1 != __end1; ++__begin1, (void) ++__begin2)
        -: 1586:                construct(__a, _VSTD::__to_raw_pointer(__begin2), *__begin1);
        -: 1587:        }
        -: 1588:
        -: 1589:    template <class _Tp>
        -: 1590:        _LIBCPP_INLINE_VISIBILITY
        -: 1591:        static
        -: 1592:        typename enable_if
        -: 1593:        <
        -: 1594:            (is_same<allocator_type, allocator<_Tp> >::value
        -: 1595:                || !__has_construct<allocator_type, _Tp*, _Tp>::value) &&
        -: 1596:             is_trivially_move_constructible<_Tp>::value,
        -: 1597:            void
        -: 1598:        >::type
        -: 1599:        __construct_range_forward(allocator_type& __a, _Tp* __begin1, _Tp* __end1, _Tp*& __begin2)
        -: 1600:        {
        -: 1601:            typedef typename remove_const<_Tp>::type _Vp;
        -: 1602:            ptrdiff_t _Np = __end1 - __begin1;
        -: 1603:            if (_Np > 0)
        -: 1604:            {
        -: 1605:                _VSTD::memcpy(const_cast<_Vp*>(__begin2), __begin1, _Np * sizeof(_Tp));
        -: 1606:                __begin2 += _Np;
        -: 1607:            }
        -: 1608:        }
        -: 1609:
        -: 1610:    template <class _Ptr>
        -: 1611:        _LIBCPP_INLINE_VISIBILITY
        -: 1612:        static
        -: 1613:        void
        -: 1614:        __construct_backward(allocator_type& __a, _Ptr __begin1, _Ptr __end1, _Ptr& __end2)
        -: 1615:        {
        -: 1616:            while (__end1 != __begin1)
        -: 1617:            {
        -: 1618:                construct(__a, _VSTD::__to_raw_pointer(__end2-1), _VSTD::move_if_noexcept(*--__end1));
        -: 1619:                --__end2;
        -: 1620:            }
        -: 1621:        }
        -: 1622:
        -: 1623:    template <class _Tp>
        -: 1624:        _LIBCPP_INLINE_VISIBILITY
        -: 1625:        static
        -: 1626:        typename enable_if
        -: 1627:        <
        -: 1628:            (is_same<allocator_type, allocator<_Tp> >::value
        -: 1629:                || !__has_construct<allocator_type, _Tp*, _Tp>::value) &&
        -: 1630:             is_trivially_move_constructible<_Tp>::value,
        -: 1631:            void
        -: 1632:        >::type
        -: 1633:        __construct_backward(allocator_type& __a, _Tp* __begin1, _Tp* __end1, _Tp*& __end2)
        -: 1634:        {
        -: 1635:            ptrdiff_t _Np = __end1 - __begin1;
        -: 1636:            __end2 -= _Np;
        -: 1637:            if (_Np > 0)
        -: 1638:                _VSTD::memcpy(__end2, __begin1, _Np * sizeof(_Tp));
        -: 1639:        }
        -: 1640:
        -: 1641:private:
        -: 1642:
        -: 1643:    _LIBCPP_INLINE_VISIBILITY
        -: 1644:    static pointer allocate(allocator_type& __a, size_type __n,
        -: 1645:        const_void_pointer __hint, true_type)
        -: 1646:        {return __a.allocate(__n, __hint);}
        -: 1647:    _LIBCPP_INLINE_VISIBILITY
[...]
        -: 5135:        {return __cntrl_ == 0 || __cntrl_->use_count() == 0;}
        -: 5136:    shared_ptr<_Tp> lock() const _NOEXCEPT;
        -: 5137:    template<class _Up>
        -: 5138:        _LIBCPP_INLINE_VISIBILITY
        -: 5139:        bool owner_before(const shared_ptr<_Up>& __r) const
        -: 5140:        {return __cntrl_ < __r.__cntrl_;}
        -: 5141:    template<class _Up>
        -: 5142:        _LIBCPP_INLINE_VISIBILITY
        -: 5143:        bool owner_before(const weak_ptr<_Up>& __r) const
        -: 5144:        {return __cntrl_ < __r.__cntrl_;}
        -: 5145:
        -: 5146:    template <class _Up> friend class _LIBCPP_TYPE_VIS_ONLY weak_ptr;
        -: 5147:    template <class _Up> friend class _LIBCPP_TYPE_VIS_ONLY shared_ptr;
        -: 5148:};
        -: 5149:
        -: 5150:template<class _Tp>
        -: 5151:inline
        -: 5152:_LIBCPP_CONSTEXPR
        -: 5153:weak_ptr<_Tp>::weak_ptr() _NOEXCEPT
        -: 5154:    : __ptr_(0),
        -: 5155:      __cntrl_(0)
        -: 5156:{
        -: 5157:}
        -: 5158:
        -: 5159:template<class _Tp>
        -: 5160:inline
        -: 5161:weak_ptr<_Tp>::weak_ptr(weak_ptr const& __r) _NOEXCEPT
        -: 5162:    : __ptr_(__r.__ptr_),
        -: 5163:      __cntrl_(__r.__cntrl_)
        -: 5164:{
        -: 5165:    if (__cntrl_)
        -: 5166:        __cntrl_->__add_weak();
        -: 5167:}
        -: 5168:
        -: 5169:template<class _Tp>
        -: 5170:template<class _Yp>
        -: 5171:inline
        -: 5172:weak_ptr<_Tp>::weak_ptr(shared_ptr<_Yp> const& __r,
        -: 5173:                        typename enable_if<is_convertible<_Yp*, _Tp*>::value, __nat*>::type)
        -: 5174:                         _NOEXCEPT
        -: 5175:    : __ptr_(__r.__ptr_),
        -: 5176:      __cntrl_(__r.__cntrl_)
        -: 5177:{
        -: 5178:    if (__cntrl_)
        -: 5179:        __cntrl_->__add_weak();
        -: 5180:}
        -: 5181:
        -: 5182:template<class _Tp>
        -: 5183:template<class _Yp>
        -: 5184:inline
        -: 5185:weak_ptr<_Tp>::weak_ptr(weak_ptr<_Yp> const& __r,
        -: 5186:                        typename enable_if<is_convertible<_Yp*, _Tp*>::value, __nat*>::type)
        -: 5187:         _NOEXCEPT
        -: 5188:    : __ptr_(__r.__ptr_),
        -: 5189:      __cntrl_(__r.__cntrl_)
        -: 5190:{
        -: 5191:    if (__cntrl_)
        -: 5192:        __cntrl_->__add_weak();
        -: 5193:}
        -: 5194:
        -: 5195:#ifndef _LIBCPP_HAS_NO_RVALUE_REFERENCES
        -: 5196:
        -: 5197:template<class _Tp>
        -: 5198:inline
        -: 5199:weak_ptr<_Tp>::weak_ptr(weak_ptr&& __r) _NOEXCEPT
        -: 5200:    : __ptr_(__r.__ptr_),
        -: 5201:      __cntrl_(__r.__cntrl_)
        -: 5202:{
        -: 5203:    __r.__ptr_ = 0;
        -: 5204:    __r.__cntrl_ = 0;
        -: 5205:}
        -: 5206:
        -: 5207:template<class _Tp>
        -: 5208:template<class _Yp>
        -: 5209:inline
        -: 5210:weak_ptr<_Tp>::weak_ptr(weak_ptr<_Yp>&& __r,
        -: 5211:                        typename enable_if<is_convertible<_Yp*, _Tp*>::value, __nat*>::type)
        -: 5212:         _NOEXCEPT
        -: 5213:    : __ptr_(__r.__ptr_),
        -: 5214:      __cntrl_(__r.__cntrl_)
        -: 5215:{
        -: 5216:    __r.__ptr_ = 0;
        -: 5217:    __r.__cntrl_ = 0;
        -: 5218:}
        -: 5219:
        -: 5220:#endif  // _LIBCPP_HAS_NO_RVALUE_REFERENCES
        -: 5221:
        -: 5222:template<class _Tp>
        -: 5223:weak_ptr<_Tp>::~weak_ptr()
        -: 5224:{
        -: 5225:    if (__cntrl_)
        -: 5226:        __cntrl_->__release_weak();
        -: 5227:}
        -: 5228:
        -: 5229:template<class _Tp>
        -: 5230:inline
        -: 5231:weak_ptr<_Tp>&
        -: 5232:weak_ptr<_Tp>::operator=(weak_ptr const& __r) _NOEXCEPT
        -: 5233:{
        -: 5234:    weak_ptr(__r).swap(*this);
        -: 5235:    return *this;
        -: 5236:}
        -: 5237:
        -: 5238:template<class _Tp>
        -: 5239:template<class _Yp>
        -: 5240:inline
        -: 5241:typename enable_if
        -: 5242:<
        -: 5243:    is_convertible<_Yp*, _Tp*>::value,
        -: 5244:    weak_ptr<_Tp>&
        -: 5245:>::type
        -: 5246:weak_ptr<_Tp>::operator=(weak_ptr<_Yp> const& __r) _NOEXCEPT
        -: 5247:{
        -: 5248:    weak_ptr(__r).swap(*this);
        -: 5249:    return *this;
        -: 5250:}
        -: 5251:
        -: 5252:#ifndef _LIBCPP_HAS_NO_RVALUE_REFERENCES
        -: 5253:
        -: 5254:template<class _Tp>
        -: 5255:inline
        -: 5256:weak_ptr<_Tp>&
        -: 5257:weak_ptr<_Tp>::operator=(weak_ptr&& __r) _NOEXCEPT
        -: 5258:{
        -: 5259:    weak_ptr(_VSTD::move(__r)).swap(*this);
        -: 5260:    return *this;
        -: 5261:}
        -: 5262:
        -: 5263:template<class _Tp>
        -: 5264:template<class _Yp>
        -: 5265:inline
        -: 5266:typename enable_if
        -: 5267:<
        -: 5268:    is_convertible<_Yp*, _Tp*>::value,
        -: 5269:    weak_ptr<_Tp>&
        -: 5270:>::type
        -: 5271:weak_ptr<_Tp>::operator=(weak_ptr<_Yp>&& __r) _NOEXCEPT
        -: 5272:{
        -: 5273:    weak_ptr(_VSTD::move(__r)).swap(*this);
        -: 5274:    return *this;
        -: 5275:}
        -: 5276:
        -: 5277:#endif  // _LIBCPP_HAS_NO_RVALUE_REFERENCES
        -: 5278:
        -: 5279:template<class _Tp>
        -: 5280:template<class _Yp>
        -: 5281:inline
        -: 5282:typename enable_if
        -: 5283:<
        -: 5284:    is_convertible<_Yp*, _Tp*>::value,
        -: 5285:    weak_ptr<_Tp>&
        -: 5286:>::type
        -: 5287:weak_ptr<_Tp>::operator=(shared_ptr<_Yp> const& __r) _NOEXCEPT
        -: 5288:{
        -: 5289:    weak_ptr(__r).swap(*this);
        -: 5290:    return *this;
        -: 5291:}
        -: 5292:
        -: 5293:template<class _Tp>
        -: 5294:inline
        -: 5295:void
        -: 5296:weak_ptr<_Tp>::swap(weak_ptr& __r) _NOEXCEPT
        -: 5297:{
        -: 5298:    _VSTD::swap(__ptr_, __r.__ptr_);
        -: 5299:    _VSTD::swap(__cntrl_, __r.__cntrl_);
        -: 5300:}
        -: 5301:
        -: 5302:template<class _Tp>
        -: 5303:inline _LIBCPP_INLINE_VISIBILITY
        -: 5304:void
        -: 5305:swap(weak_ptr<_Tp>& __x, weak_ptr<_Tp>& __y) _NOEXCEPT
        -: 5306:{
        -: 5307:    __x.swap(__y);
        -: 5308:}
        -: 5309:
        -: 5310:template<class _Tp>
        -: 5311:inline
        -: 5312:void
        -: 5313:weak_ptr<_Tp>::reset() _NOEXCEPT
        -: 5314:{
        -: 5315:    weak_ptr().swap(*this);
        -: 5316:}
        -: 5317:
        -: 5318:template<class _Tp>
        -: 5319:template<class _Yp>
        -: 5320:shared_ptr<_Tp>::shared_ptr(const weak_ptr<_Yp>& __r,
        -: 5321:                            typename enable_if<is_convertible<_Yp*, _Tp*>::value, __nat>::type)
        -: 5322:    : __ptr_(__r.__ptr_),
        -: 5323:      __cntrl_(__r.__cntrl_ ? __r.__cntrl_->lock() : __r.__cntrl_)
        -: 5324:{
        -: 5325:    if (__cntrl_ == 0)
        -: 5326:#ifndef _LIBCPP_NO_EXCEPTIONS
        -: 5327:        throw bad_weak_ptr();
        -: 5328:#else
        -: 5329:        assert(!"bad_weak_ptr");
        -: 5330:#endif
        -: 5331:}
        -: 5332:
        -: 5333:template<class _Tp>
        -: 5334:shared_ptr<_Tp>
        -: 5335:weak_ptr<_Tp>::lock() const _NOEXCEPT
        -: 5336:{
        -: 5337:    shared_ptr<_Tp> __r;
        -: 5338:    __r.__cntrl_ = __cntrl_ ? __cntrl_->lock() : __cntrl_;
        -: 5339:    if (__r.__cntrl_)
        -: 5340:        __r.__ptr_ = __ptr_;
        -: 5341:    return __r;
        -: 5342:}
        -: 5343:
        -: 5344:template <class _Tp> struct owner_less;
        -: 5345:
        -: 5346:template <class _Tp>
        -: 5347:struct _LIBCPP_TYPE_VIS_ONLY owner_less<shared_ptr<_Tp> >
        -: 5348:    : binary_function<shared_ptr<_Tp>, shared_ptr<_Tp>, bool>
        -: 5349:{
        -: 5350:    typedef bool result_type;
        -: 5351:    _LIBCPP_INLINE_VISIBILITY
        -: 5352:    bool operator()(shared_ptr<_Tp> const& __x, shared_ptr<_Tp> const& __y) const
        -: 5353:        {return __x.owner_before(__y);}
        -: 5354:    _LIBCPP_INLINE_VISIBILITY
        -: 5355:    bool operator()(shared_ptr<_Tp> const& __x,   weak_ptr<_Tp> const& __y) const
        -: 5356:        {return __x.owner_before(__y);}
        -: 5357:    _LIBCPP_INLINE_VISIBILITY
        -: 5358:    bool operator()(  weak_ptr<_Tp> const& __x, shared_ptr<_Tp> const& __y) const
        -: 5359:        {return __x.owner_before(__y);}
        -: 5360:};
        -: 5361:
        -: 5362:template <class _Tp>
        -: 5363:struct _LIBCPP_TYPE_VIS_ONLY owner_less<weak_ptr<_Tp> >
        -: 5364:    : binary_function<weak_ptr<_Tp>, weak_ptr<_Tp>, bool>
        -: 5365:{
        -: 5366:    typedef bool result_type;
        -: 5367:    _LIBCPP_INLINE_VISIBILITY
        -: 5368:    bool operator()(  weak_ptr<_Tp> const& __x,   weak_ptr<_Tp> const& __y) const
        -: 5369:        {return __x.owner_before(__y);}
        -: 5370:    _LIBCPP_INLINE_VISIBILITY
        -: 5371:    bool operator()(shared_ptr<_Tp> const& __x,   weak_ptr<_Tp> const& __y) const
        -: 5372:        {return __x.owner_before(__y);}
        -: 5373:    _LIBCPP_INLINE_VISIBILITY
        -: 5374:    bool operator()(  weak_ptr<_Tp> const& __x, shared_ptr<_Tp> const& __y) const
        -: 5375:        {return __x.owner_before(__y);}
        -: 5376:};
        -: 5377:
        -: 5378:template<class _Tp>
        -: 5379:class _LIBCPP_TYPE_VIS_ONLY enable_shared_from_this
        -: 5380:{
        -: 5381:    mutable weak_ptr<_Tp> __weak_this_;
        -: 5382:protected:
        -: 5383:    _LIBCPP_INLINE_VISIBILITY _LIBCPP_CONSTEXPR
        -: 5384:    enable_shared_from_this() _NOEXCEPT {}
        -: 5385:    _LIBCPP_INLINE_VISIBILITY
        -: 5386:    enable_shared_from_this(enable_shared_from_this const&) _NOEXCEPT {}
        -: 5387:    _LIBCPP_INLINE_VISIBILITY
        -: 5388:    enable_shared_from_this& operator=(enable_shared_from_this const&) _NOEXCEPT
        -: 5389:        {return *this;}
        -: 5390:    _LIBCPP_INLINE_VISIBILITY
        -: 5391:    ~enable_shared_from_this() {}
        -: 5392:public:
        -: 5393:    _LIBCPP_INLINE_VISIBILITY
        -: 5394:    shared_ptr<_Tp> shared_from_this()
        -: 5395:        {return shared_ptr<_Tp>(__weak_this_);}
        -: 5396:    _LIBCPP_INLINE_VISIBILITY
        -: 5397:    shared_ptr<_Tp const> shared_from_this() const
        -: 5398:        {return shared_ptr<const _Tp>(__weak_this_);}
        -: 5399:
        -: 5400:    template <class _Up> friend class shared_ptr;
        -: 5401:};
        -: 5402:
        -: 5403:template <class _Tp>
        -: 5404:struct _LIBCPP_TYPE_VIS_ONLY hash<shared_ptr<_Tp> >
        -: 5405:{
        -: 5406:    typedef shared_ptr<_Tp>      argument_type;
        -: 5407:    typedef size_t               result_type;
        -: 5408:    _LIBCPP_INLINE_VISIBILITY
        -: 5409:    result_type operator()(const argument_type& __ptr) const _NOEXCEPT
        -: 5410:    {
        -: 5411:        return hash<_Tp*>()(__ptr.get());
        -: 5412:    }
        -: 5413:};
        -: 5414:
        -: 5415:template<class _CharT, class _Traits, class _Yp>
        -: 5416:inline _LIBCPP_INLINE_VISIBILITY
        -: 5417:basic_ostream<_CharT, _Traits>&
        -: 5418:operator<<(basic_ostream<_CharT, _Traits>& __os, shared_ptr<_Yp> const& __p);
        -: 5419:
        -: 5420:#if __has_feature(cxx_atomic) && !defined(_LIBCPP_HAS_NO_THREADS)
        -: 5421:
        -: 5422:class _LIBCPP_TYPE_VIS __sp_mut
        -: 5423:{
        -: 5424:    void* __lx;
        -: 5425:public:
        -: 5426:    void lock() _NOEXCEPT;
        -: 5427:    void unlock() _NOEXCEPT;
        -: 5428:
        -: 5429:private:
        -: 5430:    _LIBCPP_CONSTEXPR __sp_mut(void*) _NOEXCEPT;
        -: 5431:    __sp_mut(const __sp_mut&);
        -: 5432:    __sp_mut& operator=(const __sp_mut&);
        -: 5433:
        -: 5434:    friend _LIBCPP_FUNC_VIS __sp_mut& __get_sp_mut(const void*);
        -: 5435:};
        -: 5436:
        -: 5437:_LIBCPP_FUNC_VIS _LIBCPP_AVAILABILITY_ATOMIC_SHARED_PTR
        -: 5438:__sp_mut& __get_sp_mut(const void*);
        -: 5439:
        -: 5440:template <class _Tp>
        -: 5441:inline _LIBCPP_INLINE_VISIBILITY
        -: 5442:bool
        -: 5443:atomic_is_lock_free(const shared_ptr<_Tp>*)
        -: 5444:{
        -: 5445:    return false;
        -: 5446:}
        -: 5447:
        -: 5448:template <class _Tp>
        -: 5449:_LIBCPP_AVAILABILITY_ATOMIC_SHARED_PTR
        -: 5450:shared_ptr<_Tp>
        -: 5451:atomic_load(const shared_ptr<_Tp>* __p)
        -: 5452:{
        -: 5453:    __sp_mut& __m = __get_sp_mut(__p);
        -: 5454:    __m.lock();
        -: 5455:    shared_ptr<_Tp> __q = *__p;
        -: 5456:    __m.unlock();
        -: 5457:    return __q;
        -: 5458:}
        -: 5459:  
        -: 5460:template <class _Tp>
        -: 5461:inline _LIBCPP_INLINE_VISIBILITY
        -: 5462:_LIBCPP_AVAILABILITY_ATOMIC_SHARED_PTR
        -: 5463:shared_ptr<_Tp>
        -: 5464:atomic_load_explicit(const shared_ptr<_Tp>* __p, memory_order)
        -: 5465:{
        -: 5466:    return atomic_load(__p);
        -: 5467:}
        -: 5468:
        -: 5469:template <class _Tp>
        -: 5470:_LIBCPP_AVAILABILITY_ATOMIC_SHARED_PTR
        -: 5471:void
        -: 5472:atomic_store(shared_ptr<_Tp>* __p, shared_ptr<_Tp> __r)
        -: 5473:{
        -: 5474:    __sp_mut& __m = __get_sp_mut(__p);
        -: 5475:    __m.lock();
        -: 5476:    __p->swap(__r);
        -: 5477:    __m.unlock();
        -: 5478:}
        -: 5479:
        -: 5480:template <class _Tp>
        -: 5481:inline _LIBCPP_INLINE_VISIBILITY
        -: 5482:_LIBCPP_AVAILABILITY_ATOMIC_SHARED_PTR
        -: 5483:void
        -: 5484:atomic_store_explicit(shared_ptr<_Tp>* __p, shared_ptr<_Tp> __r, memory_order)
        -: 5485:{
        -: 5486:    atomic_store(__p, __r);
        -: 5487:}
        -: 5488:
        -: 5489:template <class _Tp>
        -: 5490:_LIBCPP_AVAILABILITY_ATOMIC_SHARED_PTR
        -: 5491:shared_ptr<_Tp>
        -: 5492:atomic_exchange(shared_ptr<_Tp>* __p, shared_ptr<_Tp> __r)
        -: 5493:{
        -: 5494:    __sp_mut& __m = __get_sp_mut(__p);
        -: 5495:    __m.lock();
        -: 5496:    __p->swap(__r);
        -: 5497:    __m.unlock();
        -: 5498:    return __r;
        -: 5499:}
        -: 5500:  
        -: 5501:template <class _Tp>
        -: 5502:inline _LIBCPP_INLINE_VISIBILITY
        -: 5503:_LIBCPP_AVAILABILITY_ATOMIC_SHARED_PTR
        -: 5504:shared_ptr<_Tp>
        -: 5505:atomic_exchange_explicit(shared_ptr<_Tp>* __p, shared_ptr<_Tp> __r, memory_order)
        -: 5506:{
        -: 5507:    return atomic_exchange(__p, __r);
        -: 5508:}
        -: 5509:
        -: 5510:template <class _Tp>
        -: 5511:_LIBCPP_AVAILABILITY_ATOMIC_SHARED_PTR
        -: 5512:bool
        -: 5513:atomic_compare_exchange_strong(shared_ptr<_Tp>* __p, shared_ptr<_Tp>* __v, shared_ptr<_Tp> __w)
        -: 5514:{
        -: 5515:    __sp_mut& __m = __get_sp_mut(__p);
        -: 5516:    __m.lock();
        -: 5517:    if (__p->__owner_equivalent(*__v))
        -: 5518:    {
        -: 5519:        *__p = __w;
        -: 5520:        __m.unlock();
        -: 5521:        return true;
        -: 5522:    }
        -: 5523:    *__v = *__p;
        -: 5524:    __m.unlock();
        -: 5525:    return false;
        -: 5526:}
        -: 5527:
        -: 5528:template <class _Tp>
        -: 5529:inline _LIBCPP_INLINE_VISIBILITY
        -: 5530:_LIBCPP_AVAILABILITY_ATOMIC_SHARED_PTR
        -: 5531:bool
        -: 5532:atomic_compare_exchange_weak(shared_ptr<_Tp>* __p, shared_ptr<_Tp>* __v, shared_ptr<_Tp> __w)
        -: 5533:{
        -: 5534:    return atomic_compare_exchange_strong(__p, __v, __w);
        -: 5535:}
        -: 5536:
        -: 5537:template <class _Tp>
        -: 5538:inline _LIBCPP_INLINE_VISIBILITY
        -: 5539:_LIBCPP_AVAILABILITY_ATOMIC_SHARED_PTR
        -: 5540:bool
        -: 5541:atomic_compare_exchange_strong_explicit(shared_ptr<_Tp>* __p, shared_ptr<_Tp>* __v,
        -: 5542:                                        shared_ptr<_Tp> __w, memory_order, memory_order)
        -: 5543:{
        -: 5544:    return atomic_compare_exchange_strong(__p, __v, __w);
        -: 5545:}
        -: 5546:
        -: 5547:template <class _Tp>
        -: 5548:inline _LIBCPP_INLINE_VISIBILITY
        -: 5549:_LIBCPP_AVAILABILITY_ATOMIC_SHARED_PTR
        -: 5550:bool
        -: 5551:atomic_compare_exchange_weak_explicit(shared_ptr<_Tp>* __p, shared_ptr<_Tp>* __v,
        -: 5552:                                      shared_ptr<_Tp> __w, memory_order, memory_order)
        -: 5553:{
        -: 5554:    return atomic_compare_exchange_weak(__p, __v, __w);
        -: 5555:}
        -: 5556:
        -: 5557:#endif  // __has_feature(cxx_atomic) && !defined(_LIBCPP_HAS_NO_THREADS)
        -: 5558:
        -: 5559://enum class
        -: 5560:struct _LIBCPP_TYPE_VIS pointer_safety
        -: 5561:{
        -: 5562:    enum __lx
        -: 5563:    {
        -: 5564:        relaxed,
        -: 5565:        preferred,
        -: 5566:        strict
        -: 5567:    };
        -: 5568:
        -: 5569:    __lx __v_;
        -: 5570:
        -: 5571:    _LIBCPP_INLINE_VISIBILITY
        -: 5572:    pointer_safety(__lx __v) : __v_(__v) {}
        -: 5573:    _LIBCPP_INLINE_VISIBILITY
        -: 5574:    operator int() const {return __v_;}
        -: 5575:};
        -: 5576:
        -: 5577:_LIBCPP_FUNC_VIS void declare_reachable(void* __p);
        -: 5578:_LIBCPP_FUNC_VIS void declare_no_pointers(char* __p, size_t __n);
        -: 5579:_LIBCPP_FUNC_VIS void undeclare_no_pointers(char* __p, size_t __n);
        -: 5580:_LIBCPP_FUNC_VIS pointer_safety get_pointer_safety() _NOEXCEPT;
        -: 5581:_LIBCPP_FUNC_VIS void* __undeclare_reachable(void* __p);
        -: 5582:
        -: 5583:template <class _Tp>
        -: 5584:inline _LIBCPP_INLINE_VISIBILITY
        -: 5585:_Tp*
        -: 5586:undeclare_reachable(_Tp* __p)
        -: 5587:{
        -: 5588:    return static_cast<_Tp*>(__undeclare_reachable(__p));
        -: 5589:}
        -: 5590:
        -: 5591:_LIBCPP_FUNC_VIS void* align(size_t __align, size_t __sz, void*& __ptr, size_t& __space);
        -: 5592:
        -: 5593:// --- Helper for container swap --
        -: 5594:template <typename _Alloc>
        -: 5595:_LIBCPP_INLINE_VISIBILITY
        -: 5596:void __swap_allocator(_Alloc & __a1, _Alloc & __a2)
        -: 5597:#if _LIBCPP_STD_VER >= 14
        -: 5598:    _NOEXCEPT
        -: 5599:#else
        -: 5600:    _NOEXCEPT_(__is_nothrow_swappable<_Alloc>::value)
        -: 5601:#endif
        -: 5602:{
        -: 5603:    __swap_allocator(__a1, __a2, 
        -: 5604:      integral_constant<bool, _VSTD::allocator_traits<_Alloc>::propagate_on_container_swap::value>());
        -: 5605:}
        -: 5606:
        -: 5607:template <typename _Alloc>
        -: 5608:_LIBCPP_INLINE_VISIBILITY
        -: 5609:void __swap_allocator(_Alloc & __a1, _Alloc & __a2, true_type)
        -: 5610:#if _LIBCPP_STD_VER >= 14
        -: 5611:    _NOEXCEPT
        -: 5612:#else
        -: 5613:    _NOEXCEPT_(__is_nothrow_swappable<_Alloc>::value)
        -: 5614:#endif
        -: 5615:{
        -: 5616:    using _VSTD::swap;
        -: 5617:    swap(__a1, __a2);
        -: 5618:}
        -: 5619:
        -: 5620:template <typename _Alloc>
        -: 5621:_LIBCPP_INLINE_VISIBILITY
        -: 5622:void __swap_allocator(_Alloc &, _Alloc &, false_type) _NOEXCEPT {}
        -: 5623:
        -: 5624:
        -: 5625:_LIBCPP_END_NAMESPACE_STD
        -: 5626:
        -: 5627:#endif  // _LIBCPP_MEMORY
