        -:    0:Source:/Users/wjp/Desktop/workspace/libasync/libasync/tests/SystemIntegrationTOT.cc
        -:    0:Graph:/Users/wjp/Desktop/workspace/libasync/libasync/build/tests/CMakeFiles/tests.dir/SystemIntegrationTOT.cc.gcno
        -:    0:Data:-
        -:    0:Runs:0
        -:    0:Programs:0
        -:    1:#include "gtest/gtest.h"
        -:    2:#include "Common.h"
        -:    3:#include "Utils.h"
        -:    4:
        -:    5:using namespace wjp;
        -:    6:class test_todo : public ::testing::Test {
        -:    7:protected:
    #####:    8:	test_todo() {
        -:    9:
    #####:   10:	}
    #####:   11:	virtual ~test_todo() {
        -:   12:
    #####:   13:	}
        -:   14:	virtual void SetUp() {
        -:   15:
        -:   16:
    #####:   17:	}
        -:   18:	virtual void TearDown() {
        -:   19:
    #####:   20:	}
        -:   21:};
        -:   22:
        -:   23:
        -:   24:// testcase: test_todo
        -:   25:// testname: ctor
    #####:   26:TEST_F(test_todo, ctor) {
    #####:   27:	int i = 1;
    #####:   28:	EXPECT_EQ(1, i);
    #####:   29:}
        -:   30:
        -:   31:// testcase: test_todo
        -:   32:// testname: then
    #####:   33:TEST_F(test_todo, then) {
    #####:   34:	int i = 1;
    #####:   35:	EXPECT_EQ(1, i);
    #####:   36:}
        -:   37:
        -:   38:// testcase: test_todo
        -:   39:// testname: operator_eq
    #####:   40:TEST_F(test_todo, operator_eq) {
    #####:   41:	int i = 1;
    #####:   42:	EXPECT_EQ(1, i);
    #####:   43:}
        -:   44:
